{
  "stats": {
    "suites": 21,
    "tests": 59,
    "passes": 57,
    "pending": 0,
    "failures": 2,
    "testsRegistered": 59,
    "passPercent": 96.61016949152543,
    "pendingPercent": 0,
    "other": 0,
    "hasOther": false,
    "skipped": 0,
    "hasSkipped": false,
    "start": "2024-07-03T18:10:31.277Z",
    "end": "2024-07-03T18:42:08.407Z",
    "duration": 1897130
  },
  "results": [
    {
      "uuid": "c55dad38-babb-4db2-970c-dd8dc93f9610",
      "title": "",
      "fullFile": "cypress\\e2e\\commentPostReviewSpec.cy.ts",
      "file": "cypress\\e2e\\commentPostReviewSpec.cy.ts",
      "beforeHooks": [],
      "afterHooks": [],
      "tests": [],
      "suites": [
        {
          "uuid": "59e09012-411c-489d-9a47-99cb50614340",
          "title": "add comment failed",
          "fullFile": "",
          "file": "",
          "beforeHooks": [],
          "afterHooks": [],
          "tests": [
            {
              "title": "tests add comment failed",
              "fullTitle": "add comment failed tests add comment failed",
              "timedOut": null,
              "duration": 37860,
              "state": "passed",
              "speed": "slow",
              "pass": true,
              "fail": false,
              "pending": false,
              "context": null,
              "code": "cy.visit(\"http://localhost:3000/post-reviews/29\");\ncy.wait(5000);\ncy.get(\"body > div:nth-of-type(1) div.relative > div > div\").click();\ncy.get(\"div.absolute > div > div:nth-of-type(1) > div\").click();\ncy.wait(5000);\ncy.get(\"#email\").click();\ncy.get(\"#email\").type(\"leminhtuong09122002@gmail.com\");\ncy.get(\"#password\").click();\ncy.get(\"#password\").type(\"Mtl@091202\");\ncy.get(\"div.justify-center div.flex-row > button\").click();\ncy.wait(10000);\ncy.get(\"div.mx-auto > div:nth-of-type(2) > div.space-x-2 svg\").click({\n    force: true,\n});\ncy.wait(5000);\nreturn;",
              "err": {},
              "uuid": "866f972c-c0b1-4e34-941a-a76849159a8e",
              "parentUUID": "59e09012-411c-489d-9a47-99cb50614340",
              "isHook": false,
              "skipped": false
            },
            {
              "title": "tests add comment successfully",
              "fullTitle": "add comment failed tests add comment successfully",
              "timedOut": null,
              "duration": 40306,
              "state": "passed",
              "speed": "slow",
              "pass": true,
              "fail": false,
              "pending": false,
              "context": null,
              "code": "cy.visit(\"http://localhost:3000/post-reviews/29\");\ncy.wait(5000);\ncy.get(\"body > div:nth-of-type(1) div.relative img\").click();\ncy.get(\"div.absolute > div > div:nth-of-type(1) > div\").click();\ncy.wait(5000);\ncy.get(\"#email\").click();\ncy.get(\"#email\").type(\"leminhtuong09122002@gmail.com\");\ncy.get(\"#password\").click();\ncy.get(\"#password\").type(\"Mtl@091202\");\ncy.get(\"div.justify-center div.flex-row > button\").click();\ncy.wait(10000);\ncy.get(\"[data-testid='comment-textarea']\").click();\ncy.get(\"[data-testid='comment-textarea']\").type(\"test comment\");\ncy.get(\"div.mx-auto > div:nth-of-type(2) > div.space-x-2 path\").click({\n    force: true,\n});\ncy.wait(5000);\nreturn;",
              "err": {},
              "uuid": "0eeaee15-63d8-4d2b-a01d-5dc697b0fdc1",
              "parentUUID": "59e09012-411c-489d-9a47-99cb50614340",
              "isHook": false,
              "skipped": false
            },
            {
              "title": "tests update comment failed",
              "fullTitle": "add comment failed tests update comment failed",
              "timedOut": null,
              "duration": 46832,
              "state": "passed",
              "speed": "slow",
              "pass": true,
              "fail": false,
              "pending": false,
              "context": null,
              "code": "cy.visit(\"http://localhost:3000/post-reviews/29\");\ncy.wait(5000);\ncy.get(\"body > div:nth-of-type(1) div.relative > div > div\").click();\ncy.get(\"div.absolute > div > div:nth-of-type(1) > div\").click();\ncy.wait(5000);\ncy.get(\"#email\").click();\ncy.get(\"#email\").type(\"leminhtuong09122002@gmail.com\");\ncy.get(\"#password\").click();\ncy.get(\"#password\").type(\"Mtl@091202\");\ncy.get(\"div.justify-center div.flex-row > button\").click();\ncy.wait(5000);\ncy.get(\"div.w-full > div:nth-of-type(1) div.flex > div > div.space-x-4\").click({ multiple: true });\ncy.get(\"div.px-4 div.w-full > div:nth-of-type(1) svg\").click({\n    force: true,\n});\ncy.wait(5000);\ncy.get(\"div.w-full > div:nth-of-type(1) [data-testid='update-comment-button']\").click();\ncy.get(\"[data-testid='update-comment-textarea']\").click();\ncy.get(\"[data-testid='update-comment-textarea']\").clear();\ncy.get(\"div.px-4 div.w-full > div:nth-of-type(1) svg\").click({\n    force: true,\n});\ncy.wait(5000);\ncy.get(\"div.w-full > div:nth-of-type(1) [data-testid='update-comment-button']\").click();\ncy.wait(5000);\nreturn;",
              "err": {},
              "uuid": "81a02835-a1c1-4f17-b5ac-ebc2e487a487",
              "parentUUID": "59e09012-411c-489d-9a47-99cb50614340",
              "isHook": false,
              "skipped": false
            },
            {
              "title": "tests update comment success",
              "fullTitle": "add comment failed tests update comment success",
              "timedOut": null,
              "duration": 48232,
              "state": "passed",
              "speed": "slow",
              "pass": true,
              "fail": false,
              "pending": false,
              "context": null,
              "code": "cy.visit(\"http://localhost:3000/post-reviews/29\");\ncy.wait(5000);\ncy.get(\"body > div:nth-of-type(1) div.relative img\").click();\ncy.get(\"div.absolute > div > div:nth-of-type(1) > div\").click();\ncy.wait(5000);\ncy.get(\"#email\").click();\ncy.get(\"#email\").type(\"leminhtuong09122002@gmail.com\");\ncy.get(\"#password\").click();\ncy.get(\"#password\").type(\"Mtl@091202\");\ncy.get(\"div.justify-center div.flex-row > button\").click();\ncy.wait(5000);\ncy.get(\"div.px-4 div.w-full > div:nth-of-type(1) svg\").click({\n    force: true,\n});\ncy.wait(5000);\ncy.get(\"div.w-full > div:nth-of-type(1) [data-testid='update-comment-button']\").click({ multiple: true });\ncy.get(\"[data-testid='update-comment-textarea']\").click();\ncy.get(\"[data-testid='update-comment-textarea']\").type(\"test comment updated\");\ncy.get(\"div.px-4 div.w-full > div:nth-of-type(1) svg\").click({\n    force: true,\n});\ncy.wait(5000);\ncy.get(\"div.w-full > div:nth-of-type(1) [data-testid='update-comment-button']\").click();\ncy.wait(5000);\nreturn;",
              "err": {},
              "uuid": "35166e39-f962-49c6-89d4-0d670007a84a",
              "parentUUID": "59e09012-411c-489d-9a47-99cb50614340",
              "isHook": false,
              "skipped": false
            },
            {
              "title": "tests delete comment",
              "fullTitle": "add comment failed tests delete comment",
              "timedOut": null,
              "duration": 42343,
              "state": "passed",
              "speed": "slow",
              "pass": true,
              "fail": false,
              "pending": false,
              "context": null,
              "code": "cy.visit(\"http://localhost:3000/post-reviews/29\");\ncy.wait(5000);\ncy.get(\"body > div:nth-of-type(1) div.relative > div > div\").click();\ncy.get(\"div.absolute > div > div:nth-of-type(1) > div\").click();\ncy.wait(5000);\ncy.get(\"div.flex-auto > div\").click();\ncy.get(\"#email\").click();\ncy.get(\"#email\").type(\"leminhtuong09122002@gmail.com\");\ncy.get(\"#password\").click();\ncy.get(\"#password\").type(\"Mtl@091202\");\ncy.get(\"div.justify-center div.flex-row > button\").click();\ncy.wait(5000);\ncy.get(\"div.px-4 div.w-full > div:nth-of-type(1) svg\").click({\n    force: true,\n});\ncy.wait(5000);\ncy.get(\"div.w-full > div:nth-of-type(1) [data-testid='remove-comment-button']\").click();\ncy.get(\"button.bg-red-600\").click();\ncy.wait(5000);\nreturn;",
              "err": {},
              "uuid": "61f70169-fa50-4888-93bc-9920d8b50391",
              "parentUUID": "59e09012-411c-489d-9a47-99cb50614340",
              "isHook": false,
              "skipped": false
            }
          ],
          "suites": [],
          "passes": [
            "866f972c-c0b1-4e34-941a-a76849159a8e",
            "0eeaee15-63d8-4d2b-a01d-5dc697b0fdc1",
            "81a02835-a1c1-4f17-b5ac-ebc2e487a487",
            "35166e39-f962-49c6-89d4-0d670007a84a",
            "61f70169-fa50-4888-93bc-9920d8b50391"
          ],
          "failures": [],
          "pending": [],
          "skipped": [],
          "duration": 215573,
          "root": false,
          "rootEmpty": false,
          "_timeout": 2000
        }
      ],
      "passes": [],
      "failures": [],
      "pending": [],
      "skipped": [],
      "duration": 0,
      "root": true,
      "rootEmpty": true,
      "_timeout": 2000
    },
    {
      "uuid": "5aa1b5fc-1ef4-46ba-b783-5c44600edf4f",
      "title": "",
      "fullFile": "cypress\\e2e\\createWishlistSpec.cy.ts",
      "file": "cypress\\e2e\\createWishlistSpec.cy.ts",
      "beforeHooks": [],
      "afterHooks": [],
      "tests": [],
      "suites": [
        {
          "uuid": "276f1279-a43c-4431-83e8-0187bb7aa9d5",
          "title": "add wishlist at home",
          "fullFile": "",
          "file": "",
          "beforeHooks": [],
          "afterHooks": [],
          "tests": [
            {
              "title": "tests add wishlist at home",
              "fullTitle": "add wishlist at home tests add wishlist at home",
              "timedOut": null,
              "duration": 44936,
              "state": "passed",
              "speed": "slow",
              "pass": true,
              "fail": false,
              "pending": false,
              "context": null,
              "code": "cy.visit(\"http://localhost:3000/\");\ncy.wait(5000);\ncy.get(\"div.fixed > div > div > div.flex-row svg\").click({ force: true });\ncy.wait(5000);\ncy.get(\"div.flex-row div.absolute > div > div:nth-of-type(1) > div\").click();\ncy.wait(5000);\ncy.get(\"#email\").click();\ncy.get(\"#email\").type(\"leminhtuong09122002@gmail.com\");\ncy.get(\"#password\").click();\ncy.get(\"#password\").type(\"Mtl@091202\");\ncy.get(\"div.justify-center div.flex-row > button\").click();\ncy.wait(5000);\ncy.get(\"div:nth-of-type(5) svg.fill-white\").click({ force: true });\ncy.wait(5000);\ncy.get(\"div.justify-center > div > div > div > div.flex-col button\").click();\ncy.wait(5000);\ncy.get(\"#title\").click();\ncy.get(\"#title\").type(\"new test wishlist\");\ncy.get(\"div.justify-center button.bg-rose-500\").click();\ncy.wait(5000);\nreturn;",
              "err": {},
              "uuid": "a275e174-c8fc-4583-bf81-350a105e031a",
              "parentUUID": "276f1279-a43c-4431-83e8-0187bb7aa9d5",
              "isHook": false,
              "skipped": false
            },
            {
              "title": "tests add wishlist at page",
              "fullTitle": "add wishlist at home tests add wishlist at page",
              "timedOut": null,
              "duration": 53463,
              "state": "passed",
              "speed": "slow",
              "pass": true,
              "fail": false,
              "pending": false,
              "context": null,
              "code": "cy.visit(\"http://localhost:3000/\");\ncy.wait(5000);\ncy.get(\"div.fixed > div > div > div.flex-row svg\").click();\ncy.get(\"div.flex-row div.absolute > div > div:nth-of-type(1) > div\").click();\ncy.wait(5000);\ncy.get(\"#email\").click();\ncy.get(\"#email\").type(\"leminhtuong09122002@gmail.com\");\ncy.get(\"#password\").click();\ncy.get(\"#password\").type(\"Mtl@091202\");\ncy.get(\"div.justify-center div.flex-row > button\").click();\ncy.wait(5000);\ncy.visit(\"http://localhost:3000/favorites\");\ncy.wait(5000);\ncy.get(\"div.pb-20 button\").click();\ncy.get(\"#title\").click();\ncy.get(\"#title\").type(\"new test wishlist (1)\");\ncy.get(\"div.justify-center button.bg-rose-500\").click();\ncy.wait(5000);\nreturn;",
              "err": {},
              "uuid": "d1ae0175-b61b-40f2-a32c-a661af306b2c",
              "parentUUID": "276f1279-a43c-4431-83e8-0187bb7aa9d5",
              "isHook": false,
              "skipped": false
            }
          ],
          "suites": [],
          "passes": [
            "a275e174-c8fc-4583-bf81-350a105e031a",
            "d1ae0175-b61b-40f2-a32c-a661af306b2c"
          ],
          "failures": [],
          "pending": [],
          "skipped": [],
          "duration": 98399,
          "root": false,
          "rootEmpty": false,
          "_timeout": 2000
        }
      ],
      "passes": [],
      "failures": [],
      "pending": [],
      "skipped": [],
      "duration": 0,
      "root": true,
      "rootEmpty": true,
      "_timeout": 2000
    },
    {
      "uuid": "c883cf00-7490-43af-b7dc-321f7e241655",
      "title": "",
      "fullFile": "cypress\\e2e\\likePostReviewSpec.cy.ts",
      "file": "cypress\\e2e\\likePostReviewSpec.cy.ts",
      "beforeHooks": [],
      "afterHooks": [],
      "tests": [],
      "suites": [
        {
          "uuid": "7e05fe63-9188-48a9-b6db-0427a5aa96f9",
          "title": "like post",
          "fullFile": "",
          "file": "",
          "beforeHooks": [],
          "afterHooks": [],
          "tests": [
            {
              "title": "tests like post",
              "fullTitle": "like post tests like post",
              "timedOut": null,
              "duration": 25952,
              "state": "passed",
              "speed": "slow",
              "pass": true,
              "fail": false,
              "pending": false,
              "context": null,
              "code": "cy.visit(\"http://localhost:3000/post-reviews/29\");\ncy.wait(5000);\ncy.get(\"body > div:nth-of-type(1) div.relative img\").click();\ncy.get(\"div.absolute > div > div:nth-of-type(1) > div\").click();\ncy.get(\"#email\").click();\ncy.get(\"#email\").type(\"leminhtuong09122002@gmail.com\");\ncy.get(\"#password\").click();\ncy.get(\"#password\").type(\"Mtl@091202\");\ncy.get(\"div.justify-center div.flex-row > button\").click();\ncy.wait(5000);\ncy.get(\"[data-testid='like-button'] > span\").click();\nreturn;",
              "err": {},
              "uuid": "f69a8442-e12e-4d08-b4ab-b30854c6c10b",
              "parentUUID": "7e05fe63-9188-48a9-b6db-0427a5aa96f9",
              "isHook": false,
              "skipped": false
            }
          ],
          "suites": [],
          "passes": [
            "f69a8442-e12e-4d08-b4ab-b30854c6c10b"
          ],
          "failures": [],
          "pending": [],
          "skipped": [],
          "duration": 25952,
          "root": false,
          "rootEmpty": false,
          "_timeout": 2000
        }
      ],
      "passes": [],
      "failures": [],
      "pending": [],
      "skipped": [],
      "duration": 0,
      "root": true,
      "rootEmpty": true,
      "_timeout": 2000
    },
    {
      "uuid": "eae38cef-1909-486d-ac0f-7a7372edae1c",
      "title": "",
      "fullFile": "cypress\\e2e\\loginSpec.cy.ts",
      "file": "cypress\\e2e\\loginSpec.cy.ts",
      "beforeHooks": [],
      "afterHooks": [],
      "tests": [],
      "suites": [
        {
          "uuid": "f3f6f886-3160-4ad7-8f95-6cd94303d43f",
          "title": "Login Modal Test",
          "fullFile": "",
          "file": "",
          "beforeHooks": [],
          "afterHooks": [],
          "tests": [
            {
              "title": "Fills inputs, and submits",
              "fullTitle": "Login Modal Test Fills inputs, and submits",
              "timedOut": null,
              "duration": 14558,
              "state": "passed",
              "speed": "slow",
              "pass": true,
              "fail": false,
              "pending": false,
              "context": null,
              "code": "cy.get(\"input#email\").type(\"admin@gmail.com\");\ncy.get(\"input#password\").type(\"admin@123\");\ncy.contains(/tiếp tục|continue/i).click();\ncy.wait(3000);\ncy.get(\"body\").then(function ($body) {\n    if ($body.find(\".fixed.inset-0.z-40\").length > 0 ||\n        $body.find(\".Toastify\").length > 0) {\n        cy.log(\"Login failed: Modal still visible after 3 seconds\");\n    }\n});",
              "err": {},
              "uuid": "9eb0084e-a328-4899-bd75-0b70726e9577",
              "parentUUID": "f3f6f886-3160-4ad7-8f95-6cd94303d43f",
              "isHook": false,
              "skipped": false
            },
            {
              "title": "Shows error for empty email and password",
              "fullTitle": "Login Modal Test Shows error for empty email and password",
              "timedOut": null,
              "duration": 9452,
              "state": "passed",
              "speed": "medium",
              "pass": true,
              "fail": false,
              "pending": false,
              "context": null,
              "code": "cy.contains(/tiếp tục|continue/i).click();\ncy.contains(/e-mail là bắt buộc|e-mail is required/i).should(\"be.visible\");\ncy.contains(/mật khẩu là bắt buộc|password is required/i).should(\"be.visible\");",
              "err": {},
              "uuid": "5746f35a-b7f7-43c8-8f9e-742338539a7f",
              "parentUUID": "f3f6f886-3160-4ad7-8f95-6cd94303d43f",
              "isHook": false,
              "skipped": false
            },
            {
              "title": "Shows error for invalid email format",
              "fullTitle": "Login Modal Test Shows error for invalid email format",
              "timedOut": null,
              "duration": 9566,
              "state": "passed",
              "speed": "medium",
              "pass": true,
              "fail": false,
              "pending": false,
              "context": null,
              "code": "cy.get(\"input#email\").type(\"invalid-email\");\ncy.get(\"input#password\").type(\"validpassword\");\ncy.contains(/tiếp tục|continue/i).click();\ncy.contains(/e-mail không hợp lệ|e-mail is invalid/i).should(\"be.visible\");",
              "err": {},
              "uuid": "78960765-3caa-45ba-a0ef-48248bd01962",
              "parentUUID": "f3f6f886-3160-4ad7-8f95-6cd94303d43f",
              "isHook": false,
              "skipped": false
            },
            {
              "title": "Shows error for short password",
              "fullTitle": "Login Modal Test Shows error for short password",
              "timedOut": null,
              "duration": 9940,
              "state": "passed",
              "speed": "medium",
              "pass": true,
              "fail": false,
              "pending": false,
              "context": null,
              "code": "cy.get(\"input#email\").type(\"validemail@gmail.com\");\ncy.get(\"input#password\").type(\"123\");\ncy.contains(/tiếp tục|continue/i).click();\ncy.contains(/mật khẩu phải có tối thiểu 6 ký tự/i).should(\"be.visible\");",
              "err": {},
              "uuid": "577bd94d-f813-4d16-9364-2f4abbc910bc",
              "parentUUID": "f3f6f886-3160-4ad7-8f95-6cd94303d43f",
              "isHook": false,
              "skipped": false
            },
            {
              "title": "Shows error for long password",
              "fullTitle": "Login Modal Test Shows error for long password",
              "timedOut": null,
              "duration": 19770,
              "state": "passed",
              "speed": "slow",
              "pass": true,
              "fail": false,
              "pending": false,
              "context": null,
              "code": "cy.get(\"input#email\").type(\"validemail@gmail.com\");\ncy.get(\"input#password\").type(\"123Mật khẩu phải có tối thiểu 6 ký tựMật khẩu phải có tối thiểu 6 ký tựMật khẩu phải có tối thiểu 6 ký tựMật khẩu phải có tối thiểu 6 ký tựMật khẩu phải có tối thiểu 6 ký tựMật khẩu phải có tối thiểu 6 ký tựMật khẩu phải có tối thiểu 6 ký tựMật khẩu phải có tối thiểu 6 ký tựMật khẩu phải có tối thiểu 6 ký tựMật khẩu phải có tối thiểu 6 ký tựMật khẩu phải có tối thiểu 6 ký tựMật khẩu phải có tối thiểu 6 ký tựMật khẩu phải có tối thiểu 6 ký tựMật khẩu phải có tối thiểu 6 ký tựMật khẩu phải có tối thiểu 6 ký tựMật khẩu phải có tối thiểu 6 ký tựMật khẩu phải có tối thiểu 6 ký tựMật khẩu phải có tối thiểu 6 ký tựMật khẩu phải có tối thiểu 6 ký tựMật khẩu phải có tối thiểu 6 ký tựMật khẩu phải có tối thiểu 6 ký tựMật khẩu phải có tối thiểu 6 ký tựMật khẩu phải có tối thiểu 6 ký tựMật khẩu phải có tối thiểu 6 ký tựMật khẩu phải có tối thiểu 6 ký tự\");\ncy.contains(/tiếp tục|continue/i).click();\ncy.contains(/mật khẩu chỉ có tối đa 256 ký tự|password with a maximum of 256 characters/i).should(\"be.visible\");",
              "err": {},
              "uuid": "be10b90f-e82c-46ff-b406-1a21abb8200d",
              "parentUUID": "f3f6f886-3160-4ad7-8f95-6cd94303d43f",
              "isHook": false,
              "skipped": false
            },
            {
              "title": "Shows error for incorrect email or password",
              "fullTitle": "Login Modal Test Shows error for incorrect email or password",
              "timedOut": null,
              "duration": 13829,
              "state": "passed",
              "speed": "slow",
              "pass": true,
              "fail": false,
              "pending": false,
              "context": null,
              "code": "cy.get(\"input#email\").type(\"validemail@gmail.com\");\ncy.get(\"input#password\").type(\"wrongpassword\");\ncy.contains(/tiếp tục|continue/i).click();\ncy.wait(3000);\ncy.get(\"body\").then(function ($body) {\n    if ($body.find(\".fixed.inset-0.z-40\").length > 0 ||\n        $body.find(\".Toastify\").length > 0) {\n        cy.log(\"Login failed: Modal still visible after 3 seconds\");\n    }\n});",
              "err": {},
              "uuid": "c04b4fc0-5455-4023-999f-c2dfa5871af8",
              "parentUUID": "f3f6f886-3160-4ad7-8f95-6cd94303d43f",
              "isHook": false,
              "skipped": false
            }
          ],
          "suites": [],
          "passes": [
            "9eb0084e-a328-4899-bd75-0b70726e9577",
            "5746f35a-b7f7-43c8-8f9e-742338539a7f",
            "78960765-3caa-45ba-a0ef-48248bd01962",
            "577bd94d-f813-4d16-9364-2f4abbc910bc",
            "be10b90f-e82c-46ff-b406-1a21abb8200d",
            "c04b4fc0-5455-4023-999f-c2dfa5871af8"
          ],
          "failures": [],
          "pending": [],
          "skipped": [],
          "duration": 77115,
          "root": false,
          "rootEmpty": false,
          "_timeout": 2000
        }
      ],
      "passes": [],
      "failures": [],
      "pending": [],
      "skipped": [],
      "duration": 0,
      "root": true,
      "rootEmpty": true,
      "_timeout": 2000
    },
    {
      "uuid": "8c9733bd-a0fb-4f1c-bf7c-d3ae276c414d",
      "title": "",
      "fullFile": "cypress\\e2e\\logoutSpec.cy.ts",
      "file": "cypress\\e2e\\logoutSpec.cy.ts",
      "beforeHooks": [],
      "afterHooks": [],
      "tests": [],
      "suites": [
        {
          "uuid": "0439e235-9b5a-4a52-9e68-eff107c94c59",
          "title": "logout",
          "fullFile": "",
          "file": "",
          "beforeHooks": [],
          "afterHooks": [],
          "tests": [
            {
              "title": "tests logout",
              "fullTitle": "logout tests logout",
              "timedOut": null,
              "duration": 20090,
              "state": "passed",
              "speed": "slow",
              "pass": true,
              "fail": false,
              "pending": false,
              "context": null,
              "code": "cy.visit(\"http://localhost:3000/\");\ncy.wait(5000);\ncy.get(\"div.fixed > div > div > div.flex-row path\").click();\ncy.get(\"div.flex-row div.absolute > div > div:nth-of-type(1) > div\").click();\ncy.get(\"#email\").click();\ncy.get(\"#email\").type(\"leminhtuong09122002@gmail.com\");\ncy.get(\"#password\").click();\ncy.get(\"#password\").type(\"Mtl@091202\");\ncy.get(\"div.justify-center div.flex-row > button\").click();\ncy.wait(5000);\ncy.get(\"div.fixed > div > div > div.flex-row svg\").click({\n    force: true,\n});\ncy.get(\"div.hover\\\\:bg-neutral-100 > div\").click();\ncy.get(\"button.bg-red-600\").click();\nreturn;",
              "err": {},
              "uuid": "99f5b664-faf3-4833-9d38-7df851379c55",
              "parentUUID": "0439e235-9b5a-4a52-9e68-eff107c94c59",
              "isHook": false,
              "skipped": false
            }
          ],
          "suites": [],
          "passes": [
            "99f5b664-faf3-4833-9d38-7df851379c55"
          ],
          "failures": [],
          "pending": [],
          "skipped": [],
          "duration": 20090,
          "root": false,
          "rootEmpty": false,
          "_timeout": 2000
        }
      ],
      "passes": [],
      "failures": [],
      "pending": [],
      "skipped": [],
      "duration": 0,
      "root": true,
      "rootEmpty": true,
      "_timeout": 2000
    },
    {
      "uuid": "29b01813-7c37-47ac-9b0f-1b605248b8a9",
      "title": "",
      "fullFile": "cypress\\e2e\\registerSpec.cy.ts",
      "file": "cypress\\e2e\\registerSpec.cy.ts",
      "beforeHooks": [],
      "afterHooks": [],
      "tests": [],
      "suites": [
        {
          "uuid": "d4b707eb-6e18-4f57-8fbc-bd87bbd4bd7f",
          "title": "Register Modal Test",
          "fullFile": "",
          "file": "",
          "beforeHooks": [],
          "afterHooks": [],
          "tests": [
            {
              "title": "Creates an account successfully and shows success toast, then closes the modal",
              "fullTitle": "Register Modal Test Creates an account successfully and shows success toast, then closes the modal",
              "timedOut": null,
              "duration": 17887,
              "state": "failed",
              "speed": null,
              "pass": false,
              "fail": true,
              "pending": false,
              "context": null,
              "code": "cy.get(\"input#email\").type(\"lmtnewuser@gmail.com\");\ncy.get(\"input#password\").type(\"validpassword123\");\ncy.get(\"input#confirmPassword\").type(\"validpassword123\");\ncy.contains(/tiếp tục|continue/i).click();\ncy.wait(3000);\ncy.get(\".Toastify__toast--success\").should(\"be.visible\");\ncy.get(\".fixed.inset-0.z-40\").should(\"exist\");",
              "err": {
                "message": "AssertionError: Timed out retrying after 4000ms: Expected to find element: `.Toastify__toast--success`, but never found it.",
                "estack": "AssertionError: Timed out retrying after 4000ms: Expected to find element: `.Toastify__toast--success`, but never found it.\n    at Context.eval (webpack://paradise-booking-app/./cypress/e2e/registerSpec.cy.ts:15:0)",
                "diff": null
              },
              "uuid": "1e6541b4-4404-4707-9750-c8d762fd8b0c",
              "parentUUID": "d4b707eb-6e18-4f57-8fbc-bd87bbd4bd7f",
              "isHook": false,
              "skipped": false
            },
            {
              "title": "Shows error for empty email, password and confirmPassword",
              "fullTitle": "Register Modal Test Shows error for empty email, password and confirmPassword",
              "timedOut": null,
              "duration": 10147,
              "state": "passed",
              "speed": "slow",
              "pass": true,
              "fail": false,
              "pending": false,
              "context": null,
              "code": "cy.contains(/tiếp tục|continue/i).click();\ncy.contains(/e-mail là bắt buộc|e-mail is required/i).should(\"be.visible\");\ncy.contains(/mật khẩu là bắt buộc|password is required/i).should(\"be.visible\");\ncy.contains(/xác thực mật khẩu là bắt buộc|confirm password is required/i).should(\"be.visible\");",
              "err": {},
              "uuid": "352fb266-adde-4b4c-9c99-d48d0a82fbcf",
              "parentUUID": "d4b707eb-6e18-4f57-8fbc-bd87bbd4bd7f",
              "isHook": false,
              "skipped": false
            },
            {
              "title": "Shows error for invalid email format",
              "fullTitle": "Register Modal Test Shows error for invalid email format",
              "timedOut": null,
              "duration": 10008,
              "state": "passed",
              "speed": "slow",
              "pass": true,
              "fail": false,
              "pending": false,
              "context": null,
              "code": "cy.get(\"input#email\").type(\"invalid-email\");\ncy.get(\"input#password\").type(\"validpassword\");\ncy.get(\"input#confirmPassword\").type(\"validpassword\");\ncy.contains(/tiếp tục|continue/i).click();\ncy.contains(/e-mail không hợp lệ|invalid email/i).should(\"be.visible\");",
              "err": {},
              "uuid": "c13f658f-8edf-4b33-9ace-edb1971116bb",
              "parentUUID": "d4b707eb-6e18-4f57-8fbc-bd87bbd4bd7f",
              "isHook": false,
              "skipped": false
            },
            {
              "title": "Shows error for short password",
              "fullTitle": "Register Modal Test Shows error for short password",
              "timedOut": null,
              "duration": 9091,
              "state": "passed",
              "speed": "medium",
              "pass": true,
              "fail": false,
              "pending": false,
              "context": null,
              "code": "cy.get(\"input#email\").type(\"validemail@gmail.com\");\ncy.get(\"input#password\").type(\"123\");\ncy.get(\"input#confirmPassword\").type(\"123\");\ncy.contains(/tiếp tục|continue/i).click();\ncy.contains(/mật khẩu phải có tối thiểu 6 ký tự|password must be at least 6 characters/i).should(\"be.visible\");",
              "err": {},
              "uuid": "315563f2-046c-4b40-9a10-db9e8cd17430",
              "parentUUID": "d4b707eb-6e18-4f57-8fbc-bd87bbd4bd7f",
              "isHook": false,
              "skipped": false
            },
            {
              "title": "Shows error for long password",
              "fullTitle": "Register Modal Test Shows error for long password",
              "timedOut": null,
              "duration": 31253,
              "state": "passed",
              "speed": "slow",
              "pass": true,
              "fail": false,
              "pending": false,
              "context": null,
              "code": "cy.get(\"input#email\").type(\"validemail@gmail.com\");\ncy.get(\"input#password\").type(\"123Mật khẩu phải có tối thiểu 6 ký tựMật khẩu phải có tối thiểu 6 ký tựMật khẩu phải có tối thiểu 6 ký tựMật khẩu phải có tối thiểu 6 ký tựMật khẩu phải có tối thiểu 6 ký tựMật khẩu phải có tối thiểu 6 ký tựMật khẩu phải có tối thiểu 6 ký tựMật khẩu phải có tối thiểu 6 ký tựMật khẩu phải có tối thiểu 6 ký tựMật khẩu phải có tối thiểu 6 ký tựMật khẩu phải có tối thiểu 6 ký tựMật khẩu phải có tối thiểu 6 ký tựMật khẩu phải có tối thiểu 6 ký tựMật khẩu phải có tối thiểu 6 ký tựMật khẩu phải có tối thiểu 6 ký tựMật khẩu phải có tối thiểu 6 ký tựMật khẩu phải có tối thiểu 6 ký tựMật khẩu phải có tối thiểu 6 ký tựMật khẩu phải có tối thiểu 6 ký tựMật khẩu phải có tối thiểu 6 ký tựMật khẩu phải có tối thiểu 6 ký tự\");\ncy.get(\"input#confirmPassword\").type(\"123Mật khẩu phải có tối thiểu 6 ký tựMật khẩu phải có tối thiểu 6 ký tựMật khẩu phải có tối thiểu 6 ký tựMật khẩu phải có tối thiểu 6 ký tựMật khẩu phải có tối thiểu 6 ký tựMật khẩu phải có tối thiểu 6 ký tựMật khẩu phải có tối thiểu 6 ký tựMật khẩu phải có tối thiểu 6 ký tựMật khẩu phải có tối thiểu 6 ký tựMật khẩu phải có tối thiểu 6 ký tựMật khẩu phải có tối thiểu 6 ký tựMật khẩu phải có tối thiểu 6 ký tựMật khẩu phải có tối thiểu 6 ký tựMật khẩu phải có tối thiểu 6 ký tựMật khẩu phải có tối thiểu 6 ký tựMật khẩu phải có tối thiểu 6 ký tựMật khẩu phải có tối thiểu 6 ký tựMật khẩu phải có tối thiểu 6 ký tựMật khẩu phải có tối thiểu 6 ký tựMật khẩu phải có tối thiểu 6 ký tự\");\ncy.contains(/tiếp tục|continue/i).click();\ncy.contains(/mật khẩu chỉ có tối đa 256 ký tự|password must be less than 256 characters/i).should(\"be.visible\");",
              "err": {},
              "uuid": "ac91ab41-d989-4054-baca-6de4139b001e",
              "parentUUID": "d4b707eb-6e18-4f57-8fbc-bd87bbd4bd7f",
              "isHook": false,
              "skipped": false
            },
            {
              "title": "Shows error when passwords do not match",
              "fullTitle": "Register Modal Test Shows error when passwords do not match",
              "timedOut": null,
              "duration": 13405,
              "state": "passed",
              "speed": "slow",
              "pass": true,
              "fail": false,
              "pending": false,
              "context": null,
              "code": "cy.get(\"input#email\").type(\"validemail@gmail.com\");\ncy.get(\"input#password\").type(\"validpassword\");\ncy.get(\"input#confirmPassword\").type(\"differentpassword\");\ncy.contains(/tiếp tục|continue/i).click();\ncy.contains(/mật khẩu không khớp|passwords do not match/i).should(\"be.visible\");",
              "err": {},
              "uuid": "13fe19bb-c132-4716-afd0-fad6b2e41076",
              "parentUUID": "d4b707eb-6e18-4f57-8fbc-bd87bbd4bd7f",
              "isHook": false,
              "skipped": false
            },
            {
              "title": "Shows error for missing confirm password",
              "fullTitle": "Register Modal Test Shows error for missing confirm password",
              "timedOut": null,
              "duration": 12801,
              "state": "passed",
              "speed": "slow",
              "pass": true,
              "fail": false,
              "pending": false,
              "context": null,
              "code": "cy.get(\"input#email\").type(\"validemail@gmail.com\");\ncy.get(\"input#password\").type(\"validpassword\");\ncy.contains(/tiếp tục|continue/i).click();\ncy.contains(/xác thực mật khẩu là bắt buộc|confirm password is required/i).should(\"be.visible\");",
              "err": {},
              "uuid": "8fb731cf-d27e-4267-8408-138a6fa1621b",
              "parentUUID": "d4b707eb-6e18-4f57-8fbc-bd87bbd4bd7f",
              "isHook": false,
              "skipped": false
            },
            {
              "title": "Register with existed email",
              "fullTitle": "Register Modal Test Register with existed email",
              "timedOut": null,
              "duration": 14636,
              "state": "passed",
              "speed": "slow",
              "pass": true,
              "fail": false,
              "pending": false,
              "context": null,
              "code": "cy.get(\"input#email\").type(\"newuser@gmail.com\");\ncy.get(\"input#password\").type(\"123123\");\ncy.get(\"input#confirmPassword\").type(\"123123\");\ncy.contains(/tiếp tục|continue/i).click();\ncy.get(\".Toastify__toast--error\").should(\"be.visible\");",
              "err": {},
              "uuid": "4ce2ce9e-e07b-4a6c-9b4f-cc7065e61b23",
              "parentUUID": "d4b707eb-6e18-4f57-8fbc-bd87bbd4bd7f",
              "isHook": false,
              "skipped": false
            }
          ],
          "suites": [],
          "passes": [
            "352fb266-adde-4b4c-9c99-d48d0a82fbcf",
            "c13f658f-8edf-4b33-9ace-edb1971116bb",
            "315563f2-046c-4b40-9a10-db9e8cd17430",
            "ac91ab41-d989-4054-baca-6de4139b001e",
            "13fe19bb-c132-4716-afd0-fad6b2e41076",
            "8fb731cf-d27e-4267-8408-138a6fa1621b",
            "4ce2ce9e-e07b-4a6c-9b4f-cc7065e61b23"
          ],
          "failures": [
            "1e6541b4-4404-4707-9750-c8d762fd8b0c"
          ],
          "pending": [],
          "skipped": [],
          "duration": 119228,
          "root": false,
          "rootEmpty": false,
          "_timeout": 2000
        }
      ],
      "passes": [],
      "failures": [],
      "pending": [],
      "skipped": [],
      "duration": 0,
      "root": true,
      "rootEmpty": true,
      "_timeout": 2000
    },
    {
      "uuid": "84427e17-eacc-4078-990b-14ad0c8df9a6",
      "title": "",
      "fullFile": "cypress\\e2e\\removeRoomFromWishlist.cy.ts",
      "file": "cypress\\e2e\\removeRoomFromWishlist.cy.ts",
      "beforeHooks": [],
      "afterHooks": [],
      "tests": [],
      "suites": [
        {
          "uuid": "a8b25fa4-077b-4bc6-98d2-8f14aded36ff",
          "title": "remove room in wishlist",
          "fullFile": "",
          "file": "",
          "beforeHooks": [],
          "afterHooks": [],
          "tests": [
            {
              "title": "tests remove room in wishlist",
              "fullTitle": "remove room in wishlist tests remove room in wishlist",
              "timedOut": null,
              "duration": 51869,
              "state": "failed",
              "speed": null,
              "pass": false,
              "fail": true,
              "pending": false,
              "context": null,
              "code": "cy.visit(\"http://localhost:3000/\");\ncy.wait(5000);\ncy.get(\"div.fixed > div > div > div.flex-row svg\").click({\n    multiple: true,\n});\ncy.get(\"div.flex-row div.absolute > div > div:nth-of-type(1) > div\").click();\ncy.wait(5000);\ncy.get(\"#email\").click();\ncy.get(\"#email\").type(\"leminhtuong09122002@gmail.com\");\ncy.get(\"#password\").click();\ncy.get(\"#password\").type(\"Mtl@091202\");\ncy.get(\"div.justify-center div.flex-row > button\").click();\ncy.wait(5000);\ncy.visit(\"http://localhost:3000/favorites\");\ncy.wait(5000);\ncy.get(\"div.grid > div:nth-of-type(1) img\").click();\ncy.wait(5000);\ncy.get(\"div.grid > div:nth-of-type(1) button\").click();\ncy.wait(5000);\ncy.get(\"button.bg-red-600\").click();\ncy.wait(5000);\nreturn;",
              "err": {
                "message": "AssertionError: Timed out retrying after 4000ms: Expected to find element: `div.grid > div:nth-of-type(1) button`, but never found it.",
                "estack": "AssertionError: Timed out retrying after 4000ms: Expected to find element: `div.grid > div:nth-of-type(1) button`, but never found it.\n    at Context.eval (webpack://paradise-booking-app/./cypress/e2e/removeRoomFromWishlist.cy.ts:21:0)",
                "diff": null
              },
              "uuid": "ebf9a13c-2884-44cc-bfee-0f4a1fd36696",
              "parentUUID": "a8b25fa4-077b-4bc6-98d2-8f14aded36ff",
              "isHook": false,
              "skipped": false
            }
          ],
          "suites": [],
          "passes": [],
          "failures": [
            "ebf9a13c-2884-44cc-bfee-0f4a1fd36696"
          ],
          "pending": [],
          "skipped": [],
          "duration": 51869,
          "root": false,
          "rootEmpty": false,
          "_timeout": 2000
        }
      ],
      "passes": [],
      "failures": [],
      "pending": [],
      "skipped": [],
      "duration": 0,
      "root": true,
      "rootEmpty": true,
      "_timeout": 2000
    },
    {
      "uuid": "7863de50-9f87-4b5e-9715-cd71d281b241",
      "title": "",
      "fullFile": "cypress\\e2e\\removeWishlistSpec.cy.ts",
      "file": "cypress\\e2e\\removeWishlistSpec.cy.ts",
      "beforeHooks": [],
      "afterHooks": [],
      "tests": [],
      "suites": [
        {
          "uuid": "7b0b509b-b57b-4cf3-a60d-a69df52aced4",
          "title": "remove wishlist at home",
          "fullFile": "",
          "file": "",
          "beforeHooks": [],
          "afterHooks": [],
          "tests": [
            {
              "title": "tests remove wishlist at home",
              "fullTitle": "remove wishlist at home tests remove wishlist at home",
              "timedOut": null,
              "duration": 38212,
              "state": "passed",
              "speed": "slow",
              "pass": true,
              "fail": false,
              "pending": false,
              "context": null,
              "code": "cy.visit(\"http://localhost:3000/\");\ncy.wait(5000);\ncy.get(\"div.fixed > div > div > div.flex-row path\").click();\ncy.wait(5000);\ncy.get(\"div.flex-row div.absolute > div > div:nth-of-type(1) > div\").click();\ncy.wait(5000);\ncy.get(\"#email\").click();\ncy.get(\"#email\").type(\"leminhtuong09122002@gmail.com\");\ncy.get(\"#password\").click();\ncy.get(\"#password\").type(\"Mtl@091202\");\ncy.get(\"div.justify-center div.flex-row > button\").click();\ncy.wait(5000);\ncy.get(\"div.mt-0 > div:nth-of-type(1) svg.fill-white\").click({\n    force: true,\n});\ncy.get(\"div.flex-auto > div > div:nth-of-type(1) svg.bg-rose-500 > path\").click({ force: true });\ncy.get(\"button.bg-red-600\").click();\ncy.wait(5000);\nreturn;",
              "err": {},
              "uuid": "6620125e-0365-4485-acdd-9b8af773cdca",
              "parentUUID": "7b0b509b-b57b-4cf3-a60d-a69df52aced4",
              "isHook": false,
              "skipped": false
            },
            {
              "title": "tests remove wishlist at page",
              "fullTitle": "remove wishlist at home tests remove wishlist at page",
              "timedOut": null,
              "duration": 44425,
              "state": "passed",
              "speed": "slow",
              "pass": true,
              "fail": false,
              "pending": false,
              "context": null,
              "code": "cy.visit(\"http://localhost:3000/\");\ncy.wait(5000);\ncy.get(\"div.fixed > div > div > div.flex-row path\").click();\ncy.get(\"div.flex-row div.absolute > div > div:nth-of-type(1) > div\").click();\ncy.wait(5000);\ncy.get(\"#email\").click();\ncy.get(\"#email\").type(\"leminhtuong09122002@gmail.com\");\ncy.get(\"#password\").click();\ncy.get(\"#password\").type(\"Mtl@091202\");\ncy.get(\"div.justify-center div.flex-row > button\").click();\ncy.wait(5000);\ncy.visit(\"http://localhost:3000/favorites\");\ncy.get(\"div.grid > div:nth-of-type(1) div.absolute > svg\").click();\ncy.wait(2000);\ncy.get(\"button.bg-red-600\").click();\ncy.wait(5000);\nreturn;",
              "err": {},
              "uuid": "e56515db-ebd5-403e-83a0-4ca93e8c9de7",
              "parentUUID": "7b0b509b-b57b-4cf3-a60d-a69df52aced4",
              "isHook": false,
              "skipped": false
            }
          ],
          "suites": [],
          "passes": [
            "6620125e-0365-4485-acdd-9b8af773cdca",
            "e56515db-ebd5-403e-83a0-4ca93e8c9de7"
          ],
          "failures": [],
          "pending": [],
          "skipped": [],
          "duration": 82637,
          "root": false,
          "rootEmpty": false,
          "_timeout": 2000
        }
      ],
      "passes": [],
      "failures": [],
      "pending": [],
      "skipped": [],
      "duration": 0,
      "root": true,
      "rootEmpty": true,
      "_timeout": 2000
    },
    {
      "uuid": "d4bd01ce-cee6-40fa-b916-675d8491aa66",
      "title": "",
      "fullFile": "cypress\\e2e\\sharePostGuiderSpec.cy.ts",
      "file": "cypress\\e2e\\sharePostGuiderSpec.cy.ts",
      "beforeHooks": [],
      "afterHooks": [],
      "tests": [],
      "suites": [
        {
          "uuid": "0233cacc-9a07-4b6f-8ca8-66bb4aecff2b",
          "title": "Share Post Guider Test",
          "fullFile": "",
          "file": "",
          "beforeHooks": [],
          "afterHooks": [],
          "tests": [
            {
              "title": "Copy Link successfully",
              "fullTitle": "Share Post Guider Test Copy Link successfully",
              "timedOut": null,
              "duration": 38145,
              "state": "passed",
              "speed": "slow",
              "pass": true,
              "fail": false,
              "pending": false,
              "context": null,
              "code": "cy.visit(\"http://localhost:3000/post-guiders/16\");\ncy.wait(5000);\ncy.get(\".flex.items-center.justify-between.cursor-pointer.relative\")\n    .first()\n    .click();\ncy.get(\".absolute.grid.grid-cols-2.space-x-4.px-6.py-5\").should(\"be.visible\");\ncy.contains(/sao chép liên kết/i).should(\"be.visible\");",
              "err": {},
              "uuid": "1bbfe2a9-f3cc-47c5-b977-43e0291bd578",
              "parentUUID": "0233cacc-9a07-4b6f-8ca8-66bb4aecff2b",
              "isHook": false,
              "skipped": false
            },
            {
              "title": "Share on Facebook successfully",
              "fullTitle": "Share Post Guider Test Share on Facebook successfully",
              "timedOut": null,
              "duration": 26953,
              "state": "passed",
              "speed": "slow",
              "pass": true,
              "fail": false,
              "pending": false,
              "context": null,
              "code": "cy.visit(\"http://localhost:3000/post-guiders/16\");\ncy.wait(5000);\ncy.get(\".flex.items-center.justify-between.cursor-pointer.relative\")\n    .first()\n    .click();\ncy.get(\".absolute.grid.grid-cols-2.space-x-4.px-6.py-5\").should(\"be.visible\");\ncy.contains(\"Facebook\").should(\"be.visible\");",
              "err": {},
              "uuid": "ad810d19-710f-44db-b5b8-46963da69e8d",
              "parentUUID": "0233cacc-9a07-4b6f-8ca8-66bb4aecff2b",
              "isHook": false,
              "skipped": false
            },
            {
              "title": "Share on Whatsapp successfully",
              "fullTitle": "Share Post Guider Test Share on Whatsapp successfully",
              "timedOut": null,
              "duration": 28773,
              "state": "passed",
              "speed": "slow",
              "pass": true,
              "fail": false,
              "pending": false,
              "context": null,
              "code": "cy.visit(\"http://localhost:3000/post-guiders/16\");\ncy.wait(5000);\ncy.get(\".flex.items-center.justify-between.cursor-pointer.relative\")\n    .first()\n    .click();\ncy.get(\".absolute.grid.grid-cols-2.space-x-4.px-6.py-5\").should(\"be.visible\");\ncy.contains(\"Whatsapp\").should(\"be.visible\");",
              "err": {},
              "uuid": "130a55d5-b989-436c-9c47-5f3df579cb4e",
              "parentUUID": "0233cacc-9a07-4b6f-8ca8-66bb4aecff2b",
              "isHook": false,
              "skipped": false
            },
            {
              "title": "Share on Twitter successfully",
              "fullTitle": "Share Post Guider Test Share on Twitter successfully",
              "timedOut": null,
              "duration": 28256,
              "state": "passed",
              "speed": "slow",
              "pass": true,
              "fail": false,
              "pending": false,
              "context": null,
              "code": "cy.visit(\"http://localhost:3000/post-guiders/16\");\ncy.wait(5000);\ncy.get(\".flex.items-center.justify-between.cursor-pointer.relative\")\n    .first()\n    .click();\ncy.get(\".absolute.grid.grid-cols-2.space-x-4.px-6.py-5\").should(\"be.visible\");\ncy.contains(\"Twitter\").should(\"be.visible\");",
              "err": {},
              "uuid": "e04cddb6-f764-4adf-a605-8f691496206c",
              "parentUUID": "0233cacc-9a07-4b6f-8ca8-66bb4aecff2b",
              "isHook": false,
              "skipped": false
            },
            {
              "title": "Share on Telegram successfully",
              "fullTitle": "Share Post Guider Test Share on Telegram successfully",
              "timedOut": null,
              "duration": 30024,
              "state": "passed",
              "speed": "slow",
              "pass": true,
              "fail": false,
              "pending": false,
              "context": null,
              "code": "cy.visit(\"http://localhost:3000/post-guiders/16\");\ncy.wait(5000);\ncy.get(\".flex.items-center.justify-between.cursor-pointer.relative\")\n    .first()\n    .click();\ncy.get(\".absolute.grid.grid-cols-2.space-x-4.px-6.py-5\").should(\"be.visible\");\ncy.contains(\"Telegram\").should(\"be.visible\");",
              "err": {},
              "uuid": "a83526e1-66be-4a37-b800-8ccc7bc44d27",
              "parentUUID": "0233cacc-9a07-4b6f-8ca8-66bb4aecff2b",
              "isHook": false,
              "skipped": false
            },
            {
              "title": "Share on Email successfully",
              "fullTitle": "Share Post Guider Test Share on Email successfully",
              "timedOut": null,
              "duration": 27111,
              "state": "passed",
              "speed": "slow",
              "pass": true,
              "fail": false,
              "pending": false,
              "context": null,
              "code": "cy.visit(\"http://localhost:3000/post-guiders/16\");\ncy.wait(5000);\ncy.get(\".flex.items-center.justify-between.cursor-pointer.relative\")\n    .first()\n    .click();\ncy.get(\".absolute.grid.grid-cols-2.space-x-4.px-6.py-5\").should(\"be.visible\");\ncy.contains(\"Email\").should(\"be.visible\");",
              "err": {},
              "uuid": "88360454-b3db-479e-a119-5b85c0f74e30",
              "parentUUID": "0233cacc-9a07-4b6f-8ca8-66bb4aecff2b",
              "isHook": false,
              "skipped": false
            }
          ],
          "suites": [],
          "passes": [
            "1bbfe2a9-f3cc-47c5-b977-43e0291bd578",
            "ad810d19-710f-44db-b5b8-46963da69e8d",
            "130a55d5-b989-436c-9c47-5f3df579cb4e",
            "e04cddb6-f764-4adf-a605-8f691496206c",
            "a83526e1-66be-4a37-b800-8ccc7bc44d27",
            "88360454-b3db-479e-a119-5b85c0f74e30"
          ],
          "failures": [],
          "pending": [],
          "skipped": [],
          "duration": 179262,
          "root": false,
          "rootEmpty": false,
          "_timeout": 2000
        }
      ],
      "passes": [],
      "failures": [],
      "pending": [],
      "skipped": [],
      "duration": 0,
      "root": true,
      "rootEmpty": true,
      "_timeout": 2000
    },
    {
      "uuid": "ed732e78-3c20-4743-919b-a854bf3b2c5c",
      "title": "",
      "fullFile": "cypress\\e2e\\sharePostReviewSpec.cy.ts",
      "file": "cypress\\e2e\\sharePostReviewSpec.cy.ts",
      "beforeHooks": [],
      "afterHooks": [],
      "tests": [],
      "suites": [
        {
          "uuid": "1158a9f9-7f3d-4d61-9187-6662d62e1309",
          "title": "Share Post Guider Test",
          "fullFile": "",
          "file": "",
          "beforeHooks": [],
          "afterHooks": [],
          "tests": [
            {
              "title": "Copy Link successfully",
              "fullTitle": "Share Post Guider Test Copy Link successfully",
              "timedOut": null,
              "duration": 29375,
              "state": "passed",
              "speed": "slow",
              "pass": true,
              "fail": false,
              "pending": false,
              "context": null,
              "code": "cy.visit(\"http://localhost:3000/post-reviews/29\");\ncy.wait(5000);\ncy.get(\".flex.items-center.justify-between.cursor-pointer.relative\")\n    .first()\n    .click();\ncy.get(\".absolute.grid.grid-cols-2.space-x-4.px-6.py-5\").should(\"be.visible\");\ncy.contains(/sao chép liên kết/i).should(\"be.visible\");",
              "err": {},
              "uuid": "1340b9f9-2864-4898-a7a5-74d5f3844f3a",
              "parentUUID": "1158a9f9-7f3d-4d61-9187-6662d62e1309",
              "isHook": false,
              "skipped": false
            },
            {
              "title": "Share on Facebook successfully",
              "fullTitle": "Share Post Guider Test Share on Facebook successfully",
              "timedOut": null,
              "duration": 26939,
              "state": "passed",
              "speed": "slow",
              "pass": true,
              "fail": false,
              "pending": false,
              "context": null,
              "code": "cy.visit(\"http://localhost:3000/post-reviews/29\");\ncy.wait(5000);\ncy.get(\".flex.items-center.justify-between.cursor-pointer.relative\")\n    .first()\n    .click();\ncy.get(\".absolute.grid.grid-cols-2.space-x-4.px-6.py-5\").should(\"be.visible\");\ncy.contains(\"Facebook\").should(\"be.visible\");",
              "err": {},
              "uuid": "cd37a9d3-1b6e-41ee-afb7-4f010c1b0f4d",
              "parentUUID": "1158a9f9-7f3d-4d61-9187-6662d62e1309",
              "isHook": false,
              "skipped": false
            },
            {
              "title": "Share on Whatsapp successfully",
              "fullTitle": "Share Post Guider Test Share on Whatsapp successfully",
              "timedOut": null,
              "duration": 28261,
              "state": "passed",
              "speed": "slow",
              "pass": true,
              "fail": false,
              "pending": false,
              "context": null,
              "code": "cy.visit(\"http://localhost:3000/post-reviews/29\");\ncy.wait(5000);\ncy.get(\".flex.items-center.justify-between.cursor-pointer.relative\")\n    .first()\n    .click();\ncy.get(\".absolute.grid.grid-cols-2.space-x-4.px-6.py-5\").should(\"be.visible\");\ncy.contains(\"Whatsapp\").should(\"be.visible\");",
              "err": {},
              "uuid": "741b51d7-c01c-4484-9305-619dc80cfbcf",
              "parentUUID": "1158a9f9-7f3d-4d61-9187-6662d62e1309",
              "isHook": false,
              "skipped": false
            },
            {
              "title": "Share on Twitter successfully",
              "fullTitle": "Share Post Guider Test Share on Twitter successfully",
              "timedOut": null,
              "duration": 27978,
              "state": "passed",
              "speed": "slow",
              "pass": true,
              "fail": false,
              "pending": false,
              "context": null,
              "code": "cy.visit(\"http://localhost:3000/post-reviews/29\");\ncy.wait(5000);\ncy.get(\".flex.items-center.justify-between.cursor-pointer.relative\")\n    .first()\n    .click();\ncy.get(\".absolute.grid.grid-cols-2.space-x-4.px-6.py-5\").should(\"be.visible\");\ncy.contains(\"Twitter\").should(\"be.visible\");",
              "err": {},
              "uuid": "8836ece5-a6d3-4fb7-a332-081d7c309502",
              "parentUUID": "1158a9f9-7f3d-4d61-9187-6662d62e1309",
              "isHook": false,
              "skipped": false
            },
            {
              "title": "Share on Telegram successfully",
              "fullTitle": "Share Post Guider Test Share on Telegram successfully",
              "timedOut": null,
              "duration": 27737,
              "state": "passed",
              "speed": "slow",
              "pass": true,
              "fail": false,
              "pending": false,
              "context": null,
              "code": "cy.visit(\"http://localhost:3000/post-reviews/29\");\ncy.wait(5000);\ncy.get(\".flex.items-center.justify-between.cursor-pointer.relative\")\n    .first()\n    .click();\ncy.get(\".absolute.grid.grid-cols-2.space-x-4.px-6.py-5\").should(\"be.visible\");\ncy.contains(\"Telegram\").should(\"be.visible\");",
              "err": {},
              "uuid": "1b619390-6bce-4ba0-b3a5-b8e9166bfe48",
              "parentUUID": "1158a9f9-7f3d-4d61-9187-6662d62e1309",
              "isHook": false,
              "skipped": false
            },
            {
              "title": "Share on Email successfully",
              "fullTitle": "Share Post Guider Test Share on Email successfully",
              "timedOut": null,
              "duration": 27826,
              "state": "passed",
              "speed": "slow",
              "pass": true,
              "fail": false,
              "pending": false,
              "context": null,
              "code": "cy.visit(\"http://localhost:3000/post-reviews/29\");\ncy.wait(5000);\ncy.get(\".flex.items-center.justify-between.cursor-pointer.relative\")\n    .first()\n    .click();\ncy.get(\".absolute.grid.grid-cols-2.space-x-4.px-6.py-5\").should(\"be.visible\");\ncy.contains(\"Email\").should(\"be.visible\");",
              "err": {},
              "uuid": "25832cef-cded-4f30-b4c4-d690a2bdfdd7",
              "parentUUID": "1158a9f9-7f3d-4d61-9187-6662d62e1309",
              "isHook": false,
              "skipped": false
            }
          ],
          "suites": [],
          "passes": [
            "1340b9f9-2864-4898-a7a5-74d5f3844f3a",
            "cd37a9d3-1b6e-41ee-afb7-4f010c1b0f4d",
            "741b51d7-c01c-4484-9305-619dc80cfbcf",
            "8836ece5-a6d3-4fb7-a332-081d7c309502",
            "1b619390-6bce-4ba0-b3a5-b8e9166bfe48",
            "25832cef-cded-4f30-b4c4-d690a2bdfdd7"
          ],
          "failures": [],
          "pending": [],
          "skipped": [],
          "duration": 168116,
          "root": false,
          "rootEmpty": false,
          "_timeout": 2000
        }
      ],
      "passes": [],
      "failures": [],
      "pending": [],
      "skipped": [],
      "duration": 0,
      "root": true,
      "rootEmpty": true,
      "_timeout": 2000
    },
    {
      "uuid": "cc3b11ef-e995-45dd-9fb8-3ebe67cb2e26",
      "title": "",
      "fullFile": "cypress\\e2e\\shareRoomSpec.cy.ts",
      "file": "cypress\\e2e\\shareRoomSpec.cy.ts",
      "beforeHooks": [],
      "afterHooks": [],
      "tests": [],
      "suites": [
        {
          "uuid": "3af84221-9f73-4c9a-9b18-2928917e7c76",
          "title": "Share Room Test",
          "fullFile": "",
          "file": "",
          "beforeHooks": [],
          "afterHooks": [],
          "tests": [
            {
              "title": "Copy Link successfully",
              "fullTitle": "Share Room Test Copy Link successfully",
              "timedOut": null,
              "duration": 28458,
              "state": "passed",
              "speed": "slow",
              "pass": true,
              "fail": false,
              "pending": false,
              "context": null,
              "code": "cy.visit(\"http://localhost:3000/listings/120\");\ncy.wait(5000);\ncy.get(\".flex.items-center.justify-between.cursor-pointer.relative\")\n    .first()\n    .click();\ncy.get(\".absolute.grid.grid-cols-2.space-x-4.px-6.py-5\").should(\"be.visible\");\ncy.contains(/sao chép liên kết/i).should(\"be.visible\");",
              "err": {},
              "uuid": "02280b3f-dad1-43c7-91c7-6492c703db8c",
              "parentUUID": "3af84221-9f73-4c9a-9b18-2928917e7c76",
              "isHook": false,
              "skipped": false
            },
            {
              "title": "Share on Facebook successfully",
              "fullTitle": "Share Room Test Share on Facebook successfully",
              "timedOut": null,
              "duration": 28079,
              "state": "passed",
              "speed": "slow",
              "pass": true,
              "fail": false,
              "pending": false,
              "context": null,
              "code": "cy.visit(\"http://localhost:3000/listings/120\");\ncy.wait(5000);\ncy.get(\".flex.items-center.justify-between.cursor-pointer.relative\")\n    .first()\n    .click();\ncy.get(\".absolute.grid.grid-cols-2.space-x-4.px-6.py-5\").should(\"be.visible\");\ncy.contains(\"Facebook\").should(\"be.visible\");",
              "err": {},
              "uuid": "a7b9eb1f-d2b6-49f3-9dd8-2b6d1ab3cd5a",
              "parentUUID": "3af84221-9f73-4c9a-9b18-2928917e7c76",
              "isHook": false,
              "skipped": false
            },
            {
              "title": "Share on Whatsapp successfully",
              "fullTitle": "Share Room Test Share on Whatsapp successfully",
              "timedOut": null,
              "duration": 28527,
              "state": "passed",
              "speed": "slow",
              "pass": true,
              "fail": false,
              "pending": false,
              "context": null,
              "code": "cy.visit(\"http://localhost:3000/listings/120\");\ncy.wait(5000);\ncy.get(\".flex.items-center.justify-between.cursor-pointer.relative\")\n    .first()\n    .click();\ncy.get(\".absolute.grid.grid-cols-2.space-x-4.px-6.py-5\").should(\"be.visible\");\ncy.contains(\"Whatsapp\").should(\"be.visible\");",
              "err": {},
              "uuid": "5328d1cf-2796-4559-a867-89f975ec1873",
              "parentUUID": "3af84221-9f73-4c9a-9b18-2928917e7c76",
              "isHook": false,
              "skipped": false
            },
            {
              "title": "Share on Twitter successfully",
              "fullTitle": "Share Room Test Share on Twitter successfully",
              "timedOut": null,
              "duration": 27879,
              "state": "passed",
              "speed": "slow",
              "pass": true,
              "fail": false,
              "pending": false,
              "context": null,
              "code": "cy.visit(\"http://localhost:3000/listings/120\");\ncy.wait(5000);\ncy.get(\".flex.items-center.justify-between.cursor-pointer.relative\")\n    .first()\n    .click();\ncy.get(\".absolute.grid.grid-cols-2.space-x-4.px-6.py-5\").should(\"be.visible\");\ncy.contains(\"Twitter\").should(\"be.visible\");",
              "err": {},
              "uuid": "28383ccf-f198-4a62-ab8a-eab4214d1f05",
              "parentUUID": "3af84221-9f73-4c9a-9b18-2928917e7c76",
              "isHook": false,
              "skipped": false
            },
            {
              "title": "Share on Telegram successfully",
              "fullTitle": "Share Room Test Share on Telegram successfully",
              "timedOut": null,
              "duration": 28289,
              "state": "passed",
              "speed": "slow",
              "pass": true,
              "fail": false,
              "pending": false,
              "context": null,
              "code": "cy.visit(\"http://localhost:3000/listings/120\");\ncy.wait(5000);\ncy.get(\".flex.items-center.justify-between.cursor-pointer.relative\")\n    .first()\n    .click();\ncy.get(\".absolute.grid.grid-cols-2.space-x-4.px-6.py-5\").should(\"be.visible\");\ncy.contains(\"Telegram\").should(\"be.visible\");",
              "err": {},
              "uuid": "2fe837f1-26f4-4049-8a11-340515732e06",
              "parentUUID": "3af84221-9f73-4c9a-9b18-2928917e7c76",
              "isHook": false,
              "skipped": false
            },
            {
              "title": "Share on Email successfully",
              "fullTitle": "Share Room Test Share on Email successfully",
              "timedOut": null,
              "duration": 28015,
              "state": "passed",
              "speed": "slow",
              "pass": true,
              "fail": false,
              "pending": false,
              "context": null,
              "code": "cy.visit(\"http://localhost:3000/listings/120\");\ncy.wait(5000);\ncy.get(\".flex.items-center.justify-between.cursor-pointer.relative\")\n    .first()\n    .click();\ncy.get(\".absolute.grid.grid-cols-2.space-x-4.px-6.py-5\").should(\"be.visible\");\ncy.contains(\"Email\").should(\"be.visible\");",
              "err": {},
              "uuid": "8536c2a9-aa74-40e4-b773-7fcfe83d557c",
              "parentUUID": "3af84221-9f73-4c9a-9b18-2928917e7c76",
              "isHook": false,
              "skipped": false
            }
          ],
          "suites": [],
          "passes": [
            "02280b3f-dad1-43c7-91c7-6492c703db8c",
            "a7b9eb1f-d2b6-49f3-9dd8-2b6d1ab3cd5a",
            "5328d1cf-2796-4559-a867-89f975ec1873",
            "28383ccf-f198-4a62-ab8a-eab4214d1f05",
            "2fe837f1-26f4-4049-8a11-340515732e06",
            "8536c2a9-aa74-40e4-b773-7fcfe83d557c"
          ],
          "failures": [],
          "pending": [],
          "skipped": [],
          "duration": 169247,
          "root": false,
          "rootEmpty": false,
          "_timeout": 2000
        }
      ],
      "passes": [],
      "failures": [],
      "pending": [],
      "skipped": [],
      "duration": 0,
      "root": true,
      "rootEmpty": true,
      "_timeout": 2000
    },
    {
      "uuid": "4eb1c7ef-583f-4269-8804-627add216ab9",
      "title": "",
      "fullFile": "cypress\\e2e\\statisticsGuiderSpec.cy.ts",
      "file": "cypress\\e2e\\statisticsGuiderSpec.cy.ts",
      "beforeHooks": [],
      "afterHooks": [],
      "tests": [],
      "suites": [
        {
          "uuid": "80996a01-3811-425c-9192-80aee3b76dac",
          "title": "statistics guider",
          "fullFile": "",
          "file": "",
          "beforeHooks": [],
          "afterHooks": [],
          "tests": [
            {
              "title": "tests statistics guider",
              "fullTitle": "statistics guider tests statistics guider",
              "timedOut": null,
              "duration": 44727,
              "state": "passed",
              "speed": "slow",
              "pass": true,
              "fail": false,
              "pending": false,
              "context": null,
              "code": "cy.visit(\"http://localhost:3000/\");\ncy.wait(5000);\ncy.get(\"div.flex-row > div.relative > div > div\").click();\ncy.get(\"div.flex-row div.absolute > div > div:nth-of-type(1) > div\").click();\ncy.get(\"#email\").click();\ncy.get(\"#email\").type(\"leminhtuong09122002@gmail.com\");\ncy.get(\"#password\").click();\ncy.get(\"#password\").type(\"Mtl@091202\");\ncy.get(\"div.justify-center div.flex-row > button\").click();\ncy.wait(5000);\ncy.visit(\"http://localhost:3000/statistics/guider\");\ncy.get(\"div.flex > input\").click();\ncy.get(\"div.flex > input\").type(\"2024-01-01\");\ncy.get(\"div:nth-of-type(2) > button\").click();\ncy.wait(5000);\nreturn;",
              "err": {},
              "uuid": "4eb7f5b6-023c-434e-a29d-3f94b3ac934f",
              "parentUUID": "80996a01-3811-425c-9192-80aee3b76dac",
              "isHook": false,
              "skipped": false
            }
          ],
          "suites": [],
          "passes": [
            "4eb7f5b6-023c-434e-a29d-3f94b3ac934f"
          ],
          "failures": [],
          "pending": [],
          "skipped": [],
          "duration": 44727,
          "root": false,
          "rootEmpty": false,
          "_timeout": 2000
        }
      ],
      "passes": [],
      "failures": [],
      "pending": [],
      "skipped": [],
      "duration": 0,
      "root": true,
      "rootEmpty": true,
      "_timeout": 2000
    },
    {
      "uuid": "e3bdcebc-67b6-4b43-b143-cc013b2826f2",
      "title": "",
      "fullFile": "cypress\\e2e\\statisticsVendorSpec.cy.ts",
      "file": "cypress\\e2e\\statisticsVendorSpec.cy.ts",
      "beforeHooks": [],
      "afterHooks": [],
      "tests": [],
      "suites": [
        {
          "uuid": "ceb11bbf-59a8-4a0f-abc5-95a726347f7f",
          "title": "statistics vendor",
          "fullFile": "",
          "file": "",
          "beforeHooks": [],
          "afterHooks": [],
          "tests": [
            {
              "title": "tests statistics vendor",
              "fullTitle": "statistics vendor tests statistics vendor",
              "timedOut": null,
              "duration": 42696,
              "state": "passed",
              "speed": "slow",
              "pass": true,
              "fail": false,
              "pending": false,
              "context": null,
              "code": "cy.visit(\"http://localhost:3000/\");\ncy.wait(5000);\ncy.get(\"body > div:nth-of-type(1) div.relative img\").click();\ncy.get(\"div.flex-row div.absolute > div > div:nth-of-type(1) > div\").click();\ncy.get(\"#email\").click();\ncy.get(\"#email\").type(\"mt09122002@gmail.com\");\ncy.get(\"#password\").click();\ncy.get(\"#password\").type(\"Mtl@091202\");\ncy.get(\"div.justify-center div.flex-row > button\").click();\ncy.wait(5000);\ncy.visit(\"http://localhost:3000/statistics/vendor\");\ncy.wait(5000);\ncy.get(\"div.flex > input\").click();\ncy.get(\"div.flex > input\").type(\"2024-01-01\");\ncy.get(\"div:nth-of-type(2) > button\").click();\ncy.wait(5000);\nreturn;",
              "err": {},
              "uuid": "ba8765d5-8cd4-411a-a089-8fcf29f5dbd5",
              "parentUUID": "ceb11bbf-59a8-4a0f-abc5-95a726347f7f",
              "isHook": false,
              "skipped": false
            }
          ],
          "suites": [],
          "passes": [
            "ba8765d5-8cd4-411a-a089-8fcf29f5dbd5"
          ],
          "failures": [],
          "pending": [],
          "skipped": [],
          "duration": 42696,
          "root": false,
          "rootEmpty": false,
          "_timeout": 2000
        }
      ],
      "passes": [],
      "failures": [],
      "pending": [],
      "skipped": [],
      "duration": 0,
      "root": true,
      "rootEmpty": true,
      "_timeout": 2000
    },
    {
      "uuid": "daffd1a9-353d-4be7-bf23-e84b6f0a0220",
      "title": "",
      "fullFile": "cypress\\e2e\\unlikePostReviewSpec.cy.ts",
      "file": "cypress\\e2e\\unlikePostReviewSpec.cy.ts",
      "beforeHooks": [],
      "afterHooks": [],
      "tests": [],
      "suites": [
        {
          "uuid": "2fceac7a-9bc9-4419-9b23-065df244e95d",
          "title": "unlike post",
          "fullFile": "",
          "file": "",
          "beforeHooks": [],
          "afterHooks": [],
          "tests": [
            {
              "title": "tests unlike post",
              "fullTitle": "unlike post tests unlike post",
              "timedOut": null,
              "duration": 26972,
              "state": "passed",
              "speed": "slow",
              "pass": true,
              "fail": false,
              "pending": false,
              "context": null,
              "code": "cy.viewport(1322, 945);\ncy.visit(\"http://localhost:3000/post-reviews/29\");\ncy.wait(5000);\ncy.get(\"body > div:nth-of-type(1) div.relative img\").click();\ncy.get(\"div.absolute > div > div:nth-of-type(1) > div\").click();\ncy.get(\"#email\").click();\ncy.get(\"#email\").type(\"leminhtuong09122002@gmail.com\");\ncy.get(\"#password\").click();\ncy.get(\"#password\").type(\"Mtl@091202\");\ncy.get(\"div.justify-center div.flex-row > button\").click();\ncy.wait(5000);\ncy.get(\"[data-testid='like-button'] > span\").click();\nreturn;",
              "err": {},
              "uuid": "a0b32575-b5aa-4d87-a146-ef46e86dbe12",
              "parentUUID": "2fceac7a-9bc9-4419-9b23-065df244e95d",
              "isHook": false,
              "skipped": false
            }
          ],
          "suites": [],
          "passes": [
            "a0b32575-b5aa-4d87-a146-ef46e86dbe12"
          ],
          "failures": [],
          "pending": [],
          "skipped": [],
          "duration": 26972,
          "root": false,
          "rootEmpty": false,
          "_timeout": 2000
        }
      ],
      "passes": [],
      "failures": [],
      "pending": [],
      "skipped": [],
      "duration": 0,
      "root": true,
      "rootEmpty": true,
      "_timeout": 2000
    },
    {
      "uuid": "1f8bb7bc-17e4-4c20-90e3-b695f86b68fa",
      "title": "",
      "fullFile": "cypress\\e2e\\updateAccountRoleSpec.cy.ts",
      "file": "cypress\\e2e\\updateAccountRoleSpec.cy.ts",
      "beforeHooks": [],
      "afterHooks": [],
      "tests": [],
      "suites": [
        {
          "uuid": "f34e645e-b60d-4950-8003-509c394d301e",
          "title": "Update account role",
          "fullFile": "",
          "file": "",
          "beforeHooks": [],
          "afterHooks": [],
          "tests": [
            {
              "title": "tests Update account role",
              "fullTitle": "Update account role tests Update account role",
              "timedOut": null,
              "duration": 29609,
              "state": "passed",
              "speed": "slow",
              "pass": true,
              "fail": false,
              "pending": false,
              "context": null,
              "code": "cy.visit(\"http://localhost:3000/\");\ncy.wait(5000);\ncy.get(\"body > div:nth-of-type(1) div.relative img\").click();\ncy.get(\"div.fixed > div > div > div.flex-row path\").click();\ncy.get(\"div.fixed > div > div > div.flex-row path\").click();\ncy.get(\"div.flex-row div.absolute > div > div:nth-of-type(1) > div\").click();\ncy.get(\"#email\").click();\ncy.get(\"#email\").type(\"admin@gmail.com\");\ncy.get(\"#password\").click();\ncy.get(\"#password\").type(\"admin@123\");\ncy.get(\"div.justify-center div.flex-row > button\").click();\ncy.wait(5000);\ncy.get(\"div.flex-row > div.w-full div:nth-of-type(1) > svg\").click({\n    force: true,\n});\ncy.wait(5000);\ncy.get(\"tr:nth-of-type(1) select\").select;\ncy.get(\"tr:nth-of-type(1) select\").select;\ncy.get(\"tr:nth-of-type(1) select\").select;\ncy.get(\"tr:nth-of-type(1) select\").type(\"4\");\nreturn;",
              "err": {},
              "uuid": "dab39edf-9f9d-44b3-a02f-4e33caf5c7ee",
              "parentUUID": "f34e645e-b60d-4950-8003-509c394d301e",
              "isHook": false,
              "skipped": false
            }
          ],
          "suites": [],
          "passes": [
            "dab39edf-9f9d-44b3-a02f-4e33caf5c7ee"
          ],
          "failures": [],
          "pending": [],
          "skipped": [],
          "duration": 29609,
          "root": false,
          "rootEmpty": false,
          "_timeout": 2000
        }
      ],
      "passes": [],
      "failures": [],
      "pending": [],
      "skipped": [],
      "duration": 0,
      "root": true,
      "rootEmpty": true,
      "_timeout": 2000
    },
    {
      "uuid": "83625189-6af6-4968-bf38-eb618382521d",
      "title": "",
      "fullFile": "cypress\\e2e\\updateAccountStatusSpec.cy.ts",
      "file": "cypress\\e2e\\updateAccountStatusSpec.cy.ts",
      "beforeHooks": [],
      "afterHooks": [],
      "tests": [],
      "suites": [
        {
          "uuid": "9ce6824b-7f88-45b0-8e5f-e50727205c4d",
          "title": "Update account status",
          "fullFile": "",
          "file": "",
          "beforeHooks": [],
          "afterHooks": [],
          "tests": [
            {
              "title": "tests Update account status",
              "fullTitle": "Update account status tests Update account status",
              "timedOut": null,
              "duration": 30105,
              "state": "passed",
              "speed": "slow",
              "pass": true,
              "fail": false,
              "pending": false,
              "context": null,
              "code": "cy.visit(\"http://localhost:3000/\");\ncy.wait(5000);\ncy.get(\"div.flex-row > div.relative > div > div\").click();\ncy.wait(5000);\ncy.get(\"div.flex-row div.absolute > div > div:nth-of-type(1) > div\").click();\ncy.get(\"#email\").click();\ncy.get(\"#email\").type(\"admin@gmail.com\");\ncy.get(\"#password\").click();\ncy.get(\"#password\").type(\"admin@123\");\ncy.get(\"div.justify-center div.flex-row > button\").click();\ncy.wait(5000);\ncy.get(\"div.flex-row > div.w-full > div > div > div:nth-of-type(1) path:nth-of-type(2)\").click({ force: true });\ncy.wait(5000);\ncy.get(\"tr:nth-of-type(1) path\").click();\nreturn;",
              "err": {},
              "uuid": "d8fca065-b9f0-4d49-8b74-59ce2743c5a2",
              "parentUUID": "9ce6824b-7f88-45b0-8e5f-e50727205c4d",
              "isHook": false,
              "skipped": false
            }
          ],
          "suites": [],
          "passes": [
            "d8fca065-b9f0-4d49-8b74-59ce2743c5a2"
          ],
          "failures": [],
          "pending": [],
          "skipped": [],
          "duration": 30105,
          "root": false,
          "rootEmpty": false,
          "_timeout": 2000
        }
      ],
      "passes": [],
      "failures": [],
      "pending": [],
      "skipped": [],
      "duration": 0,
      "root": true,
      "rootEmpty": true,
      "_timeout": 2000
    },
    {
      "uuid": "cd206bd5-8321-48fd-8672-e0c6ef854363",
      "title": "",
      "fullFile": "cypress\\e2e\\updatePaymentStatusOfGuiderSpec.cy.ts",
      "file": "cypress\\e2e\\updatePaymentStatusOfGuiderSpec.cy.ts",
      "beforeHooks": [],
      "afterHooks": [],
      "tests": [],
      "suites": [
        {
          "uuid": "27cbc429-37fd-4f72-a18d-f724d2ab3667",
          "title": "update payment status guider",
          "fullFile": "",
          "file": "",
          "beforeHooks": [],
          "afterHooks": [],
          "tests": [
            {
              "title": "tests update payment status guider",
              "fullTitle": "update payment status guider tests update payment status guider",
              "timedOut": null,
              "duration": 47205,
              "state": "passed",
              "speed": "slow",
              "pass": true,
              "fail": false,
              "pending": false,
              "context": null,
              "code": "cy.visit(\"http://localhost:3000/\");\ncy.wait(5000);\ncy.get(\"div.fixed > div > div > div.flex-row svg\").click({\n    force: true,\n});\ncy.wait(5000);\ncy.get(\"div.flex-row div.absolute > div > div:nth-of-type(1) > div\").click();\ncy.get(\"#email\").click();\ncy.get(\"#email\").type(\"leminhtuong09122002@gmail.com\");\ncy.get(\"#password\").click();\ncy.get(\"#password\").type(\"Mtl@091202\");\ncy.get(\"div.justify-center div.flex-row > button\").click();\ncy.wait(5000);\ncy.visit(\"http://localhost:3000/payments/guider\");\ncy.wait(5000);\ncy.get(\"tr:nth-of-type(1) svg\").click({\n    force: true,\n});\ncy.wait(5000);\nreturn;",
              "err": {},
              "uuid": "db67d900-f9ff-492a-a6a6-a936d49228f2",
              "parentUUID": "27cbc429-37fd-4f72-a18d-f724d2ab3667",
              "isHook": false,
              "skipped": false
            }
          ],
          "suites": [],
          "passes": [
            "db67d900-f9ff-492a-a6a6-a936d49228f2"
          ],
          "failures": [],
          "pending": [],
          "skipped": [],
          "duration": 47205,
          "root": false,
          "rootEmpty": false,
          "_timeout": 2000
        }
      ],
      "passes": [],
      "failures": [],
      "pending": [],
      "skipped": [],
      "duration": 0,
      "root": true,
      "rootEmpty": true,
      "_timeout": 2000
    },
    {
      "uuid": "306a5ebe-916f-4371-b5e4-568098b66174",
      "title": "",
      "fullFile": "cypress\\e2e\\updatePaymentStatusOfVendorSpec.cy.ts",
      "file": "cypress\\e2e\\updatePaymentStatusOfVendorSpec.cy.ts",
      "beforeHooks": [],
      "afterHooks": [],
      "tests": [],
      "suites": [
        {
          "uuid": "9a8318af-be7a-4d3f-b622-1526d00d8ae3",
          "title": "update payment status vendor",
          "fullFile": "",
          "file": "",
          "beforeHooks": [],
          "afterHooks": [],
          "tests": [
            {
              "title": "tests update payment status vendor",
              "fullTitle": "update payment status vendor tests update payment status vendor",
              "timedOut": null,
              "duration": 47483,
              "state": "passed",
              "speed": "slow",
              "pass": true,
              "fail": false,
              "pending": false,
              "context": null,
              "code": "cy.visit(\"http://localhost:3000/\");\ncy.wait(5000);\ncy.get(\"body > div:nth-of-type(1) div.relative img\").click();\ncy.wait(5000);\ncy.get(\"div.flex-row div.absolute > div > div:nth-of-type(1) > div\").click();\ncy.get(\"#email\").click();\ncy.get(\"#email\").type(\"mt09122002@gmail.com\");\ncy.get(\"#password\").click();\ncy.get(\"#password\").type(\"Mtl@091202\");\ncy.get(\"div.justify-center div.flex-row > button\").click();\ncy.wait(5000);\ncy.visit(\"http://localhost:3000/payments/vendor\");\ncy.wait(5000);\ncy.get(\"tr:nth-of-type(1) path:nth-of-type(2)\").click({ force: true });\ncy.wait(5000);\nreturn;",
              "err": {},
              "uuid": "863a93bc-ff49-47e3-bc94-aa739ba12d23",
              "parentUUID": "9a8318af-be7a-4d3f-b622-1526d00d8ae3",
              "isHook": false,
              "skipped": false
            }
          ],
          "suites": [],
          "passes": [
            "863a93bc-ff49-47e3-bc94-aa739ba12d23"
          ],
          "failures": [],
          "pending": [],
          "skipped": [],
          "duration": 47483,
          "root": false,
          "rootEmpty": false,
          "_timeout": 2000
        }
      ],
      "passes": [],
      "failures": [],
      "pending": [],
      "skipped": [],
      "duration": 0,
      "root": true,
      "rootEmpty": true,
      "_timeout": 2000
    },
    {
      "uuid": "22207f8e-51e5-441a-bd8d-b8278d7665ae",
      "title": "",
      "fullFile": "cypress\\e2e\\updateProfileSpec.cy.ts",
      "file": "cypress\\e2e\\updateProfileSpec.cy.ts",
      "beforeHooks": [],
      "afterHooks": [],
      "tests": [],
      "suites": [
        {
          "uuid": "c4cad3ff-c589-4b27-9db5-c671e8ab8208",
          "title": "update profile",
          "fullFile": "",
          "file": "",
          "beforeHooks": [],
          "afterHooks": [],
          "tests": [
            {
              "title": "tests update profile failed",
              "fullTitle": "update profile tests update profile failed",
              "timedOut": null,
              "duration": 58437,
              "state": "passed",
              "speed": "slow",
              "pass": true,
              "fail": false,
              "pending": false,
              "context": null,
              "code": "cy.visit(\"http://localhost:3000/\");\ncy.wait(5000);\ncy.get(\"body > div:nth-of-type(1) div.relative img\").click();\ncy.get(\"div.flex-row div.absolute > div > div:nth-of-type(1) > div\").click();\ncy.wait(5000);\ncy.get(\"#email\").click();\ncy.get(\"#email\").type(\"leminhtuong09122002@gmail.com\");\ncy.get(\"#password\").click();\ncy.get(\"#password\").type(\"Mtl@091202\");\ncy.get(\"div.justify-center div.flex-row > button\").click();\ncy.wait(5000);\ncy.visit(\"http://localhost:3000/users/103\");\ncy.wait(5000);\ncy.get(\"li:nth-of-type(2) > div\").click();\ncy.wait(3000);\ncy.get(\"div.lg\\\\:col-span-8 > div\").click();\ncy.get(\"#full_name\").clear();\ncy.get(\"#username\").click();\ncy.get(\"#username\").clear();\ncy.get(\"#dob\").click();\ncy.get(\"#phone\").click();\ncy.get(\"#phone\").clear();\ncy.get(\"#address\").click();\ncy.get(\"#address\").clear();\ncy.get(\"div:nth-of-type(2) > button\").click();\ncy.wait(5000);\nreturn;",
              "err": {},
              "uuid": "e76c4e4e-3260-457b-b78b-44aefa912bf8",
              "parentUUID": "c4cad3ff-c589-4b27-9db5-c671e8ab8208",
              "isHook": false,
              "skipped": false
            },
            {
              "title": "tests update profile",
              "fullTitle": "update profile tests update profile",
              "timedOut": null,
              "duration": 50596,
              "state": "passed",
              "speed": "slow",
              "pass": true,
              "fail": false,
              "pending": false,
              "context": null,
              "code": "cy.visit(\"http://localhost:3000/\");\ncy.wait(5000);\ncy.get(\"div.flex-row > div.relative > div > div\").click();\ncy.get(\"div.flex-row div.absolute > div > div:nth-of-type(1) > div\").click();\ncy.wait(5000);\ncy.get(\"#email\").click();\ncy.get(\"#email\").type(\"leminhtuong09122002@gmail.com\");\ncy.get(\"#password\").click();\ncy.get(\"#password\").type(\"Mtl@091202\");\ncy.get(\"div.justify-center div.flex-row > button\").click();\ncy.wait(5000);\ncy.visit(\"http://localhost:3000/users/103\");\ncy.wait(5000);\ncy.get(\"li:nth-of-type(2) > div\").click();\ncy.get(\"#full_name\").click();\ncy.get(\"#full_name\").type(\"updated\");\ncy.get(\"#username\").click();\ncy.get(\"#username\").type(\"updated\");\ncy.get(\"#phone\").click();\ncy.get(\"#phone\").clear();\ncy.get(\"#phone\").type(\"0834090902\");\ncy.get(\"#address\").click();\ncy.get(\"#address\").clear();\ncy.get(\"#address\").type(\"Thủ Đức city, Hồ Chí Minh City\");\ncy.get(\"div:nth-of-type(2) > button\").click();\ncy.wait(5000);\nreturn;",
              "err": {},
              "uuid": "822dcafd-014f-4675-91f1-b8fe1e1829a2",
              "parentUUID": "c4cad3ff-c589-4b27-9db5-c671e8ab8208",
              "isHook": false,
              "skipped": false
            }
          ],
          "suites": [],
          "passes": [
            "e76c4e4e-3260-457b-b78b-44aefa912bf8",
            "822dcafd-014f-4675-91f1-b8fe1e1829a2"
          ],
          "failures": [],
          "pending": [],
          "skipped": [],
          "duration": 109033,
          "root": false,
          "rootEmpty": false,
          "_timeout": 2000
        }
      ],
      "passes": [],
      "failures": [],
      "pending": [],
      "skipped": [],
      "duration": 0,
      "root": true,
      "rootEmpty": true,
      "_timeout": 2000
    },
    {
      "uuid": "517c7923-5acd-4e8b-bd2a-9196462456fb",
      "title": "",
      "fullFile": "cypress\\e2e\\updateWishlistSpec.cy.ts",
      "file": "cypress\\e2e\\updateWishlistSpec.cy.ts",
      "beforeHooks": [],
      "afterHooks": [],
      "tests": [],
      "suites": [
        {
          "uuid": "f363eb3e-8b29-4535-81ff-649c640fd666",
          "title": "edit wishlist at home",
          "fullFile": "",
          "file": "",
          "beforeHooks": [],
          "afterHooks": [],
          "tests": [
            {
              "title": "tests edit wishlist at home",
              "fullTitle": "edit wishlist at home tests edit wishlist at home",
              "timedOut": null,
              "duration": 31629,
              "state": "passed",
              "speed": "slow",
              "pass": true,
              "fail": false,
              "pending": false,
              "context": null,
              "code": "cy.visit(\"http://localhost:3000/\");\ncy.wait(5000);\ncy.get(\"div.fixed > div > div > div.flex-row svg\").click();\ncy.get(\"div.flex-row div.absolute > div > div:nth-of-type(1) > div\").click();\ncy.get(\"#email\").click();\ncy.get(\"#email\").type(\"leminhtuong09122002@gmail.com\");\ncy.get(\"#password\").click();\ncy.get(\"#password\").type(\"Mtl@091202\");\ncy.get(\"div.justify-center div.flex-row > button\").click();\ncy.wait(5000);\ncy.get(\"div.mt-0 > div:nth-of-type(2) svg.fill-white\").click({\n    force: true,\n});\ncy.wait(5000);\ncy.get(\"div.flex-auto > div > div:nth-of-type(1) div.gap-4 svg\").click({\n    force: true,\n});\ncy.get(\"input\").click();\ncy.get(\"input\").type(\"(2)\");\ncy.wait(1000);\ncy.get(\"div.flex-auto > div > div:nth-of-type(1) svg\").click({\n    force: true,\n});\ncy.wait(5000);\nreturn;",
              "err": {},
              "uuid": "d771c607-f66e-4bd9-80a9-5f270bc7d6fa",
              "parentUUID": "f363eb3e-8b29-4535-81ff-649c640fd666",
              "isHook": false,
              "skipped": false
            },
            {
              "title": "tests edit wishlist at page",
              "fullTitle": "edit wishlist at home tests edit wishlist at page",
              "timedOut": null,
              "duration": 47818,
              "state": "passed",
              "speed": "slow",
              "pass": true,
              "fail": false,
              "pending": false,
              "context": null,
              "code": "cy.visit(\"http://localhost:3000/\");\ncy.wait(5000);\ncy.get(\"div.fixed > div > div > div.flex-row svg\").click();\ncy.get(\"div.flex-row div.absolute > div > div:nth-of-type(1) > div\").click();\ncy.get(\"#email\").click();\ncy.get(\"#email\").type(\"leminhtuong09122002@gmail.com\");\ncy.get(\"#password\").click();\ncy.get(\"#password\").type(\"Mtl@091202\");\ncy.get(\"div.justify-center div.flex-row > button\").click();\ncy.wait(5000);\ncy.visit(\"http://localhost:3000/favorites\");\ncy.wait(5000);\ncy.get(\"div.grid > div:nth-of-type(1) div.font-semibold svg\").click({\n    force: true,\n});\ncy.get(\"input\").click();\ncy.get(\"input\").type(\"(2)\");\ncy.wait(1000);\ncy.get(\"div.grid > div:nth-of-type(1) div.font-semibold svg\").click({\n    force: true,\n});\ncy.wait(5000);\nreturn;",
              "err": {},
              "uuid": "691697f6-2805-4e7a-8284-cda316e4dce4",
              "parentUUID": "f363eb3e-8b29-4535-81ff-649c640fd666",
              "isHook": false,
              "skipped": false
            }
          ],
          "suites": [],
          "passes": [
            "d771c607-f66e-4bd9-80a9-5f270bc7d6fa",
            "691697f6-2805-4e7a-8284-cda316e4dce4"
          ],
          "failures": [],
          "pending": [],
          "skipped": [],
          "duration": 79447,
          "root": false,
          "rootEmpty": false,
          "_timeout": 2000
        }
      ],
      "passes": [],
      "failures": [],
      "pending": [],
      "skipped": [],
      "duration": 0,
      "root": true,
      "rootEmpty": true,
      "_timeout": 2000
    },
    {
      "uuid": "491752f6-c115-497b-92c0-2af5d177fff1",
      "title": "",
      "fullFile": "cypress\\e2e\\addRoomToWishlistSpec.cy.ts",
      "file": "cypress\\e2e\\addRoomToWishlistSpec.cy.ts",
      "beforeHooks": [],
      "afterHooks": [],
      "tests": [],
      "suites": [
        {
          "uuid": "524fd141-0d7a-4590-b1aa-49e19eed34c9",
          "title": "add place to wishlist",
          "fullFile": "",
          "file": "",
          "beforeHooks": [],
          "afterHooks": [],
          "tests": [
            {
              "title": "tests add place to wishlist failed",
              "fullTitle": "add place to wishlist tests add place to wishlist failed",
              "timedOut": null,
              "duration": 29656,
              "state": "passed",
              "speed": "slow",
              "pass": true,
              "fail": false,
              "pending": false,
              "context": null,
              "code": "cy.visit(\"http://localhost:3000/\");\ncy.wait(5000);\ncy.get(\"body > div:nth-of-type(1) div.relative img\").click();\ncy.wait(5000);\ncy.get(\"div.flex-row div.absolute > div > div:nth-of-type(1) > div\").click();\ncy.get(\"#email\").click();\ncy.get(\"#email\").type(\"leminhtuong09122002@gmail.com\");\ncy.get(\"#password\").click();\ncy.get(\"#password\").type(\"Mtl@091202\");\ncy.get(\"div.justify-center div.flex-row > button\").click();\ncy.wait(5000);\ncy.get(\"div.mt-0 > div:nth-of-type(1) svg.fill-white\").click({\n    force: true,\n});\ncy.wait(5000);\ncy.get(\"svg.bg-\\\\[\\\\#05a569\\\\]\").click({ force: true, multiple: true });\nreturn;",
              "err": {},
              "uuid": "cf3b81be-0575-4e24-9e49-68d971d878b7",
              "parentUUID": "524fd141-0d7a-4590-b1aa-49e19eed34c9",
              "isHook": false,
              "skipped": false
            },
            {
              "title": "tests add place to wishlist successfully",
              "fullTitle": "add place to wishlist tests add place to wishlist successfully",
              "timedOut": null,
              "duration": 30597,
              "state": "passed",
              "speed": "slow",
              "pass": true,
              "fail": false,
              "pending": false,
              "context": null,
              "code": "cy.visit(\"http://localhost:3000/\");\ncy.wait(5000);\ncy.get(\"body > div:nth-of-type(1) div.relative img\").click();\ncy.wait(5000);\ncy.get(\"div.flex-row div.absolute > div > div:nth-of-type(1) > div\").click();\ncy.get(\"#email\").click();\ncy.get(\"#email\").type(\"leminhtuong09122002@gmail.com\");\ncy.get(\"#password\").click();\ncy.get(\"#password\").type(\"Mtl@091202\");\ncy.get(\"div.justify-center div.flex-row > button\").click();\ncy.wait(5000);\ncy.get(\"div:nth-of-type(5) svg.fill-white\").click({ force: true });\ncy.wait(5000);\ncy.get(\"svg.bg-\\\\[\\\\#05a569\\\\] > path\").click({\n    force: true,\n    multiple: true,\n});\nreturn;",
              "err": {},
              "uuid": "a7084509-a978-456d-958d-3929a5b61033",
              "parentUUID": "524fd141-0d7a-4590-b1aa-49e19eed34c9",
              "isHook": false,
              "skipped": false
            },
            {
              "title": "tests add place to wishlist failed",
              "fullTitle": "add place to wishlist tests add place to wishlist failed",
              "timedOut": null,
              "duration": 46382,
              "state": "passed",
              "speed": "slow",
              "pass": true,
              "fail": false,
              "pending": false,
              "context": null,
              "code": "cy.visit(\"http://localhost:3000/listings/114\");\ncy.wait(5000);\ncy.get(\"body > div:nth-of-type(1) div.relative img\").click();\ncy.wait(5000);\ncy.get(\"body > div:nth-of-type(1) svg\").click({ force: true });\ncy.get(\"body > div:nth-of-type(1) svg\").click({ force: true });\ncy.get(\"div.absolute > div > div:nth-of-type(1) > div\").click();\ncy.get(\"#email\").click();\ncy.get(\"#email\").type(\"leminhtuong09122002@gmail.com\");\ncy.get(\"#password\").click();\ncy.get(\"#password\").type(\"Mtl@091202\");\ncy.get(\"div.justify-center div.flex-row > button\").click();\ncy.wait(5000);\ncy.get(\"svg.fill-white > path\").click({ force: true });\ncy.wait(5000);\ncy.get(\"svg.bg-\\\\[\\\\#05a569\\\\]\").click({ force: true, multiple: true });\nreturn;",
              "err": {},
              "uuid": "aa6e7995-7a9b-419f-a9be-170146eb57bf",
              "parentUUID": "524fd141-0d7a-4590-b1aa-49e19eed34c9",
              "isHook": false,
              "skipped": false
            },
            {
              "title": "tests add place to wishlist successfully",
              "fullTitle": "add place to wishlist tests add place to wishlist successfully",
              "timedOut": null,
              "duration": 32280,
              "state": "passed",
              "speed": "slow",
              "pass": true,
              "fail": false,
              "pending": false,
              "context": null,
              "code": "cy.visit(\"http://localhost:3000/listings/118\");\ncy.wait(5000);\ncy.get(\"body > div:nth-of-type(1) div.relative img\").click();\ncy.wait(5000);\ncy.get(\"body > div:nth-of-type(1) svg\").click({ force: true });\ncy.get(\"body > div:nth-of-type(1) svg\").click({ force: true });\ncy.get(\"div.absolute > div > div:nth-of-type(1) > div\").click();\ncy.get(\"#email\").click();\ncy.get(\"#email\").type(\"leminhtuong09122002@gmail.com\");\ncy.get(\"#password\").click();\ncy.get(\"#password\").type(\"Mtl@091202\");\ncy.get(\"div.justify-center div.flex-row > button\").click();\ncy.wait(5000);\ncy.get(\"svg.fill-white\").click({ force: true });\ncy.wait(5000);\ncy.get(\"svg.bg-\\\\[\\\\#05a569\\\\] > path\").click({\n    force: true,\n    multiple: true,\n});\nreturn;",
              "err": {},
              "uuid": "737e5af5-a528-4856-88f9-def1b6caf73f",
              "parentUUID": "524fd141-0d7a-4590-b1aa-49e19eed34c9",
              "isHook": false,
              "skipped": false
            }
          ],
          "suites": [],
          "passes": [
            "cf3b81be-0575-4e24-9e49-68d971d878b7",
            "a7084509-a978-456d-958d-3929a5b61033",
            "aa6e7995-7a9b-419f-a9be-170146eb57bf",
            "737e5af5-a528-4856-88f9-def1b6caf73f"
          ],
          "failures": [],
          "pending": [],
          "skipped": [],
          "duration": 138915,
          "root": false,
          "rootEmpty": false,
          "_timeout": 2000
        }
      ],
      "passes": [],
      "failures": [],
      "pending": [],
      "skipped": [],
      "duration": 0,
      "root": true,
      "rootEmpty": true,
      "_timeout": 2000
    }
  ],
  "meta": {
    "mocha": {
      "version": "7.0.1"
    },
    "mochawesome": {
      "options": {
        "quiet": false,
        "reportFilename": "mochawesome",
        "saveHtml": false,
        "saveJson": true,
        "consoleReporter": "spec",
        "useInlineDiffs": false,
        "code": true
      },
      "version": "7.1.3"
    },
    "marge": {
      "options": {
        "reportDir": "cypress/results",
        "overwrite": false,
        "html": false,
        "json": true
      },
      "version": "6.2.0"
    }
  }
}