{
  "stats": {
    "suites": 21,
    "tests": 42,
    "passes": 32,
    "pending": 0,
    "failures": 10,
    "testsRegistered": 42,
    "passPercent": 76.19047619047619,
    "pendingPercent": 0,
    "other": 0,
    "hasOther": false,
    "skipped": 0,
    "hasSkipped": false,
    "start": "2024-07-02T19:24:31.816Z",
    "end": "2024-07-02T19:50:30.813Z",
    "duration": 1558997
  },
  "results": [
    {
      "uuid": "5ab86e02-095c-446d-bf5a-7b21a3823a56",
      "title": "",
      "fullFile": "cypress\\e2e\\commentPostReviewSpec.cy.ts",
      "file": "cypress\\e2e\\commentPostReviewSpec.cy.ts",
      "beforeHooks": [],
      "afterHooks": [],
      "tests": [],
      "suites": [
        {
          "uuid": "ffd8e2ad-f16c-4ebc-9bf8-b358c6a1a6cd",
          "title": "add comment failed",
          "fullFile": "",
          "file": "",
          "beforeHooks": [],
          "afterHooks": [],
          "tests": [
            {
              "title": "tests add comment failed",
              "fullTitle": "add comment failed tests add comment failed",
              "timedOut": null,
              "duration": 31727,
              "state": "passed",
              "speed": "slow",
              "pass": true,
              "fail": false,
              "pending": false,
              "context": null,
              "code": "cy.visit(\"http://localhost:3000/post-reviews/29\");\ncy.wait(5000);\ncy.get(\"body > div:nth-of-type(1) div.relative > div > div\").click();\ncy.get(\"div.absolute > div > div:nth-of-type(1) > div\").click();\ncy.wait(5000);\ncy.get(\"#email\").click();\ncy.get(\"#email\").type(\"leminhtuong09122002@gmail.com\");\ncy.get(\"#password\").click();\ncy.get(\"#password\").type(\"Mtl@091202\");\ncy.get(\"div.justify-center div.flex-row > button\").click();\ncy.wait(5000);\ncy.get(\"div.mx-auto > div:nth-of-type(2) > div.space-x-2 svg\").click({\n    force: true,\n});\nreturn;",
              "err": {},
              "uuid": "2a3645ce-ff87-479e-9a0d-43c6e138a7c0",
              "parentUUID": "ffd8e2ad-f16c-4ebc-9bf8-b358c6a1a6cd",
              "isHook": false,
              "skipped": false
            },
            {
              "title": "tests add comment successfully",
              "fullTitle": "add comment failed tests add comment successfully",
              "timedOut": null,
              "duration": 30456,
              "state": "passed",
              "speed": "slow",
              "pass": true,
              "fail": false,
              "pending": false,
              "context": null,
              "code": "cy.visit(\"http://localhost:3000/post-reviews/29\");\ncy.wait(5000);\ncy.get(\"body > div:nth-of-type(1) div.relative img\").click();\ncy.get(\"div.absolute > div > div:nth-of-type(1) > div\").click();\ncy.wait(5000);\ncy.get(\"#email\").click();\ncy.get(\"#email\").type(\"leminhtuong09122002@gmail.com\");\ncy.get(\"#password\").click();\ncy.get(\"#password\").type(\"Mtl@091202\");\ncy.get(\"div.justify-center div.flex-row > button\").click();\ncy.wait(5000);\ncy.get(\"[data-testid='comment-textarea']\").click();\ncy.get(\"[data-testid='comment-textarea']\").type(\"test comment\");\ncy.get(\"div.mx-auto > div:nth-of-type(2) > div.space-x-2 path\").click({\n    force: true,\n});\nreturn;",
              "err": {},
              "uuid": "623442ec-5956-4d15-bfd1-be13e18deb3c",
              "parentUUID": "ffd8e2ad-f16c-4ebc-9bf8-b358c6a1a6cd",
              "isHook": false,
              "skipped": false
            },
            {
              "title": "tests update comment failed",
              "fullTitle": "add comment failed tests update comment failed",
              "timedOut": null,
              "duration": 34043,
              "state": "failed",
              "speed": null,
              "pass": false,
              "fail": true,
              "pending": false,
              "context": null,
              "code": "cy.visit(\"http://localhost:3000/post-reviews/29\");\ncy.wait(5000);\ncy.get(\"body > div:nth-of-type(1) div.relative > div > div\").click();\ncy.get(\"div.absolute > div > div:nth-of-type(1) > div\").click();\ncy.wait(5000);\ncy.get(\"#email\").click();\ncy.get(\"#email\").type(\"leminhtuong09122002@gmail.com\");\ncy.get(\"#password\").click();\ncy.get(\"#password\").type(\"Mtl@091202\");\ncy.get(\"div.justify-center div.flex-row > button\").click();\ncy.wait(5000);\ncy.get(\"div.w-full > div:nth-of-type(1) div.flex > div > div.space-x-4\").click({ multiple: true });\ncy.get(\"div.px-4 div.w-full > div:nth-of-type(1) svg\").click({\n    force: true,\n});\ncy.get(\"div.w-full > div:nth-of-type(1) [data-testid='update-comment-button']\").click();\ncy.get(\"[data-testid='update-comment-textarea']\").click();\ncy.get(\"[data-testid='update-comment-textarea']\").clear();\ncy.get(\"div.px-4 div.w-full > div:nth-of-type(1) svg\").click({\n    force: true,\n});\ncy.get(\"div.w-full > div:nth-of-type(1) [data-testid='update-comment-button']\").click();\nreturn;",
              "err": {
                "message": "AssertionError: Timed out retrying after 4000ms: Expected to find element: `div.px-4 div.w-full > div:nth-of-type(1) svg`, but never found it.",
                "estack": "AssertionError: Timed out retrying after 4000ms: Expected to find element: `div.px-4 div.w-full > div:nth-of-type(1) svg`, but never found it.\n    at Context.eval (webpack://paradise-booking-app/./cypress/e2e/commentPostReviewSpec.cy.ts:52:0)",
                "diff": null
              },
              "uuid": "ffd94df9-8d04-42ba-a950-f928cc9a7958",
              "parentUUID": "ffd8e2ad-f16c-4ebc-9bf8-b358c6a1a6cd",
              "isHook": false,
              "skipped": false
            },
            {
              "title": "tests update comment success",
              "fullTitle": "add comment failed tests update comment success",
              "timedOut": null,
              "duration": 33720,
              "state": "failed",
              "speed": null,
              "pass": false,
              "fail": true,
              "pending": false,
              "context": null,
              "code": "cy.visit(\"http://localhost:3000/post-reviews/29\");\ncy.wait(5000);\ncy.get(\"body > div:nth-of-type(1) div.relative img\").click();\ncy.get(\"div.absolute > div > div:nth-of-type(1) > div\").click();\ncy.wait(5000);\ncy.get(\"#email\").click();\ncy.get(\"#email\").type(\"leminhtuong09122002@gmail.com\");\ncy.get(\"#password\").click();\ncy.get(\"#password\").type(\"Mtl@091202\");\ncy.get(\"div.justify-center div.flex-row > button\").click();\ncy.wait(5000);\ncy.get(\"div.px-4 div.w-full > div:nth-of-type(1) svg\").click({\n    force: true,\n});\ncy.get(\"div.w-full > div:nth-of-type(1) [data-testid='update-comment-button']\").click({ multiple: true });\ncy.get(\"[data-testid='update-comment-textarea']\").click();\ncy.get(\"[data-testid='update-comment-textarea']\").type(\"test comment updated\");\ncy.get(\"div.px-4 div.w-full > div:nth-of-type(1) svg\").click({\n    force: true,\n});\ncy.wait(5000);\ncy.get(\"div.w-full > div:nth-of-type(1) [data-testid='update-comment-button']\").click();\nreturn;",
              "err": {
                "message": "AssertionError: Timed out retrying after 4000ms: Expected to find element: `div.px-4 div.w-full > div:nth-of-type(1) svg`, but never found it.",
                "estack": "AssertionError: Timed out retrying after 4000ms: Expected to find element: `div.px-4 div.w-full > div:nth-of-type(1) svg`, but never found it.\n    at Context.eval (webpack://paradise-booking-app/./cypress/e2e/commentPostReviewSpec.cy.ts:76:0)",
                "diff": null
              },
              "uuid": "e108c3f6-4d5f-4950-8538-c15653f99e9a",
              "parentUUID": "ffd8e2ad-f16c-4ebc-9bf8-b358c6a1a6cd",
              "isHook": false,
              "skipped": false
            },
            {
              "title": "tests delete comment",
              "fullTitle": "add comment failed tests delete comment",
              "timedOut": null,
              "duration": 35418,
              "state": "failed",
              "speed": null,
              "pass": false,
              "fail": true,
              "pending": false,
              "context": null,
              "code": "cy.visit(\"http://localhost:3000/post-reviews/29\");\ncy.wait(5000);\ncy.get(\"body > div:nth-of-type(1) div.relative > div > div\").click();\ncy.get(\"div.absolute > div > div:nth-of-type(1) > div\").click();\ncy.wait(5000);\ncy.get(\"div.flex-auto > div\").click();\ncy.get(\"#email\").click();\ncy.get(\"#email\").type(\"leminhtuong09122002@gmail.com\");\ncy.get(\"#password\").click();\ncy.get(\"#password\").type(\"Mtl@091202\");\ncy.get(\"div.justify-center div.flex-row > button\").click();\ncy.wait(5000);\ncy.get(\"div.px-4 div.w-full > div:nth-of-type(1) svg\").click({\n    force: true,\n});\ncy.wait(5000);\ncy.get(\"div.w-full > div:nth-of-type(1) [data-testid='remove-comment-button']\").click();\ncy.get(\"button.bg-red-600\").click();\nreturn;",
              "err": {
                "message": "AssertionError: Timed out retrying after 4000ms: Expected to find element: `div.px-4 div.w-full > div:nth-of-type(1) svg`, but never found it.",
                "estack": "AssertionError: Timed out retrying after 4000ms: Expected to find element: `div.px-4 div.w-full > div:nth-of-type(1) svg`, but never found it.\n    at Context.eval (webpack://paradise-booking-app/./cypress/e2e/commentPostReviewSpec.cy.ts:102:0)",
                "diff": null
              },
              "uuid": "6a0f1025-3e4e-4a76-a8a3-e3be3f7f13b3",
              "parentUUID": "ffd8e2ad-f16c-4ebc-9bf8-b358c6a1a6cd",
              "isHook": false,
              "skipped": false
            }
          ],
          "suites": [],
          "passes": [
            "2a3645ce-ff87-479e-9a0d-43c6e138a7c0",
            "623442ec-5956-4d15-bfd1-be13e18deb3c"
          ],
          "failures": [
            "ffd94df9-8d04-42ba-a950-f928cc9a7958",
            "e108c3f6-4d5f-4950-8538-c15653f99e9a",
            "6a0f1025-3e4e-4a76-a8a3-e3be3f7f13b3"
          ],
          "pending": [],
          "skipped": [],
          "duration": 165364,
          "root": false,
          "rootEmpty": false,
          "_timeout": 2000
        }
      ],
      "passes": [],
      "failures": [],
      "pending": [],
      "skipped": [],
      "duration": 0,
      "root": true,
      "rootEmpty": true,
      "_timeout": 2000
    },
    {
      "uuid": "08cca07e-6b4a-482f-a467-ab7f46e349cf",
      "title": "",
      "fullFile": "cypress\\e2e\\likePostReviewSpec.cy.ts",
      "file": "cypress\\e2e\\likePostReviewSpec.cy.ts",
      "beforeHooks": [],
      "afterHooks": [],
      "tests": [],
      "suites": [
        {
          "uuid": "b8458518-e320-49f6-b154-b034a5da7b3e",
          "title": "like post",
          "fullFile": "",
          "file": "",
          "beforeHooks": [],
          "afterHooks": [],
          "tests": [
            {
              "title": "tests like post",
              "fullTitle": "like post tests like post",
              "timedOut": null,
              "duration": 25292,
              "state": "passed",
              "speed": "slow",
              "pass": true,
              "fail": false,
              "pending": false,
              "context": null,
              "code": "cy.visit(\"http://localhost:3000/post-reviews/29\");\ncy.wait(5000);\ncy.get(\"body > div:nth-of-type(1) div.relative img\").click();\ncy.get(\"div.absolute > div > div:nth-of-type(1) > div\").click();\ncy.get(\"#email\").click();\ncy.get(\"#email\").type(\"leminhtuong09122002@gmail.com\");\ncy.get(\"#password\").click();\ncy.get(\"#password\").type(\"Mtl@091202\");\ncy.get(\"div.justify-center div.flex-row > button\").click();\ncy.wait(5000);\ncy.get(\"[data-testid='like-button'] > span\").click();\nreturn;",
              "err": {},
              "uuid": "844d2c04-79f9-4c79-8be5-835ad265d046",
              "parentUUID": "b8458518-e320-49f6-b154-b034a5da7b3e",
              "isHook": false,
              "skipped": false
            }
          ],
          "suites": [],
          "passes": [
            "844d2c04-79f9-4c79-8be5-835ad265d046"
          ],
          "failures": [],
          "pending": [],
          "skipped": [],
          "duration": 25292,
          "root": false,
          "rootEmpty": false,
          "_timeout": 2000
        }
      ],
      "passes": [],
      "failures": [],
      "pending": [],
      "skipped": [],
      "duration": 0,
      "root": true,
      "rootEmpty": true,
      "_timeout": 2000
    },
    {
      "uuid": "57163f85-271c-4989-b1ba-f005c13a4ed5",
      "title": "",
      "fullFile": "cypress\\e2e\\logoutSpec.cy.ts",
      "file": "cypress\\e2e\\logoutSpec.cy.ts",
      "beforeHooks": [],
      "afterHooks": [],
      "tests": [],
      "suites": [
        {
          "uuid": "dc8b5c5a-3365-4aec-8e9c-ae9a4740ca2b",
          "title": "logout",
          "fullFile": "",
          "file": "",
          "beforeHooks": [],
          "afterHooks": [],
          "tests": [
            {
              "title": "tests logout",
              "fullTitle": "logout tests logout",
              "timedOut": null,
              "duration": 19265,
              "state": "passed",
              "speed": "slow",
              "pass": true,
              "fail": false,
              "pending": false,
              "context": null,
              "code": "cy.visit(\"http://localhost:3000/\");\ncy.wait(5000);\ncy.get(\"div.fixed > div > div > div.flex-row path\").click();\ncy.get(\"div.flex-row div.absolute > div > div:nth-of-type(1) > div\").click();\ncy.get(\"#email\").click();\ncy.get(\"#email\").type(\"leminhtuong09122002@gmail.com\");\ncy.get(\"#password\").click();\ncy.get(\"#password\").type(\"Mtl@091202\");\ncy.get(\"div.justify-center div.flex-row > button\").click();\ncy.wait(5000);\ncy.get(\"div.fixed > div > div > div.flex-row svg\").click({\n    force: true,\n});\ncy.get(\"div.hover\\\\:bg-neutral-100 > div\").click();\ncy.get(\"button.bg-red-600\").click();\nreturn;",
              "err": {},
              "uuid": "8fec9944-f60f-47d4-834c-b876d408b987",
              "parentUUID": "dc8b5c5a-3365-4aec-8e9c-ae9a4740ca2b",
              "isHook": false,
              "skipped": false
            }
          ],
          "suites": [],
          "passes": [
            "8fec9944-f60f-47d4-834c-b876d408b987"
          ],
          "failures": [],
          "pending": [],
          "skipped": [],
          "duration": 19265,
          "root": false,
          "rootEmpty": false,
          "_timeout": 2000
        }
      ],
      "passes": [],
      "failures": [],
      "pending": [],
      "skipped": [],
      "duration": 0,
      "root": true,
      "rootEmpty": true,
      "_timeout": 2000
    },
    {
      "uuid": "c8792776-213b-424d-903b-1f038dad6551",
      "title": "",
      "fullFile": "cypress\\e2e\\unlikePostReviewSpec.cy.ts",
      "file": "cypress\\e2e\\unlikePostReviewSpec.cy.ts",
      "beforeHooks": [],
      "afterHooks": [],
      "tests": [],
      "suites": [
        {
          "uuid": "c0d8a47e-fb46-45a2-93cd-b4affd53c3c0",
          "title": "unlike post",
          "fullFile": "",
          "file": "",
          "beforeHooks": [],
          "afterHooks": [],
          "tests": [
            {
              "title": "tests unlike post",
              "fullTitle": "unlike post tests unlike post",
              "timedOut": null,
              "duration": 28411,
              "state": "passed",
              "speed": "slow",
              "pass": true,
              "fail": false,
              "pending": false,
              "context": null,
              "code": "cy.viewport(1322, 945);\ncy.visit(\"http://localhost:3000/post-reviews/29\");\ncy.wait(5000);\ncy.get(\"body > div:nth-of-type(1) div.relative img\").click();\ncy.get(\"div.absolute > div > div:nth-of-type(1) > div\").click();\ncy.get(\"#email\").click();\ncy.get(\"#email\").type(\"leminhtuong09122002@gmail.com\");\ncy.get(\"#password\").click();\ncy.get(\"#password\").type(\"Mtl@091202\");\ncy.get(\"div.justify-center div.flex-row > button\").click();\ncy.wait(5000);\ncy.get(\"[data-testid='like-button'] > span\").click();\nreturn;",
              "err": {},
              "uuid": "20a73fa6-b8fa-49e1-97f4-21eddf2c284c",
              "parentUUID": "c0d8a47e-fb46-45a2-93cd-b4affd53c3c0",
              "isHook": false,
              "skipped": false
            }
          ],
          "suites": [],
          "passes": [
            "20a73fa6-b8fa-49e1-97f4-21eddf2c284c"
          ],
          "failures": [],
          "pending": [],
          "skipped": [],
          "duration": 28411,
          "root": false,
          "rootEmpty": false,
          "_timeout": 2000
        }
      ],
      "passes": [],
      "failures": [],
      "pending": [],
      "skipped": [],
      "duration": 0,
      "root": true,
      "rootEmpty": true,
      "_timeout": 2000
    },
    {
      "uuid": "9601545b-f399-42ce-a325-2b58be4a6f69",
      "title": "",
      "fullFile": "cypress\\e2e\\updateAccountRoleSpec.cy.ts",
      "file": "cypress\\e2e\\updateAccountRoleSpec.cy.ts",
      "beforeHooks": [],
      "afterHooks": [],
      "tests": [],
      "suites": [
        {
          "uuid": "bcd07287-5251-4c23-a5ed-49cfe66029c9",
          "title": "Update account role",
          "fullFile": "",
          "file": "",
          "beforeHooks": [],
          "afterHooks": [],
          "tests": [
            {
              "title": "tests Update account role",
              "fullTitle": "Update account role tests Update account role",
              "timedOut": null,
              "duration": 28394,
              "state": "failed",
              "speed": null,
              "pass": false,
              "fail": true,
              "pending": false,
              "context": null,
              "code": "cy.visit(\"http://localhost:3000/\");\ncy.wait(5000);\ncy.get(\"body > div:nth-of-type(1) div.relative img\").click();\ncy.get(\"div.fixed > div > div > div.flex-row path\").click();\ncy.get(\"div.fixed > div > div > div.flex-row path\").click();\ncy.get(\"div.flex-row div.absolute > div > div:nth-of-type(1) > div\").click();\ncy.get(\"#email\").click();\ncy.get(\"#email\").type(\"admin@gmail.com\");\ncy.get(\"#password\").click();\ncy.get(\"#password\").type(\"admin@123\");\ncy.get(\"div.justify-center div.flex-row > button\").click();\ncy.wait(5000);\ncy.get(\"div.flex-row > div.w-full div:nth-of-type(1) > svg\").click({\n    force: true,\n});\ncy.wait(5000);\ncy.get(\"tr:nth-of-type(1) select\").select;\ncy.get(\"tr:nth-of-type(1) select\").select;\ncy.get(\"tr:nth-of-type(1) select\").select;\ncy.get(\"tr:nth-of-type(1) select\").type(\"4\");\nreturn;",
              "err": {
                "message": "AssertionError: Timed out retrying after 4000ms: Expected to find element: `tr:nth-of-type(1) select`, but never found it.",
                "estack": "AssertionError: Timed out retrying after 4000ms: Expected to find element: `tr:nth-of-type(1) select`, but never found it.\n    at Context.eval (webpack://paradise-booking-app/./cypress/e2e/updateAccountRoleSpec.cy.ts:20:0)",
                "diff": null
              },
              "uuid": "b026e503-4f43-4ef1-a9c4-aae26daeb2b5",
              "parentUUID": "bcd07287-5251-4c23-a5ed-49cfe66029c9",
              "isHook": false,
              "skipped": false
            }
          ],
          "suites": [],
          "passes": [],
          "failures": [
            "b026e503-4f43-4ef1-a9c4-aae26daeb2b5"
          ],
          "pending": [],
          "skipped": [],
          "duration": 28394,
          "root": false,
          "rootEmpty": false,
          "_timeout": 2000
        }
      ],
      "passes": [],
      "failures": [],
      "pending": [],
      "skipped": [],
      "duration": 0,
      "root": true,
      "rootEmpty": true,
      "_timeout": 2000
    },
    {
      "uuid": "c204962d-f9d1-4285-8ee5-8de6b89409a0",
      "title": "",
      "fullFile": "cypress\\e2e\\updateAccountStatusSpec.cy.ts",
      "file": "cypress\\e2e\\updateAccountStatusSpec.cy.ts",
      "beforeHooks": [],
      "afterHooks": [],
      "tests": [],
      "suites": [
        {
          "uuid": "8c712fce-3089-4383-99e0-2cb12327a221",
          "title": "Update account status",
          "fullFile": "",
          "file": "",
          "beforeHooks": [],
          "afterHooks": [],
          "tests": [
            {
              "title": "tests Update account status",
              "fullTitle": "Update account status tests Update account status",
              "timedOut": null,
              "duration": 29336,
              "state": "passed",
              "speed": "slow",
              "pass": true,
              "fail": false,
              "pending": false,
              "context": null,
              "code": "cy.visit(\"http://localhost:3000/\");\ncy.wait(5000);\ncy.get(\"div.flex-row > div.relative > div > div\").click();\ncy.wait(5000);\ncy.get(\"div.flex-row div.absolute > div > div:nth-of-type(1) > div\").click();\ncy.get(\"#email\").click();\ncy.get(\"#email\").type(\"admin@gmail.com\");\ncy.get(\"#password\").click();\ncy.get(\"#password\").type(\"admin@123\");\ncy.get(\"div.justify-center div.flex-row > button\").click();\ncy.wait(5000);\ncy.get(\"div.flex-row > div.w-full > div > div > div:nth-of-type(1) path:nth-of-type(2)\").click({ force: true });\ncy.wait(5000);\ncy.get(\"tr:nth-of-type(1) path\").click();\nreturn;",
              "err": {},
              "uuid": "284f2b41-7fba-4c3e-b423-b0b856acc089",
              "parentUUID": "8c712fce-3089-4383-99e0-2cb12327a221",
              "isHook": false,
              "skipped": false
            }
          ],
          "suites": [],
          "passes": [
            "284f2b41-7fba-4c3e-b423-b0b856acc089"
          ],
          "failures": [],
          "pending": [],
          "skipped": [],
          "duration": 29336,
          "root": false,
          "rootEmpty": false,
          "_timeout": 2000
        }
      ],
      "passes": [],
      "failures": [],
      "pending": [],
      "skipped": [],
      "duration": 0,
      "root": true,
      "rootEmpty": true,
      "_timeout": 2000
    },
    {
      "uuid": "1259f0e4-1419-43f6-9f2d-3d36b7546d29",
      "title": "",
      "fullFile": "cypress\\e2e\\addRoomToWishlistSpec.cy.ts",
      "file": "cypress\\e2e\\addRoomToWishlistSpec.cy.ts",
      "beforeHooks": [],
      "afterHooks": [],
      "tests": [],
      "suites": [
        {
          "uuid": "c7086869-01e1-457b-913e-bd1af083dec8",
          "title": "add place to wishlist",
          "fullFile": "",
          "file": "",
          "beforeHooks": [],
          "afterHooks": [],
          "tests": [
            {
              "title": "tests add place to wishlist failed",
              "fullTitle": "add place to wishlist tests add place to wishlist failed",
              "timedOut": null,
              "duration": 30490,
              "state": "passed",
              "speed": "slow",
              "pass": true,
              "fail": false,
              "pending": false,
              "context": null,
              "code": "cy.visit(\"http://localhost:3000/\");\ncy.wait(5000);\ncy.get(\"body > div:nth-of-type(1) div.relative img\").click();\ncy.wait(5000);\ncy.get(\"div.flex-row div.absolute > div > div:nth-of-type(1) > div\").click();\ncy.get(\"#email\").click();\ncy.get(\"#email\").type(\"leminhtuong09122002@gmail.com\");\ncy.get(\"#password\").click();\ncy.get(\"#password\").type(\"Mtl@091202\");\ncy.get(\"div.justify-center div.flex-row > button\").click();\ncy.wait(5000);\ncy.get(\"div.mt-0 > div:nth-of-type(1) svg.fill-white\").click({\n    force: true,\n});\ncy.wait(5000);\ncy.get(\"svg.bg-\\\\[\\\\#05a569\\\\]\").click({ force: true });\nreturn;",
              "err": {},
              "uuid": "e25eace1-4fd2-41f2-a1ea-0caa6c1504f8",
              "parentUUID": "c7086869-01e1-457b-913e-bd1af083dec8",
              "isHook": false,
              "skipped": false
            },
            {
              "title": "tests add place to wishlist successfully",
              "fullTitle": "add place to wishlist tests add place to wishlist successfully",
              "timedOut": null,
              "duration": 30902,
              "state": "passed",
              "speed": "slow",
              "pass": true,
              "fail": false,
              "pending": false,
              "context": null,
              "code": "cy.visit(\"http://localhost:3000/\");\ncy.wait(5000);\ncy.get(\"body > div:nth-of-type(1) div.relative img\").click();\ncy.wait(5000);\ncy.get(\"div.flex-row div.absolute > div > div:nth-of-type(1) > div\").click();\ncy.get(\"#email\").click();\ncy.get(\"#email\").type(\"leminhtuong09122002@gmail.com\");\ncy.get(\"#password\").click();\ncy.get(\"#password\").type(\"Mtl@091202\");\ncy.get(\"div.justify-center div.flex-row > button\").click();\ncy.wait(5000);\ncy.get(\"div:nth-of-type(5) svg.fill-white\").click({ force: true });\ncy.wait(5000);\ncy.get(\"svg.bg-\\\\[\\\\#05a569\\\\] > path\").click({ force: true });\nreturn;",
              "err": {},
              "uuid": "c1351577-9403-4985-9061-d90548fdc7b8",
              "parentUUID": "c7086869-01e1-457b-913e-bd1af083dec8",
              "isHook": false,
              "skipped": false
            },
            {
              "title": "tests add place to wishlist failed",
              "fullTitle": "add place to wishlist tests add place to wishlist failed",
              "timedOut": null,
              "duration": 32765,
              "state": "passed",
              "speed": "slow",
              "pass": true,
              "fail": false,
              "pending": false,
              "context": null,
              "code": "cy.visit(\"http://localhost:3000/listings/114\");\ncy.wait(5000);\ncy.get(\"body > div:nth-of-type(1) div.relative img\").click();\ncy.wait(5000);\ncy.get(\"body > div:nth-of-type(1) svg\").click({ force: true });\ncy.get(\"body > div:nth-of-type(1) svg\").click({ force: true });\ncy.get(\"div.absolute > div > div:nth-of-type(1) > div\").click();\ncy.get(\"#email\").click();\ncy.get(\"#email\").type(\"leminhtuong09122002@gmail.com\");\ncy.get(\"#password\").click();\ncy.get(\"#password\").type(\"Mtl@091202\");\ncy.get(\"div.justify-center div.flex-row > button\").click();\ncy.wait(5000);\ncy.get(\"svg.fill-white > path\").click({ force: true });\ncy.wait(5000);\ncy.get(\"svg.bg-\\\\[\\\\#05a569\\\\]\").click({ force: true });\nreturn;",
              "err": {},
              "uuid": "9d5c42c4-cae5-47e6-a127-6b0396dbac55",
              "parentUUID": "c7086869-01e1-457b-913e-bd1af083dec8",
              "isHook": false,
              "skipped": false
            },
            {
              "title": "tests add place to wishlist successfully",
              "fullTitle": "add place to wishlist tests add place to wishlist successfully",
              "timedOut": null,
              "duration": 31404,
              "state": "passed",
              "speed": "slow",
              "pass": true,
              "fail": false,
              "pending": false,
              "context": null,
              "code": "cy.visit(\"http://localhost:3000/listings/118\");\ncy.wait(5000);\ncy.get(\"body > div:nth-of-type(1) div.relative img\").click();\ncy.wait(5000);\ncy.get(\"body > div:nth-of-type(1) svg\").click({ force: true });\ncy.get(\"body > div:nth-of-type(1) svg\").click({ force: true });\ncy.get(\"div.absolute > div > div:nth-of-type(1) > div\").click();\ncy.get(\"#email\").click();\ncy.get(\"#email\").type(\"leminhtuong09122002@gmail.com\");\ncy.get(\"#password\").click();\ncy.get(\"#password\").type(\"Mtl@091202\");\ncy.get(\"div.justify-center div.flex-row > button\").click();\ncy.wait(5000);\ncy.get(\"svg.fill-white\").click({ force: true });\ncy.wait(5000);\ncy.get(\"svg.bg-\\\\[\\\\#05a569\\\\] > path\").click({ force: true });\nreturn;",
              "err": {},
              "uuid": "3436387d-e222-488f-9204-83829d861738",
              "parentUUID": "c7086869-01e1-457b-913e-bd1af083dec8",
              "isHook": false,
              "skipped": false
            }
          ],
          "suites": [],
          "passes": [
            "e25eace1-4fd2-41f2-a1ea-0caa6c1504f8",
            "c1351577-9403-4985-9061-d90548fdc7b8",
            "9d5c42c4-cae5-47e6-a127-6b0396dbac55",
            "3436387d-e222-488f-9204-83829d861738"
          ],
          "failures": [],
          "pending": [],
          "skipped": [],
          "duration": 125561,
          "root": false,
          "rootEmpty": false,
          "_timeout": 2000
        }
      ],
      "passes": [],
      "failures": [],
      "pending": [],
      "skipped": [],
      "duration": 0,
      "root": true,
      "rootEmpty": true,
      "_timeout": 2000
    },
    {
      "uuid": "6d9e5027-fd16-444f-abf8-50c3e4ab2c7d",
      "title": "",
      "fullFile": "cypress\\e2e\\commentPostReviewSpec.cy.ts",
      "file": "cypress\\e2e\\commentPostReviewSpec.cy.ts",
      "beforeHooks": [],
      "afterHooks": [],
      "tests": [],
      "suites": [
        {
          "uuid": "4253439a-0028-4462-b41b-43437a3ef47c",
          "title": "add comment failed",
          "fullFile": "",
          "file": "",
          "beforeHooks": [],
          "afterHooks": [],
          "tests": [
            {
              "title": "tests add comment failed",
              "fullTitle": "add comment failed tests add comment failed",
              "timedOut": null,
              "duration": 29982,
              "state": "passed",
              "speed": "slow",
              "pass": true,
              "fail": false,
              "pending": false,
              "context": null,
              "code": "cy.visit(\"http://localhost:3000/post-reviews/29\");\ncy.wait(5000);\ncy.get(\"body > div:nth-of-type(1) div.relative > div > div\").click();\ncy.get(\"div.absolute > div > div:nth-of-type(1) > div\").click();\ncy.wait(5000);\ncy.get(\"#email\").click();\ncy.get(\"#email\").type(\"leminhtuong09122002@gmail.com\");\ncy.get(\"#password\").click();\ncy.get(\"#password\").type(\"Mtl@091202\");\ncy.get(\"div.justify-center div.flex-row > button\").click();\ncy.wait(5000);\ncy.get(\"div.mx-auto > div:nth-of-type(2) > div.space-x-2 svg\").click({\n    force: true,\n});\nreturn;",
              "err": {},
              "uuid": "ac30870a-49b5-40e7-940b-09b4a688c7a6",
              "parentUUID": "4253439a-0028-4462-b41b-43437a3ef47c",
              "isHook": false,
              "skipped": false
            },
            {
              "title": "tests add comment successfully",
              "fullTitle": "add comment failed tests add comment successfully",
              "timedOut": null,
              "duration": 29766,
              "state": "passed",
              "speed": "slow",
              "pass": true,
              "fail": false,
              "pending": false,
              "context": null,
              "code": "cy.visit(\"http://localhost:3000/post-reviews/29\");\ncy.wait(5000);\ncy.get(\"body > div:nth-of-type(1) div.relative img\").click();\ncy.get(\"div.absolute > div > div:nth-of-type(1) > div\").click();\ncy.wait(5000);\ncy.get(\"#email\").click();\ncy.get(\"#email\").type(\"leminhtuong09122002@gmail.com\");\ncy.get(\"#password\").click();\ncy.get(\"#password\").type(\"Mtl@091202\");\ncy.get(\"div.justify-center div.flex-row > button\").click();\ncy.wait(5000);\ncy.get(\"[data-testid='comment-textarea']\").click();\ncy.get(\"[data-testid='comment-textarea']\").type(\"test comment\");\ncy.get(\"div.mx-auto > div:nth-of-type(2) > div.space-x-2 path\").click({\n    force: true,\n});\nreturn;",
              "err": {},
              "uuid": "d187e2da-1987-44a1-b2fa-b049dd53a4fc",
              "parentUUID": "4253439a-0028-4462-b41b-43437a3ef47c",
              "isHook": false,
              "skipped": false
            },
            {
              "title": "tests update comment failed",
              "fullTitle": "add comment failed tests update comment failed",
              "timedOut": null,
              "duration": 34446,
              "state": "failed",
              "speed": null,
              "pass": false,
              "fail": true,
              "pending": false,
              "context": null,
              "code": "cy.visit(\"http://localhost:3000/post-reviews/29\");\ncy.wait(5000);\ncy.get(\"body > div:nth-of-type(1) div.relative > div > div\").click();\ncy.get(\"div.absolute > div > div:nth-of-type(1) > div\").click();\ncy.wait(5000);\ncy.get(\"#email\").click();\ncy.get(\"#email\").type(\"leminhtuong09122002@gmail.com\");\ncy.get(\"#password\").click();\ncy.get(\"#password\").type(\"Mtl@091202\");\ncy.get(\"div.justify-center div.flex-row > button\").click();\ncy.wait(5000);\ncy.get(\"div.w-full > div:nth-of-type(1) div.flex > div > div.space-x-4\").click({ multiple: true });\ncy.get(\"div.px-4 div.w-full > div:nth-of-type(1) svg\").click({\n    force: true,\n});\ncy.get(\"div.w-full > div:nth-of-type(1) [data-testid='update-comment-button']\").click();\ncy.get(\"[data-testid='update-comment-textarea']\").click();\ncy.get(\"[data-testid='update-comment-textarea']\").clear();\ncy.get(\"div.px-4 div.w-full > div:nth-of-type(1) svg\").click({\n    force: true,\n});\ncy.get(\"div.w-full > div:nth-of-type(1) [data-testid='update-comment-button']\").click();\nreturn;",
              "err": {
                "message": "AssertionError: Timed out retrying after 4000ms: Expected to find element: `div.px-4 div.w-full > div:nth-of-type(1) svg`, but never found it.",
                "estack": "AssertionError: Timed out retrying after 4000ms: Expected to find element: `div.px-4 div.w-full > div:nth-of-type(1) svg`, but never found it.\n    at Context.eval (webpack://paradise-booking-app/./cypress/e2e/commentPostReviewSpec.cy.ts:52:0)",
                "diff": null
              },
              "uuid": "d18796d4-cb8b-4c5c-a5f3-bcf911cb537a",
              "parentUUID": "4253439a-0028-4462-b41b-43437a3ef47c",
              "isHook": false,
              "skipped": false
            },
            {
              "title": "tests update comment success",
              "fullTitle": "add comment failed tests update comment success",
              "timedOut": null,
              "duration": 33793,
              "state": "failed",
              "speed": null,
              "pass": false,
              "fail": true,
              "pending": false,
              "context": null,
              "code": "cy.visit(\"http://localhost:3000/post-reviews/29\");\ncy.wait(5000);\ncy.get(\"body > div:nth-of-type(1) div.relative img\").click();\ncy.get(\"div.absolute > div > div:nth-of-type(1) > div\").click();\ncy.wait(5000);\ncy.get(\"#email\").click();\ncy.get(\"#email\").type(\"leminhtuong09122002@gmail.com\");\ncy.get(\"#password\").click();\ncy.get(\"#password\").type(\"Mtl@091202\");\ncy.get(\"div.justify-center div.flex-row > button\").click();\ncy.wait(5000);\ncy.get(\"div.px-4 div.w-full > div:nth-of-type(1) svg\").click({\n    force: true,\n});\ncy.get(\"div.w-full > div:nth-of-type(1) [data-testid='update-comment-button']\").click({ multiple: true });\ncy.get(\"[data-testid='update-comment-textarea']\").click();\ncy.get(\"[data-testid='update-comment-textarea']\").type(\"test comment updated\");\ncy.get(\"div.px-4 div.w-full > div:nth-of-type(1) svg\").click({\n    force: true,\n});\ncy.wait(5000);\ncy.get(\"div.w-full > div:nth-of-type(1) [data-testid='update-comment-button']\").click();\nreturn;",
              "err": {
                "message": "AssertionError: Timed out retrying after 4000ms: Expected to find element: `div.px-4 div.w-full > div:nth-of-type(1) svg`, but never found it.",
                "estack": "AssertionError: Timed out retrying after 4000ms: Expected to find element: `div.px-4 div.w-full > div:nth-of-type(1) svg`, but never found it.\n    at Context.eval (webpack://paradise-booking-app/./cypress/e2e/commentPostReviewSpec.cy.ts:76:0)",
                "diff": null
              },
              "uuid": "26b2b78c-add6-441d-9bdd-3cd71fb47eb5",
              "parentUUID": "4253439a-0028-4462-b41b-43437a3ef47c",
              "isHook": false,
              "skipped": false
            },
            {
              "title": "tests delete comment",
              "fullTitle": "add comment failed tests delete comment",
              "timedOut": null,
              "duration": 33542,
              "state": "failed",
              "speed": null,
              "pass": false,
              "fail": true,
              "pending": false,
              "context": null,
              "code": "cy.visit(\"http://localhost:3000/post-reviews/29\");\ncy.wait(5000);\ncy.get(\"body > div:nth-of-type(1) div.relative > div > div\").click();\ncy.get(\"div.absolute > div > div:nth-of-type(1) > div\").click();\ncy.wait(5000);\ncy.get(\"div.flex-auto > div\").click();\ncy.get(\"#email\").click();\ncy.get(\"#email\").type(\"leminhtuong09122002@gmail.com\");\ncy.get(\"#password\").click();\ncy.get(\"#password\").type(\"Mtl@091202\");\ncy.get(\"div.justify-center div.flex-row > button\").click();\ncy.wait(5000);\ncy.get(\"div.px-4 div.w-full > div:nth-of-type(1) svg\").click({\n    force: true,\n});\ncy.wait(5000);\ncy.get(\"div.w-full > div:nth-of-type(1) [data-testid='remove-comment-button']\").click();\ncy.get(\"button.bg-red-600\").click();\nreturn;",
              "err": {
                "message": "AssertionError: Timed out retrying after 4000ms: Expected to find element: `div.px-4 div.w-full > div:nth-of-type(1) svg`, but never found it.",
                "estack": "AssertionError: Timed out retrying after 4000ms: Expected to find element: `div.px-4 div.w-full > div:nth-of-type(1) svg`, but never found it.\n    at Context.eval (webpack://paradise-booking-app/./cypress/e2e/commentPostReviewSpec.cy.ts:102:0)",
                "diff": null
              },
              "uuid": "8ab5253a-7602-4456-aa75-bcc7ba671ea9",
              "parentUUID": "4253439a-0028-4462-b41b-43437a3ef47c",
              "isHook": false,
              "skipped": false
            }
          ],
          "suites": [],
          "passes": [
            "ac30870a-49b5-40e7-940b-09b4a688c7a6",
            "d187e2da-1987-44a1-b2fa-b049dd53a4fc"
          ],
          "failures": [
            "d18796d4-cb8b-4c5c-a5f3-bcf911cb537a",
            "26b2b78c-add6-441d-9bdd-3cd71fb47eb5",
            "8ab5253a-7602-4456-aa75-bcc7ba671ea9"
          ],
          "pending": [],
          "skipped": [],
          "duration": 161529,
          "root": false,
          "rootEmpty": false,
          "_timeout": 2000
        }
      ],
      "passes": [],
      "failures": [],
      "pending": [],
      "skipped": [],
      "duration": 0,
      "root": true,
      "rootEmpty": true,
      "_timeout": 2000
    },
    {
      "uuid": "ec2ecb11-7c9f-4acb-b1c6-42aa2d6b17d1",
      "title": "",
      "fullFile": "cypress\\e2e\\likePostReviewSpec.cy.ts",
      "file": "cypress\\e2e\\likePostReviewSpec.cy.ts",
      "beforeHooks": [],
      "afterHooks": [],
      "tests": [],
      "suites": [
        {
          "uuid": "16aecf8e-1c47-4a1d-a44a-f691fd44f292",
          "title": "like post",
          "fullFile": "",
          "file": "",
          "beforeHooks": [],
          "afterHooks": [],
          "tests": [
            {
              "title": "tests like post",
              "fullTitle": "like post tests like post",
              "timedOut": null,
              "duration": 26188,
              "state": "passed",
              "speed": "slow",
              "pass": true,
              "fail": false,
              "pending": false,
              "context": null,
              "code": "cy.visit(\"http://localhost:3000/post-reviews/29\");\ncy.wait(5000);\ncy.get(\"body > div:nth-of-type(1) div.relative img\").click();\ncy.get(\"div.absolute > div > div:nth-of-type(1) > div\").click();\ncy.get(\"#email\").click();\ncy.get(\"#email\").type(\"leminhtuong09122002@gmail.com\");\ncy.get(\"#password\").click();\ncy.get(\"#password\").type(\"Mtl@091202\");\ncy.get(\"div.justify-center div.flex-row > button\").click();\ncy.wait(5000);\ncy.get(\"[data-testid='like-button'] > span\").click();\nreturn;",
              "err": {},
              "uuid": "74a41805-3d8a-49bc-9509-6a089114da9e",
              "parentUUID": "16aecf8e-1c47-4a1d-a44a-f691fd44f292",
              "isHook": false,
              "skipped": false
            }
          ],
          "suites": [],
          "passes": [
            "74a41805-3d8a-49bc-9509-6a089114da9e"
          ],
          "failures": [],
          "pending": [],
          "skipped": [],
          "duration": 26188,
          "root": false,
          "rootEmpty": false,
          "_timeout": 2000
        }
      ],
      "passes": [],
      "failures": [],
      "pending": [],
      "skipped": [],
      "duration": 0,
      "root": true,
      "rootEmpty": true,
      "_timeout": 2000
    },
    {
      "uuid": "5775629d-7e81-476c-bd00-06a8932282b4",
      "title": "",
      "fullFile": "cypress\\e2e\\logoutSpec.cy.ts",
      "file": "cypress\\e2e\\logoutSpec.cy.ts",
      "beforeHooks": [],
      "afterHooks": [],
      "tests": [],
      "suites": [
        {
          "uuid": "f0d02152-62c2-4152-8c1d-861c8d47f944",
          "title": "logout",
          "fullFile": "",
          "file": "",
          "beforeHooks": [],
          "afterHooks": [],
          "tests": [
            {
              "title": "tests logout",
              "fullTitle": "logout tests logout",
              "timedOut": null,
              "duration": 18909,
              "state": "passed",
              "speed": "slow",
              "pass": true,
              "fail": false,
              "pending": false,
              "context": null,
              "code": "cy.visit(\"http://localhost:3000/\");\ncy.wait(5000);\ncy.get(\"div.fixed > div > div > div.flex-row path\").click();\ncy.get(\"div.flex-row div.absolute > div > div:nth-of-type(1) > div\").click();\ncy.get(\"#email\").click();\ncy.get(\"#email\").type(\"leminhtuong09122002@gmail.com\");\ncy.get(\"#password\").click();\ncy.get(\"#password\").type(\"Mtl@091202\");\ncy.get(\"div.justify-center div.flex-row > button\").click();\ncy.wait(5000);\ncy.get(\"div.fixed > div > div > div.flex-row svg\").click({\n    force: true,\n});\ncy.get(\"div.hover\\\\:bg-neutral-100 > div\").click();\ncy.get(\"button.bg-red-600\").click();\nreturn;",
              "err": {},
              "uuid": "12388f37-235e-4886-b74d-cd591ccf3dbf",
              "parentUUID": "f0d02152-62c2-4152-8c1d-861c8d47f944",
              "isHook": false,
              "skipped": false
            }
          ],
          "suites": [],
          "passes": [
            "12388f37-235e-4886-b74d-cd591ccf3dbf"
          ],
          "failures": [],
          "pending": [],
          "skipped": [],
          "duration": 18909,
          "root": false,
          "rootEmpty": false,
          "_timeout": 2000
        }
      ],
      "passes": [],
      "failures": [],
      "pending": [],
      "skipped": [],
      "duration": 0,
      "root": true,
      "rootEmpty": true,
      "_timeout": 2000
    },
    {
      "uuid": "685209c0-23dd-4859-9b6e-a2c876f85b3e",
      "title": "",
      "fullFile": "cypress\\e2e\\unlikePostReviewSpec.cy.ts",
      "file": "cypress\\e2e\\unlikePostReviewSpec.cy.ts",
      "beforeHooks": [],
      "afterHooks": [],
      "tests": [],
      "suites": [
        {
          "uuid": "d59c63ab-fc37-45fb-ab49-db2d475fa454",
          "title": "unlike post",
          "fullFile": "",
          "file": "",
          "beforeHooks": [],
          "afterHooks": [],
          "tests": [
            {
              "title": "tests unlike post",
              "fullTitle": "unlike post tests unlike post",
              "timedOut": null,
              "duration": 24446,
              "state": "passed",
              "speed": "slow",
              "pass": true,
              "fail": false,
              "pending": false,
              "context": null,
              "code": "cy.viewport(1322, 945);\ncy.visit(\"http://localhost:3000/post-reviews/29\");\ncy.wait(5000);\ncy.get(\"body > div:nth-of-type(1) div.relative img\").click();\ncy.get(\"div.absolute > div > div:nth-of-type(1) > div\").click();\ncy.get(\"#email\").click();\ncy.get(\"#email\").type(\"leminhtuong09122002@gmail.com\");\ncy.get(\"#password\").click();\ncy.get(\"#password\").type(\"Mtl@091202\");\ncy.get(\"div.justify-center div.flex-row > button\").click();\ncy.wait(5000);\ncy.get(\"[data-testid='like-button'] > span\").click();\nreturn;",
              "err": {},
              "uuid": "fe2a3b70-ad9b-4754-9d86-5b5f41b0c74b",
              "parentUUID": "d59c63ab-fc37-45fb-ab49-db2d475fa454",
              "isHook": false,
              "skipped": false
            }
          ],
          "suites": [],
          "passes": [
            "fe2a3b70-ad9b-4754-9d86-5b5f41b0c74b"
          ],
          "failures": [],
          "pending": [],
          "skipped": [],
          "duration": 24446,
          "root": false,
          "rootEmpty": false,
          "_timeout": 2000
        }
      ],
      "passes": [],
      "failures": [],
      "pending": [],
      "skipped": [],
      "duration": 0,
      "root": true,
      "rootEmpty": true,
      "_timeout": 2000
    },
    {
      "uuid": "703ff47c-4ac2-4a0b-82d6-f7508fc0ef8f",
      "title": "",
      "fullFile": "cypress\\e2e\\updateAccountRoleSpec.cy.ts",
      "file": "cypress\\e2e\\updateAccountRoleSpec.cy.ts",
      "beforeHooks": [],
      "afterHooks": [],
      "tests": [],
      "suites": [
        {
          "uuid": "6d91352f-baf8-4adf-ad64-6b5bbbfd47e4",
          "title": "Update account role",
          "fullFile": "",
          "file": "",
          "beforeHooks": [],
          "afterHooks": [],
          "tests": [
            {
              "title": "tests Update account role",
              "fullTitle": "Update account role tests Update account role",
              "timedOut": null,
              "duration": 23952,
              "state": "passed",
              "speed": "slow",
              "pass": true,
              "fail": false,
              "pending": false,
              "context": null,
              "code": "cy.visit(\"http://localhost:3000/\");\ncy.wait(5000);\ncy.get(\"body > div:nth-of-type(1) div.relative img\").click();\ncy.get(\"div.fixed > div > div > div.flex-row path\").click();\ncy.get(\"div.fixed > div > div > div.flex-row path\").click();\ncy.get(\"div.flex-row div.absolute > div > div:nth-of-type(1) > div\").click();\ncy.get(\"#email\").click();\ncy.get(\"#email\").type(\"admin@gmail.com\");\ncy.get(\"#password\").click();\ncy.get(\"#password\").type(\"admin@123\");\ncy.get(\"div.justify-center div.flex-row > button\").click();\ncy.wait(5000);\ncy.get(\"div.flex-row > div.w-full div:nth-of-type(1) > svg\").click({\n    force: true,\n});\ncy.wait(5000);\ncy.get(\"tr:nth-of-type(1) select\").select;\ncy.get(\"tr:nth-of-type(1) select\").select;\ncy.get(\"tr:nth-of-type(1) select\").select;\ncy.get(\"tr:nth-of-type(1) select\").type(\"4\");\nreturn;",
              "err": {},
              "uuid": "e5a8848a-24a9-48d5-ba0e-da701ba90ced",
              "parentUUID": "6d91352f-baf8-4adf-ad64-6b5bbbfd47e4",
              "isHook": false,
              "skipped": false
            }
          ],
          "suites": [],
          "passes": [
            "e5a8848a-24a9-48d5-ba0e-da701ba90ced"
          ],
          "failures": [],
          "pending": [],
          "skipped": [],
          "duration": 23952,
          "root": false,
          "rootEmpty": false,
          "_timeout": 2000
        }
      ],
      "passes": [],
      "failures": [],
      "pending": [],
      "skipped": [],
      "duration": 0,
      "root": true,
      "rootEmpty": true,
      "_timeout": 2000
    },
    {
      "uuid": "61274d26-9417-456d-b66c-e41cc69ce903",
      "title": "",
      "fullFile": "cypress\\e2e\\updateAccountStatusSpec.cy.ts",
      "file": "cypress\\e2e\\updateAccountStatusSpec.cy.ts",
      "beforeHooks": [],
      "afterHooks": [],
      "tests": [],
      "suites": [
        {
          "uuid": "7c28b6e8-cc51-44db-8a44-b56f87767cc0",
          "title": "Update account status",
          "fullFile": "",
          "file": "",
          "beforeHooks": [],
          "afterHooks": [],
          "tests": [
            {
              "title": "tests Update account status",
              "fullTitle": "Update account status tests Update account status",
              "timedOut": null,
              "duration": 28672,
              "state": "passed",
              "speed": "slow",
              "pass": true,
              "fail": false,
              "pending": false,
              "context": null,
              "code": "cy.visit(\"http://localhost:3000/\");\ncy.wait(5000);\ncy.get(\"div.flex-row > div.relative > div > div\").click();\ncy.wait(5000);\ncy.get(\"div.flex-row div.absolute > div > div:nth-of-type(1) > div\").click();\ncy.get(\"#email\").click();\ncy.get(\"#email\").type(\"admin@gmail.com\");\ncy.get(\"#password\").click();\ncy.get(\"#password\").type(\"admin@123\");\ncy.get(\"div.justify-center div.flex-row > button\").click();\ncy.wait(5000);\ncy.get(\"div.flex-row > div.w-full > div > div > div:nth-of-type(1) path:nth-of-type(2)\").click({ force: true });\ncy.wait(5000);\ncy.get(\"tr:nth-of-type(1) path\").click();\nreturn;",
              "err": {},
              "uuid": "f556e01b-518b-4aed-9862-3e830f915e42",
              "parentUUID": "7c28b6e8-cc51-44db-8a44-b56f87767cc0",
              "isHook": false,
              "skipped": false
            }
          ],
          "suites": [],
          "passes": [
            "f556e01b-518b-4aed-9862-3e830f915e42"
          ],
          "failures": [],
          "pending": [],
          "skipped": [],
          "duration": 28672,
          "root": false,
          "rootEmpty": false,
          "_timeout": 2000
        }
      ],
      "passes": [],
      "failures": [],
      "pending": [],
      "skipped": [],
      "duration": 0,
      "root": true,
      "rootEmpty": true,
      "_timeout": 2000
    },
    {
      "uuid": "6da220ec-3cbc-436a-b630-c3b56696d35b",
      "title": "",
      "fullFile": "cypress\\e2e\\addRoomToWishlistSpec.cy.ts",
      "file": "cypress\\e2e\\addRoomToWishlistSpec.cy.ts",
      "beforeHooks": [],
      "afterHooks": [],
      "tests": [],
      "suites": [
        {
          "uuid": "bdb1420b-b7a7-4a2e-92c2-d200e8fc4462",
          "title": "add place to wishlist",
          "fullFile": "",
          "file": "",
          "beforeHooks": [],
          "afterHooks": [],
          "tests": [
            {
              "title": "tests add place to wishlist failed",
              "fullTitle": "add place to wishlist tests add place to wishlist failed",
              "timedOut": null,
              "duration": 29164,
              "state": "passed",
              "speed": "slow",
              "pass": true,
              "fail": false,
              "pending": false,
              "context": null,
              "code": "cy.visit(\"http://localhost:3000/\");\ncy.wait(5000);\ncy.get(\"body > div:nth-of-type(1) div.relative img\").click();\ncy.wait(5000);\ncy.get(\"div.flex-row div.absolute > div > div:nth-of-type(1) > div\").click();\ncy.get(\"#email\").click();\ncy.get(\"#email\").type(\"leminhtuong09122002@gmail.com\");\ncy.get(\"#password\").click();\ncy.get(\"#password\").type(\"Mtl@091202\");\ncy.get(\"div.justify-center div.flex-row > button\").click();\ncy.wait(5000);\ncy.get(\"div.mt-0 > div:nth-of-type(1) svg.fill-white\").click({\n    force: true,\n});\ncy.wait(5000);\ncy.get(\"svg.bg-\\\\[\\\\#05a569\\\\]\").click({ force: true });\nreturn;",
              "err": {},
              "uuid": "31b147f4-5568-427a-9f20-85e0d38ecc7f",
              "parentUUID": "bdb1420b-b7a7-4a2e-92c2-d200e8fc4462",
              "isHook": false,
              "skipped": false
            },
            {
              "title": "tests add place to wishlist successfully",
              "fullTitle": "add place to wishlist tests add place to wishlist successfully",
              "timedOut": null,
              "duration": 30234,
              "state": "passed",
              "speed": "slow",
              "pass": true,
              "fail": false,
              "pending": false,
              "context": null,
              "code": "cy.visit(\"http://localhost:3000/\");\ncy.wait(5000);\ncy.get(\"body > div:nth-of-type(1) div.relative img\").click();\ncy.wait(5000);\ncy.get(\"div.flex-row div.absolute > div > div:nth-of-type(1) > div\").click();\ncy.get(\"#email\").click();\ncy.get(\"#email\").type(\"leminhtuong09122002@gmail.com\");\ncy.get(\"#password\").click();\ncy.get(\"#password\").type(\"Mtl@091202\");\ncy.get(\"div.justify-center div.flex-row > button\").click();\ncy.wait(5000);\ncy.get(\"div:nth-of-type(5) svg.fill-white\").click({ force: true });\ncy.wait(5000);\ncy.get(\"svg.bg-\\\\[\\\\#05a569\\\\] > path\").click({ force: true });\nreturn;",
              "err": {},
              "uuid": "528414f9-39f3-4df3-8612-5aab6b3b9832",
              "parentUUID": "bdb1420b-b7a7-4a2e-92c2-d200e8fc4462",
              "isHook": false,
              "skipped": false
            },
            {
              "title": "tests add place to wishlist failed",
              "fullTitle": "add place to wishlist tests add place to wishlist failed",
              "timedOut": null,
              "duration": 30882,
              "state": "passed",
              "speed": "slow",
              "pass": true,
              "fail": false,
              "pending": false,
              "context": null,
              "code": "cy.visit(\"http://localhost:3000/listings/114\");\ncy.wait(5000);\ncy.get(\"body > div:nth-of-type(1) div.relative img\").click();\ncy.wait(5000);\ncy.get(\"body > div:nth-of-type(1) svg\").click({ force: true });\ncy.get(\"body > div:nth-of-type(1) svg\").click({ force: true });\ncy.get(\"div.absolute > div > div:nth-of-type(1) > div\").click();\ncy.get(\"#email\").click();\ncy.get(\"#email\").type(\"leminhtuong09122002@gmail.com\");\ncy.get(\"#password\").click();\ncy.get(\"#password\").type(\"Mtl@091202\");\ncy.get(\"div.justify-center div.flex-row > button\").click();\ncy.wait(5000);\ncy.get(\"svg.fill-white > path\").click({ force: true });\ncy.wait(5000);\ncy.get(\"svg.bg-\\\\[\\\\#05a569\\\\]\").click({ force: true });\nreturn;",
              "err": {},
              "uuid": "a40246c6-982a-4ecf-8c47-9509c2296b9d",
              "parentUUID": "bdb1420b-b7a7-4a2e-92c2-d200e8fc4462",
              "isHook": false,
              "skipped": false
            },
            {
              "title": "tests add place to wishlist successfully",
              "fullTitle": "add place to wishlist tests add place to wishlist successfully",
              "timedOut": null,
              "duration": 31117,
              "state": "passed",
              "speed": "slow",
              "pass": true,
              "fail": false,
              "pending": false,
              "context": null,
              "code": "cy.visit(\"http://localhost:3000/listings/118\");\ncy.wait(5000);\ncy.get(\"body > div:nth-of-type(1) div.relative img\").click();\ncy.wait(5000);\ncy.get(\"body > div:nth-of-type(1) svg\").click({ force: true });\ncy.get(\"body > div:nth-of-type(1) svg\").click({ force: true });\ncy.get(\"div.absolute > div > div:nth-of-type(1) > div\").click();\ncy.get(\"#email\").click();\ncy.get(\"#email\").type(\"leminhtuong09122002@gmail.com\");\ncy.get(\"#password\").click();\ncy.get(\"#password\").type(\"Mtl@091202\");\ncy.get(\"div.justify-center div.flex-row > button\").click();\ncy.wait(5000);\ncy.get(\"svg.fill-white\").click({ force: true });\ncy.wait(5000);\ncy.get(\"svg.bg-\\\\[\\\\#05a569\\\\] > path\").click({ force: true });\nreturn;",
              "err": {},
              "uuid": "51c8d346-c83f-4082-be0c-d14bdedf84d2",
              "parentUUID": "bdb1420b-b7a7-4a2e-92c2-d200e8fc4462",
              "isHook": false,
              "skipped": false
            }
          ],
          "suites": [],
          "passes": [
            "31b147f4-5568-427a-9f20-85e0d38ecc7f",
            "528414f9-39f3-4df3-8612-5aab6b3b9832",
            "a40246c6-982a-4ecf-8c47-9509c2296b9d",
            "51c8d346-c83f-4082-be0c-d14bdedf84d2"
          ],
          "failures": [],
          "pending": [],
          "skipped": [],
          "duration": 121397,
          "root": false,
          "rootEmpty": false,
          "_timeout": 2000
        }
      ],
      "passes": [],
      "failures": [],
      "pending": [],
      "skipped": [],
      "duration": 0,
      "root": true,
      "rootEmpty": true,
      "_timeout": 2000
    },
    {
      "uuid": "cedbb02f-08b2-42be-812b-f4be517dcf81",
      "title": "",
      "fullFile": "cypress\\e2e\\commentPostReviewSpec.cy.ts",
      "file": "cypress\\e2e\\commentPostReviewSpec.cy.ts",
      "beforeHooks": [],
      "afterHooks": [],
      "tests": [],
      "suites": [
        {
          "uuid": "4b343165-f323-4332-b868-0b5fbcdd35f9",
          "title": "add comment failed",
          "fullFile": "",
          "file": "",
          "beforeHooks": [],
          "afterHooks": [],
          "tests": [
            {
              "title": "tests add comment failed",
              "fullTitle": "add comment failed tests add comment failed",
              "timedOut": null,
              "duration": 29142,
              "state": "passed",
              "speed": "slow",
              "pass": true,
              "fail": false,
              "pending": false,
              "context": null,
              "code": "cy.visit(\"http://localhost:3000/post-reviews/29\");\ncy.wait(5000);\ncy.get(\"body > div:nth-of-type(1) div.relative > div > div\").click();\ncy.get(\"div.absolute > div > div:nth-of-type(1) > div\").click();\ncy.wait(5000);\ncy.get(\"#email\").click();\ncy.get(\"#email\").type(\"leminhtuong09122002@gmail.com\");\ncy.get(\"#password\").click();\ncy.get(\"#password\").type(\"Mtl@091202\");\ncy.get(\"div.justify-center div.flex-row > button\").click();\ncy.wait(5000);\ncy.get(\"div.mx-auto > div:nth-of-type(2) > div.space-x-2 svg\").click({\n    force: true,\n});\nreturn;",
              "err": {},
              "uuid": "71955125-5ddc-4a44-9f0e-d39903473e75",
              "parentUUID": "4b343165-f323-4332-b868-0b5fbcdd35f9",
              "isHook": false,
              "skipped": false
            },
            {
              "title": "tests add comment successfully",
              "fullTitle": "add comment failed tests add comment successfully",
              "timedOut": null,
              "duration": 31691,
              "state": "passed",
              "speed": "slow",
              "pass": true,
              "fail": false,
              "pending": false,
              "context": null,
              "code": "cy.visit(\"http://localhost:3000/post-reviews/29\");\ncy.wait(5000);\ncy.get(\"body > div:nth-of-type(1) div.relative img\").click();\ncy.get(\"div.absolute > div > div:nth-of-type(1) > div\").click();\ncy.wait(5000);\ncy.get(\"#email\").click();\ncy.get(\"#email\").type(\"leminhtuong09122002@gmail.com\");\ncy.get(\"#password\").click();\ncy.get(\"#password\").type(\"Mtl@091202\");\ncy.get(\"div.justify-center div.flex-row > button\").click();\ncy.wait(5000);\ncy.get(\"[data-testid='comment-textarea']\").click();\ncy.get(\"[data-testid='comment-textarea']\").type(\"test comment\");\ncy.get(\"div.mx-auto > div:nth-of-type(2) > div.space-x-2 path\").click({\n    force: true,\n});\nreturn;",
              "err": {},
              "uuid": "0028d57f-e35a-45c8-b1c1-f93d737a6996",
              "parentUUID": "4b343165-f323-4332-b868-0b5fbcdd35f9",
              "isHook": false,
              "skipped": false
            },
            {
              "title": "tests update comment failed",
              "fullTitle": "add comment failed tests update comment failed",
              "timedOut": null,
              "duration": 37571,
              "state": "failed",
              "speed": null,
              "pass": false,
              "fail": true,
              "pending": false,
              "context": null,
              "code": "cy.visit(\"http://localhost:3000/post-reviews/29\");\ncy.wait(5000);\ncy.get(\"body > div:nth-of-type(1) div.relative > div > div\").click();\ncy.get(\"div.absolute > div > div:nth-of-type(1) > div\").click();\ncy.wait(5000);\ncy.get(\"#email\").click();\ncy.get(\"#email\").type(\"leminhtuong09122002@gmail.com\");\ncy.get(\"#password\").click();\ncy.get(\"#password\").type(\"Mtl@091202\");\ncy.get(\"div.justify-center div.flex-row > button\").click();\ncy.wait(5000);\ncy.get(\"div.w-full > div:nth-of-type(1) div.flex > div > div.space-x-4\").click({ multiple: true });\ncy.get(\"div.px-4 div.w-full > div:nth-of-type(1) svg\").click({\n    force: true,\n});\ncy.wait(5000);\ncy.get(\"div.w-full > div:nth-of-type(1) [data-testid='update-comment-button']\").click();\ncy.get(\"[data-testid='update-comment-textarea']\").click();\ncy.get(\"[data-testid='update-comment-textarea']\").clear();\ncy.get(\"div.px-4 div.w-full > div:nth-of-type(1) svg\").click({\n    force: true,\n});\ncy.wait(5000);\ncy.get(\"div.w-full > div:nth-of-type(1) [data-testid='update-comment-button']\").click();\nreturn;",
              "err": {
                "message": "AssertionError: Timed out retrying after 4000ms: Expected to find element: `div.px-4 div.w-full > div:nth-of-type(1) svg`, but never found it.",
                "estack": "AssertionError: Timed out retrying after 4000ms: Expected to find element: `div.px-4 div.w-full > div:nth-of-type(1) svg`, but never found it.\n    at Context.eval (webpack://paradise-booking-app/./cypress/e2e/commentPostReviewSpec.cy.ts:52:0)",
                "diff": null
              },
              "uuid": "03154ce1-8325-48a6-b671-83488fcc2f00",
              "parentUUID": "4b343165-f323-4332-b868-0b5fbcdd35f9",
              "isHook": false,
              "skipped": false
            },
            {
              "title": "tests update comment success",
              "fullTitle": "add comment failed tests update comment success",
              "timedOut": null,
              "duration": 34088,
              "state": "failed",
              "speed": null,
              "pass": false,
              "fail": true,
              "pending": false,
              "context": null,
              "code": "cy.visit(\"http://localhost:3000/post-reviews/29\");\ncy.wait(5000);\ncy.get(\"body > div:nth-of-type(1) div.relative img\").click();\ncy.get(\"div.absolute > div > div:nth-of-type(1) > div\").click();\ncy.wait(5000);\ncy.get(\"#email\").click();\ncy.get(\"#email\").type(\"leminhtuong09122002@gmail.com\");\ncy.get(\"#password\").click();\ncy.get(\"#password\").type(\"Mtl@091202\");\ncy.get(\"div.justify-center div.flex-row > button\").click();\ncy.wait(5000);\ncy.get(\"div.px-4 div.w-full > div:nth-of-type(1) svg\").click({\n    force: true,\n});\ncy.wait(5000);\ncy.get(\"div.w-full > div:nth-of-type(1) [data-testid='update-comment-button']\").click({ multiple: true });\ncy.get(\"[data-testid='update-comment-textarea']\").click();\ncy.get(\"[data-testid='update-comment-textarea']\").type(\"test comment updated\");\ncy.get(\"div.px-4 div.w-full > div:nth-of-type(1) svg\").click({\n    force: true,\n});\ncy.wait(5000);\ncy.get(\"div.w-full > div:nth-of-type(1) [data-testid='update-comment-button']\").click();\nreturn;",
              "err": {
                "message": "AssertionError: Timed out retrying after 4000ms: Expected to find element: `div.px-4 div.w-full > div:nth-of-type(1) svg`, but never found it.",
                "estack": "AssertionError: Timed out retrying after 4000ms: Expected to find element: `div.px-4 div.w-full > div:nth-of-type(1) svg`, but never found it.\n    at Context.eval (webpack://paradise-booking-app/./cypress/e2e/commentPostReviewSpec.cy.ts:78:0)",
                "diff": null
              },
              "uuid": "d7800296-8a2c-4421-8415-ea2ad41e71d5",
              "parentUUID": "4b343165-f323-4332-b868-0b5fbcdd35f9",
              "isHook": false,
              "skipped": false
            },
            {
              "title": "tests delete comment",
              "fullTitle": "add comment failed tests delete comment",
              "timedOut": null,
              "duration": 33377,
              "state": "failed",
              "speed": null,
              "pass": false,
              "fail": true,
              "pending": false,
              "context": null,
              "code": "cy.visit(\"http://localhost:3000/post-reviews/29\");\ncy.wait(5000);\ncy.get(\"body > div:nth-of-type(1) div.relative > div > div\").click();\ncy.get(\"div.absolute > div > div:nth-of-type(1) > div\").click();\ncy.wait(5000);\ncy.get(\"div.flex-auto > div\").click();\ncy.get(\"#email\").click();\ncy.get(\"#email\").type(\"leminhtuong09122002@gmail.com\");\ncy.get(\"#password\").click();\ncy.get(\"#password\").type(\"Mtl@091202\");\ncy.get(\"div.justify-center div.flex-row > button\").click();\ncy.wait(5000);\ncy.get(\"div.px-4 div.w-full > div:nth-of-type(1) svg\").click({\n    force: true,\n});\ncy.wait(5000);\ncy.get(\"div.w-full > div:nth-of-type(1) [data-testid='remove-comment-button']\").click();\ncy.get(\"button.bg-red-600\").click();\nreturn;",
              "err": {
                "message": "AssertionError: Timed out retrying after 4000ms: Expected to find element: `div.px-4 div.w-full > div:nth-of-type(1) svg`, but never found it.",
                "estack": "AssertionError: Timed out retrying after 4000ms: Expected to find element: `div.px-4 div.w-full > div:nth-of-type(1) svg`, but never found it.\n    at Context.eval (webpack://paradise-booking-app/./cypress/e2e/commentPostReviewSpec.cy.ts:105:0)",
                "diff": null
              },
              "uuid": "9653b704-8981-47e7-b4eb-91e59a3c2462",
              "parentUUID": "4b343165-f323-4332-b868-0b5fbcdd35f9",
              "isHook": false,
              "skipped": false
            }
          ],
          "suites": [],
          "passes": [
            "71955125-5ddc-4a44-9f0e-d39903473e75",
            "0028d57f-e35a-45c8-b1c1-f93d737a6996"
          ],
          "failures": [
            "03154ce1-8325-48a6-b671-83488fcc2f00",
            "d7800296-8a2c-4421-8415-ea2ad41e71d5",
            "9653b704-8981-47e7-b4eb-91e59a3c2462"
          ],
          "pending": [],
          "skipped": [],
          "duration": 165869,
          "root": false,
          "rootEmpty": false,
          "_timeout": 2000
        }
      ],
      "passes": [],
      "failures": [],
      "pending": [],
      "skipped": [],
      "duration": 0,
      "root": true,
      "rootEmpty": true,
      "_timeout": 2000
    },
    {
      "uuid": "412821f6-bf7a-4a40-869b-7267d6d24c4d",
      "title": "",
      "fullFile": "cypress\\e2e\\likePostReviewSpec.cy.ts",
      "file": "cypress\\e2e\\likePostReviewSpec.cy.ts",
      "beforeHooks": [],
      "afterHooks": [],
      "tests": [],
      "suites": [
        {
          "uuid": "e6282996-96cd-4a26-bf81-917e48200244",
          "title": "like post",
          "fullFile": "",
          "file": "",
          "beforeHooks": [],
          "afterHooks": [],
          "tests": [
            {
              "title": "tests like post",
              "fullTitle": "like post tests like post",
              "timedOut": null,
              "duration": 25991,
              "state": "passed",
              "speed": "slow",
              "pass": true,
              "fail": false,
              "pending": false,
              "context": null,
              "code": "cy.visit(\"http://localhost:3000/post-reviews/29\");\ncy.wait(5000);\ncy.get(\"body > div:nth-of-type(1) div.relative img\").click();\ncy.get(\"div.absolute > div > div:nth-of-type(1) > div\").click();\ncy.get(\"#email\").click();\ncy.get(\"#email\").type(\"leminhtuong09122002@gmail.com\");\ncy.get(\"#password\").click();\ncy.get(\"#password\").type(\"Mtl@091202\");\ncy.get(\"div.justify-center div.flex-row > button\").click();\ncy.wait(5000);\ncy.get(\"[data-testid='like-button'] > span\").click();\nreturn;",
              "err": {},
              "uuid": "b522bad9-7cd2-4ec8-be35-26c45d6d35f9",
              "parentUUID": "e6282996-96cd-4a26-bf81-917e48200244",
              "isHook": false,
              "skipped": false
            }
          ],
          "suites": [],
          "passes": [
            "b522bad9-7cd2-4ec8-be35-26c45d6d35f9"
          ],
          "failures": [],
          "pending": [],
          "skipped": [],
          "duration": 25991,
          "root": false,
          "rootEmpty": false,
          "_timeout": 2000
        }
      ],
      "passes": [],
      "failures": [],
      "pending": [],
      "skipped": [],
      "duration": 0,
      "root": true,
      "rootEmpty": true,
      "_timeout": 2000
    },
    {
      "uuid": "8f9ab745-8c21-45c8-9641-0a2b19cc585f",
      "title": "",
      "fullFile": "cypress\\e2e\\logoutSpec.cy.ts",
      "file": "cypress\\e2e\\logoutSpec.cy.ts",
      "beforeHooks": [],
      "afterHooks": [],
      "tests": [],
      "suites": [
        {
          "uuid": "dd65674e-096c-4cc4-b764-a60914610e1f",
          "title": "logout",
          "fullFile": "",
          "file": "",
          "beforeHooks": [],
          "afterHooks": [],
          "tests": [
            {
              "title": "tests logout",
              "fullTitle": "logout tests logout",
              "timedOut": null,
              "duration": 18970,
              "state": "passed",
              "speed": "slow",
              "pass": true,
              "fail": false,
              "pending": false,
              "context": null,
              "code": "cy.visit(\"http://localhost:3000/\");\ncy.wait(5000);\ncy.get(\"div.fixed > div > div > div.flex-row path\").click();\ncy.get(\"div.flex-row div.absolute > div > div:nth-of-type(1) > div\").click();\ncy.get(\"#email\").click();\ncy.get(\"#email\").type(\"leminhtuong09122002@gmail.com\");\ncy.get(\"#password\").click();\ncy.get(\"#password\").type(\"Mtl@091202\");\ncy.get(\"div.justify-center div.flex-row > button\").click();\ncy.wait(5000);\ncy.get(\"div.fixed > div > div > div.flex-row svg\").click({\n    force: true,\n});\ncy.get(\"div.hover\\\\:bg-neutral-100 > div\").click();\ncy.get(\"button.bg-red-600\").click();\nreturn;",
              "err": {},
              "uuid": "10144cf6-284c-4e8a-8f71-e732761b5213",
              "parentUUID": "dd65674e-096c-4cc4-b764-a60914610e1f",
              "isHook": false,
              "skipped": false
            }
          ],
          "suites": [],
          "passes": [
            "10144cf6-284c-4e8a-8f71-e732761b5213"
          ],
          "failures": [],
          "pending": [],
          "skipped": [],
          "duration": 18970,
          "root": false,
          "rootEmpty": false,
          "_timeout": 2000
        }
      ],
      "passes": [],
      "failures": [],
      "pending": [],
      "skipped": [],
      "duration": 0,
      "root": true,
      "rootEmpty": true,
      "_timeout": 2000
    },
    {
      "uuid": "710b8211-e55c-4088-9730-a8d281814900",
      "title": "",
      "fullFile": "cypress\\e2e\\unlikePostReviewSpec.cy.ts",
      "file": "cypress\\e2e\\unlikePostReviewSpec.cy.ts",
      "beforeHooks": [],
      "afterHooks": [],
      "tests": [],
      "suites": [
        {
          "uuid": "ca87004f-22ca-44ff-a7f6-f29692ce8f0a",
          "title": "unlike post",
          "fullFile": "",
          "file": "",
          "beforeHooks": [],
          "afterHooks": [],
          "tests": [
            {
              "title": "tests unlike post",
              "fullTitle": "unlike post tests unlike post",
              "timedOut": null,
              "duration": 24485,
              "state": "passed",
              "speed": "slow",
              "pass": true,
              "fail": false,
              "pending": false,
              "context": null,
              "code": "cy.viewport(1322, 945);\ncy.visit(\"http://localhost:3000/post-reviews/29\");\ncy.wait(5000);\ncy.get(\"body > div:nth-of-type(1) div.relative img\").click();\ncy.get(\"div.absolute > div > div:nth-of-type(1) > div\").click();\ncy.get(\"#email\").click();\ncy.get(\"#email\").type(\"leminhtuong09122002@gmail.com\");\ncy.get(\"#password\").click();\ncy.get(\"#password\").type(\"Mtl@091202\");\ncy.get(\"div.justify-center div.flex-row > button\").click();\ncy.wait(5000);\ncy.get(\"[data-testid='like-button'] > span\").click();\nreturn;",
              "err": {},
              "uuid": "49da5a7f-4d82-4dd2-8a41-014bbc95cc0f",
              "parentUUID": "ca87004f-22ca-44ff-a7f6-f29692ce8f0a",
              "isHook": false,
              "skipped": false
            }
          ],
          "suites": [],
          "passes": [
            "49da5a7f-4d82-4dd2-8a41-014bbc95cc0f"
          ],
          "failures": [],
          "pending": [],
          "skipped": [],
          "duration": 24485,
          "root": false,
          "rootEmpty": false,
          "_timeout": 2000
        }
      ],
      "passes": [],
      "failures": [],
      "pending": [],
      "skipped": [],
      "duration": 0,
      "root": true,
      "rootEmpty": true,
      "_timeout": 2000
    },
    {
      "uuid": "03c5feac-3aae-440a-a21a-405310bc957f",
      "title": "",
      "fullFile": "cypress\\e2e\\updateAccountRoleSpec.cy.ts",
      "file": "cypress\\e2e\\updateAccountRoleSpec.cy.ts",
      "beforeHooks": [],
      "afterHooks": [],
      "tests": [],
      "suites": [
        {
          "uuid": "aee1d9aa-94f6-47ee-abb8-8564bae27bdf",
          "title": "Update account role",
          "fullFile": "",
          "file": "",
          "beforeHooks": [],
          "afterHooks": [],
          "tests": [
            {
              "title": "tests Update account role",
              "fullTitle": "Update account role tests Update account role",
              "timedOut": null,
              "duration": 24060,
              "state": "passed",
              "speed": "slow",
              "pass": true,
              "fail": false,
              "pending": false,
              "context": null,
              "code": "cy.visit(\"http://localhost:3000/\");\ncy.wait(5000);\ncy.get(\"body > div:nth-of-type(1) div.relative img\").click();\ncy.get(\"div.fixed > div > div > div.flex-row path\").click();\ncy.get(\"div.fixed > div > div > div.flex-row path\").click();\ncy.get(\"div.flex-row div.absolute > div > div:nth-of-type(1) > div\").click();\ncy.get(\"#email\").click();\ncy.get(\"#email\").type(\"admin@gmail.com\");\ncy.get(\"#password\").click();\ncy.get(\"#password\").type(\"admin@123\");\ncy.get(\"div.justify-center div.flex-row > button\").click();\ncy.wait(5000);\ncy.get(\"div.flex-row > div.w-full div:nth-of-type(1) > svg\").click({\n    force: true,\n});\ncy.wait(5000);\ncy.get(\"tr:nth-of-type(1) select\").select;\ncy.get(\"tr:nth-of-type(1) select\").select;\ncy.get(\"tr:nth-of-type(1) select\").select;\ncy.get(\"tr:nth-of-type(1) select\").type(\"4\");\nreturn;",
              "err": {},
              "uuid": "d2bdfe97-629e-42e4-8a85-32448bb7ab5a",
              "parentUUID": "aee1d9aa-94f6-47ee-abb8-8564bae27bdf",
              "isHook": false,
              "skipped": false
            }
          ],
          "suites": [],
          "passes": [
            "d2bdfe97-629e-42e4-8a85-32448bb7ab5a"
          ],
          "failures": [],
          "pending": [],
          "skipped": [],
          "duration": 24060,
          "root": false,
          "rootEmpty": false,
          "_timeout": 2000
        }
      ],
      "passes": [],
      "failures": [],
      "pending": [],
      "skipped": [],
      "duration": 0,
      "root": true,
      "rootEmpty": true,
      "_timeout": 2000
    },
    {
      "uuid": "1076cf9d-1163-4745-a7df-e837b8048577",
      "title": "",
      "fullFile": "cypress\\e2e\\updateAccountStatusSpec.cy.ts",
      "file": "cypress\\e2e\\updateAccountStatusSpec.cy.ts",
      "beforeHooks": [],
      "afterHooks": [],
      "tests": [],
      "suites": [
        {
          "uuid": "b036fa28-c935-40c2-89e1-4908ef1eba3a",
          "title": "Update account status",
          "fullFile": "",
          "file": "",
          "beforeHooks": [],
          "afterHooks": [],
          "tests": [
            {
              "title": "tests Update account status",
              "fullTitle": "Update account status tests Update account status",
              "timedOut": null,
              "duration": 28707,
              "state": "passed",
              "speed": "slow",
              "pass": true,
              "fail": false,
              "pending": false,
              "context": null,
              "code": "cy.visit(\"http://localhost:3000/\");\ncy.wait(5000);\ncy.get(\"div.flex-row > div.relative > div > div\").click();\ncy.wait(5000);\ncy.get(\"div.flex-row div.absolute > div > div:nth-of-type(1) > div\").click();\ncy.get(\"#email\").click();\ncy.get(\"#email\").type(\"admin@gmail.com\");\ncy.get(\"#password\").click();\ncy.get(\"#password\").type(\"admin@123\");\ncy.get(\"div.justify-center div.flex-row > button\").click();\ncy.wait(5000);\ncy.get(\"div.flex-row > div.w-full > div > div > div:nth-of-type(1) path:nth-of-type(2)\").click({ force: true });\ncy.wait(5000);\ncy.get(\"tr:nth-of-type(1) path\").click();\nreturn;",
              "err": {},
              "uuid": "077c57bb-783d-4f18-85a2-7d68d8652d64",
              "parentUUID": "b036fa28-c935-40c2-89e1-4908ef1eba3a",
              "isHook": false,
              "skipped": false
            }
          ],
          "suites": [],
          "passes": [
            "077c57bb-783d-4f18-85a2-7d68d8652d64"
          ],
          "failures": [],
          "pending": [],
          "skipped": [],
          "duration": 28707,
          "root": false,
          "rootEmpty": false,
          "_timeout": 2000
        }
      ],
      "passes": [],
      "failures": [],
      "pending": [],
      "skipped": [],
      "duration": 0,
      "root": true,
      "rootEmpty": true,
      "_timeout": 2000
    },
    {
      "uuid": "2c475392-3a7f-42af-b2d7-f5d82dcac9a7",
      "title": "",
      "fullFile": "cypress\\e2e\\addRoomToWishlistSpec.cy.ts",
      "file": "cypress\\e2e\\addRoomToWishlistSpec.cy.ts",
      "beforeHooks": [],
      "afterHooks": [],
      "tests": [],
      "suites": [
        {
          "uuid": "e1aaa85b-b336-4de5-8449-5e6d75be3fb8",
          "title": "add place to wishlist",
          "fullFile": "",
          "file": "",
          "beforeHooks": [],
          "afterHooks": [],
          "tests": [
            {
              "title": "tests add place to wishlist failed",
              "fullTitle": "add place to wishlist tests add place to wishlist failed",
              "timedOut": null,
              "duration": 29504,
              "state": "passed",
              "speed": "slow",
              "pass": true,
              "fail": false,
              "pending": false,
              "context": null,
              "code": "cy.visit(\"http://localhost:3000/\");\ncy.wait(5000);\ncy.get(\"body > div:nth-of-type(1) div.relative img\").click();\ncy.wait(5000);\ncy.get(\"div.flex-row div.absolute > div > div:nth-of-type(1) > div\").click();\ncy.get(\"#email\").click();\ncy.get(\"#email\").type(\"leminhtuong09122002@gmail.com\");\ncy.get(\"#password\").click();\ncy.get(\"#password\").type(\"Mtl@091202\");\ncy.get(\"div.justify-center div.flex-row > button\").click();\ncy.wait(5000);\ncy.get(\"div.mt-0 > div:nth-of-type(1) svg.fill-white\").click({\n    force: true,\n});\ncy.wait(5000);\ncy.get(\"svg.bg-\\\\[\\\\#05a569\\\\]\").click({ force: true });\nreturn;",
              "err": {},
              "uuid": "385d4812-0075-4106-839c-af601962e9e4",
              "parentUUID": "e1aaa85b-b336-4de5-8449-5e6d75be3fb8",
              "isHook": false,
              "skipped": false
            },
            {
              "title": "tests add place to wishlist successfully",
              "fullTitle": "add place to wishlist tests add place to wishlist successfully",
              "timedOut": null,
              "duration": 33631,
              "state": "passed",
              "speed": "slow",
              "pass": true,
              "fail": false,
              "pending": false,
              "context": null,
              "code": "cy.visit(\"http://localhost:3000/\");\ncy.wait(5000);\ncy.get(\"body > div:nth-of-type(1) div.relative img\").click();\ncy.wait(5000);\ncy.get(\"div.flex-row div.absolute > div > div:nth-of-type(1) > div\").click();\ncy.get(\"#email\").click();\ncy.get(\"#email\").type(\"leminhtuong09122002@gmail.com\");\ncy.get(\"#password\").click();\ncy.get(\"#password\").type(\"Mtl@091202\");\ncy.get(\"div.justify-center div.flex-row > button\").click();\ncy.wait(5000);\ncy.get(\"div:nth-of-type(5) svg.fill-white\").click({ force: true });\ncy.wait(5000);\ncy.get(\"svg.bg-\\\\[\\\\#05a569\\\\] > path\").click({ force: true });\nreturn;",
              "err": {},
              "uuid": "e54a0c2f-6ceb-44b5-9d9d-a5c21194b424",
              "parentUUID": "e1aaa85b-b336-4de5-8449-5e6d75be3fb8",
              "isHook": false,
              "skipped": false
            },
            {
              "title": "tests add place to wishlist failed",
              "fullTitle": "add place to wishlist tests add place to wishlist failed",
              "timedOut": null,
              "duration": 35803,
              "state": "passed",
              "speed": "slow",
              "pass": true,
              "fail": false,
              "pending": false,
              "context": null,
              "code": "cy.visit(\"http://localhost:3000/listings/114\");\ncy.wait(5000);\ncy.get(\"body > div:nth-of-type(1) div.relative img\").click();\ncy.wait(5000);\ncy.get(\"body > div:nth-of-type(1) svg\").click({ force: true });\ncy.get(\"body > div:nth-of-type(1) svg\").click({ force: true });\ncy.get(\"div.absolute > div > div:nth-of-type(1) > div\").click();\ncy.get(\"#email\").click();\ncy.get(\"#email\").type(\"leminhtuong09122002@gmail.com\");\ncy.get(\"#password\").click();\ncy.get(\"#password\").type(\"Mtl@091202\");\ncy.get(\"div.justify-center div.flex-row > button\").click();\ncy.wait(5000);\ncy.get(\"svg.fill-white > path\").click({ force: true });\ncy.wait(5000);\ncy.get(\"svg.bg-\\\\[\\\\#05a569\\\\]\").click({ force: true });\nreturn;",
              "err": {},
              "uuid": "19acef30-dc73-419f-a4ef-f02941ca2938",
              "parentUUID": "e1aaa85b-b336-4de5-8449-5e6d75be3fb8",
              "isHook": false,
              "skipped": false
            },
            {
              "title": "tests add place to wishlist successfully",
              "fullTitle": "add place to wishlist tests add place to wishlist successfully",
              "timedOut": null,
              "duration": 31210,
              "state": "passed",
              "speed": "slow",
              "pass": true,
              "fail": false,
              "pending": false,
              "context": null,
              "code": "cy.visit(\"http://localhost:3000/listings/118\");\ncy.wait(5000);\ncy.get(\"body > div:nth-of-type(1) div.relative img\").click();\ncy.wait(5000);\ncy.get(\"body > div:nth-of-type(1) svg\").click({ force: true });\ncy.get(\"body > div:nth-of-type(1) svg\").click({ force: true });\ncy.get(\"div.absolute > div > div:nth-of-type(1) > div\").click();\ncy.get(\"#email\").click();\ncy.get(\"#email\").type(\"leminhtuong09122002@gmail.com\");\ncy.get(\"#password\").click();\ncy.get(\"#password\").type(\"Mtl@091202\");\ncy.get(\"div.justify-center div.flex-row > button\").click();\ncy.wait(5000);\ncy.get(\"svg.fill-white\").click({ force: true });\ncy.wait(5000);\ncy.get(\"svg.bg-\\\\[\\\\#05a569\\\\] > path\").click({ force: true });\nreturn;",
              "err": {},
              "uuid": "46e6cd32-dc4b-4161-801c-8b7288367612",
              "parentUUID": "e1aaa85b-b336-4de5-8449-5e6d75be3fb8",
              "isHook": false,
              "skipped": false
            }
          ],
          "suites": [],
          "passes": [
            "385d4812-0075-4106-839c-af601962e9e4",
            "e54a0c2f-6ceb-44b5-9d9d-a5c21194b424",
            "19acef30-dc73-419f-a4ef-f02941ca2938",
            "46e6cd32-dc4b-4161-801c-8b7288367612"
          ],
          "failures": [],
          "pending": [],
          "skipped": [],
          "duration": 130148,
          "root": false,
          "rootEmpty": false,
          "_timeout": 2000
        }
      ],
      "passes": [],
      "failures": [],
      "pending": [],
      "skipped": [],
      "duration": 0,
      "root": true,
      "rootEmpty": true,
      "_timeout": 2000
    }
  ],
  "meta": {
    "mocha": {
      "version": "7.0.1"
    },
    "mochawesome": {
      "options": {
        "quiet": false,
        "reportFilename": "mochawesome",
        "saveHtml": false,
        "saveJson": true,
        "consoleReporter": "spec",
        "useInlineDiffs": false,
        "code": true
      },
      "version": "7.1.3"
    },
    "marge": {
      "options": {
        "reportDir": "cypress/results",
        "overwrite": false,
        "html": false,
        "json": true
      },
      "version": "6.2.0"
    }
  }
}