{
  "stats": {
    "suites": 1,
    "tests": 1,
    "passes": 1,
    "pending": 0,
    "failures": 0,
    "start": "2024-07-03T18:34:48.482Z",
    "end": "2024-07-03T18:35:32.975Z",
    "duration": 44493,
    "testsRegistered": 1,
    "passPercent": 100,
    "pendingPercent": 0,
    "other": 0,
    "hasOther": false,
    "skipped": 0,
    "hasSkipped": false
  },
  "results": [
    {
      "uuid": "e3bdcebc-67b6-4b43-b143-cc013b2826f2",
      "title": "",
      "fullFile": "cypress\\e2e\\statisticsVendorSpec.cy.ts",
      "file": "cypress\\e2e\\statisticsVendorSpec.cy.ts",
      "beforeHooks": [],
      "afterHooks": [],
      "tests": [],
      "suites": [
        {
          "uuid": "ceb11bbf-59a8-4a0f-abc5-95a726347f7f",
          "title": "statistics vendor",
          "fullFile": "",
          "file": "",
          "beforeHooks": [],
          "afterHooks": [],
          "tests": [
            {
              "title": "tests statistics vendor",
              "fullTitle": "statistics vendor tests statistics vendor",
              "timedOut": null,
              "duration": 42696,
              "state": "passed",
              "speed": "slow",
              "pass": true,
              "fail": false,
              "pending": false,
              "context": null,
              "code": "cy.visit(\"http://localhost:3000/\");\ncy.wait(5000);\ncy.get(\"body > div:nth-of-type(1) div.relative img\").click();\ncy.get(\"div.flex-row div.absolute > div > div:nth-of-type(1) > div\").click();\ncy.get(\"#email\").click();\ncy.get(\"#email\").type(\"mt09122002@gmail.com\");\ncy.get(\"#password\").click();\ncy.get(\"#password\").type(\"Mtl@091202\");\ncy.get(\"div.justify-center div.flex-row > button\").click();\ncy.wait(5000);\ncy.visit(\"http://localhost:3000/statistics/vendor\");\ncy.wait(5000);\ncy.get(\"div.flex > input\").click();\ncy.get(\"div.flex > input\").type(\"2024-01-01\");\ncy.get(\"div:nth-of-type(2) > button\").click();\ncy.wait(5000);\nreturn;",
              "err": {},
              "uuid": "ba8765d5-8cd4-411a-a089-8fcf29f5dbd5",
              "parentUUID": "ceb11bbf-59a8-4a0f-abc5-95a726347f7f",
              "isHook": false,
              "skipped": false
            }
          ],
          "suites": [],
          "passes": [
            "ba8765d5-8cd4-411a-a089-8fcf29f5dbd5"
          ],
          "failures": [],
          "pending": [],
          "skipped": [],
          "duration": 42696,
          "root": false,
          "rootEmpty": false,
          "_timeout": 2000
        }
      ],
      "passes": [],
      "failures": [],
      "pending": [],
      "skipped": [],
      "duration": 0,
      "root": true,
      "rootEmpty": true,
      "_timeout": 2000
    }
  ],
  "meta": {
    "mocha": {
      "version": "7.0.1"
    },
    "mochawesome": {
      "options": {
        "quiet": false,
        "reportFilename": "mochawesome",
        "saveHtml": false,
        "saveJson": true,
        "consoleReporter": "spec",
        "useInlineDiffs": false,
        "code": true
      },
      "version": "7.1.3"
    },
    "marge": {
      "options": {
        "reportDir": "cypress/results",
        "overwrite": false,
        "html": false,
        "json": true
      },
      "version": "6.2.0"
    }
  }
}