{
  "stats": {
    "suites": 1,
    "tests": 1,
    "passes": 1,
    "pending": 0,
    "failures": 0,
    "start": "2024-07-06T11:56:38.498Z",
    "end": "2024-07-06T11:57:45.145Z",
    "duration": 66647,
    "testsRegistered": 1,
    "passPercent": 100,
    "pendingPercent": 0,
    "other": 0,
    "hasOther": false,
    "skipped": 0,
    "hasSkipped": false
  },
  "results": [
    {
      "uuid": "82898e88-4c62-48d4-b89b-2ac1941fc4ea",
      "title": "",
      "fullFile": "cypress\\e2e\\removeRoomFromWishlist.cy.ts",
      "file": "cypress\\e2e\\removeRoomFromWishlist.cy.ts",
      "beforeHooks": [],
      "afterHooks": [],
      "tests": [],
      "suites": [
        {
          "uuid": "9ee2447d-416d-42e5-b56a-0a69ed47b316",
          "title": "remove room in wishlist",
          "fullFile": "",
          "file": "",
          "beforeHooks": [],
          "afterHooks": [],
          "tests": [
            {
              "title": "tests remove room in wishlist",
              "fullTitle": "remove room in wishlist tests remove room in wishlist",
              "timedOut": null,
              "duration": 63768,
              "state": "passed",
              "speed": "slow",
              "pass": true,
              "fail": false,
              "pending": false,
              "context": null,
              "code": "cy.visit(\"http://localhost:3000/\");\ncy.wait(5000);\ncy.get(\"div.fixed > div > div > div.flex-row svg\").click({\n    multiple: true,\n});\ncy.get(\"div.flex-row div.absolute > div > div:nth-of-type(1) > div\").click();\ncy.wait(5000);\ncy.get(\"#email\").click();\ncy.get(\"#email\").type(\"leminhtuong09122002@gmail.com\");\ncy.get(\"#password\").click();\ncy.get(\"#password\").type(\"Mtl@091202\");\ncy.get(\"div.justify-center div.flex-row > button\").click();\ncy.wait(5000);\ncy.visit(\"http://localhost:3000/favorites\");\ncy.wait(10000);\ncy.get(\"div.grid > div:nth-of-type(1) img\").click();\ncy.wait(10000);\ncy.get(\"div.grid > div:nth-of-type(1) button\").click();\ncy.wait(5000);\ncy.get(\"button.bg-red-600\").click();\ncy.wait(5000);\nreturn;",
              "err": {},
              "uuid": "69bd3e83-dac0-46ec-9f98-9a2bdfe7e23a",
              "parentUUID": "9ee2447d-416d-42e5-b56a-0a69ed47b316",
              "isHook": false,
              "skipped": false
            }
          ],
          "suites": [],
          "passes": [
            "69bd3e83-dac0-46ec-9f98-9a2bdfe7e23a"
          ],
          "failures": [],
          "pending": [],
          "skipped": [],
          "duration": 63768,
          "root": false,
          "rootEmpty": false,
          "_timeout": 2000
        }
      ],
      "passes": [],
      "failures": [],
      "pending": [],
      "skipped": [],
      "duration": 0,
      "root": true,
      "rootEmpty": true,
      "_timeout": 2000
    }
  ],
  "meta": {
    "mocha": {
      "version": "7.0.1"
    },
    "mochawesome": {
      "options": {
        "quiet": false,
        "reportFilename": "mochawesome",
        "saveHtml": false,
        "saveJson": true,
        "consoleReporter": "spec",
        "useInlineDiffs": false,
        "code": true
      },
      "version": "7.1.3"
    },
    "marge": {
      "options": {
        "reportDir": "cypress/results",
        "overwrite": false,
        "html": false,
        "json": true
      },
      "version": "6.2.0"
    }
  }
}