{
  "stats": {
    "suites": 1,
    "tests": 5,
    "passes": 5,
    "pending": 0,
    "failures": 0,
    "start": "2024-07-03T18:12:54.970Z",
    "end": "2024-07-03T18:16:48.070Z",
    "duration": 233100,
    "testsRegistered": 5,
    "passPercent": 100,
    "pendingPercent": 0,
    "other": 0,
    "hasOther": false,
    "skipped": 0,
    "hasSkipped": false
  },
  "results": [
    {
      "uuid": "c55dad38-babb-4db2-970c-dd8dc93f9610",
      "title": "",
      "fullFile": "cypress\\e2e\\commentPostReviewSpec.cy.ts",
      "file": "cypress\\e2e\\commentPostReviewSpec.cy.ts",
      "beforeHooks": [],
      "afterHooks": [],
      "tests": [],
      "suites": [
        {
          "uuid": "59e09012-411c-489d-9a47-99cb50614340",
          "title": "add comment failed",
          "fullFile": "",
          "file": "",
          "beforeHooks": [],
          "afterHooks": [],
          "tests": [
            {
              "title": "tests add comment failed",
              "fullTitle": "add comment failed tests add comment failed",
              "timedOut": null,
              "duration": 37860,
              "state": "passed",
              "speed": "slow",
              "pass": true,
              "fail": false,
              "pending": false,
              "context": null,
              "code": "cy.visit(\"http://localhost:3000/post-reviews/29\");\ncy.wait(5000);\ncy.get(\"body > div:nth-of-type(1) div.relative > div > div\").click();\ncy.get(\"div.absolute > div > div:nth-of-type(1) > div\").click();\ncy.wait(5000);\ncy.get(\"#email\").click();\ncy.get(\"#email\").type(\"leminhtuong09122002@gmail.com\");\ncy.get(\"#password\").click();\ncy.get(\"#password\").type(\"Mtl@091202\");\ncy.get(\"div.justify-center div.flex-row > button\").click();\ncy.wait(10000);\ncy.get(\"div.mx-auto > div:nth-of-type(2) > div.space-x-2 svg\").click({\n    force: true,\n});\ncy.wait(5000);\nreturn;",
              "err": {},
              "uuid": "866f972c-c0b1-4e34-941a-a76849159a8e",
              "parentUUID": "59e09012-411c-489d-9a47-99cb50614340",
              "isHook": false,
              "skipped": false
            },
            {
              "title": "tests add comment successfully",
              "fullTitle": "add comment failed tests add comment successfully",
              "timedOut": null,
              "duration": 40306,
              "state": "passed",
              "speed": "slow",
              "pass": true,
              "fail": false,
              "pending": false,
              "context": null,
              "code": "cy.visit(\"http://localhost:3000/post-reviews/29\");\ncy.wait(5000);\ncy.get(\"body > div:nth-of-type(1) div.relative img\").click();\ncy.get(\"div.absolute > div > div:nth-of-type(1) > div\").click();\ncy.wait(5000);\ncy.get(\"#email\").click();\ncy.get(\"#email\").type(\"leminhtuong09122002@gmail.com\");\ncy.get(\"#password\").click();\ncy.get(\"#password\").type(\"Mtl@091202\");\ncy.get(\"div.justify-center div.flex-row > button\").click();\ncy.wait(10000);\ncy.get(\"[data-testid='comment-textarea']\").click();\ncy.get(\"[data-testid='comment-textarea']\").type(\"test comment\");\ncy.get(\"div.mx-auto > div:nth-of-type(2) > div.space-x-2 path\").click({\n    force: true,\n});\ncy.wait(5000);\nreturn;",
              "err": {},
              "uuid": "0eeaee15-63d8-4d2b-a01d-5dc697b0fdc1",
              "parentUUID": "59e09012-411c-489d-9a47-99cb50614340",
              "isHook": false,
              "skipped": false
            },
            {
              "title": "tests update comment failed",
              "fullTitle": "add comment failed tests update comment failed",
              "timedOut": null,
              "duration": 46832,
              "state": "passed",
              "speed": "slow",
              "pass": true,
              "fail": false,
              "pending": false,
              "context": null,
              "code": "cy.visit(\"http://localhost:3000/post-reviews/29\");\ncy.wait(5000);\ncy.get(\"body > div:nth-of-type(1) div.relative > div > div\").click();\ncy.get(\"div.absolute > div > div:nth-of-type(1) > div\").click();\ncy.wait(5000);\ncy.get(\"#email\").click();\ncy.get(\"#email\").type(\"leminhtuong09122002@gmail.com\");\ncy.get(\"#password\").click();\ncy.get(\"#password\").type(\"Mtl@091202\");\ncy.get(\"div.justify-center div.flex-row > button\").click();\ncy.wait(5000);\ncy.get(\"div.w-full > div:nth-of-type(1) div.flex > div > div.space-x-4\").click({ multiple: true });\ncy.get(\"div.px-4 div.w-full > div:nth-of-type(1) svg\").click({\n    force: true,\n});\ncy.wait(5000);\ncy.get(\"div.w-full > div:nth-of-type(1) [data-testid='update-comment-button']\").click();\ncy.get(\"[data-testid='update-comment-textarea']\").click();\ncy.get(\"[data-testid='update-comment-textarea']\").clear();\ncy.get(\"div.px-4 div.w-full > div:nth-of-type(1) svg\").click({\n    force: true,\n});\ncy.wait(5000);\ncy.get(\"div.w-full > div:nth-of-type(1) [data-testid='update-comment-button']\").click();\ncy.wait(5000);\nreturn;",
              "err": {},
              "uuid": "81a02835-a1c1-4f17-b5ac-ebc2e487a487",
              "parentUUID": "59e09012-411c-489d-9a47-99cb50614340",
              "isHook": false,
              "skipped": false
            },
            {
              "title": "tests update comment success",
              "fullTitle": "add comment failed tests update comment success",
              "timedOut": null,
              "duration": 48232,
              "state": "passed",
              "speed": "slow",
              "pass": true,
              "fail": false,
              "pending": false,
              "context": null,
              "code": "cy.visit(\"http://localhost:3000/post-reviews/29\");\ncy.wait(5000);\ncy.get(\"body > div:nth-of-type(1) div.relative img\").click();\ncy.get(\"div.absolute > div > div:nth-of-type(1) > div\").click();\ncy.wait(5000);\ncy.get(\"#email\").click();\ncy.get(\"#email\").type(\"leminhtuong09122002@gmail.com\");\ncy.get(\"#password\").click();\ncy.get(\"#password\").type(\"Mtl@091202\");\ncy.get(\"div.justify-center div.flex-row > button\").click();\ncy.wait(5000);\ncy.get(\"div.px-4 div.w-full > div:nth-of-type(1) svg\").click({\n    force: true,\n});\ncy.wait(5000);\ncy.get(\"div.w-full > div:nth-of-type(1) [data-testid='update-comment-button']\").click({ multiple: true });\ncy.get(\"[data-testid='update-comment-textarea']\").click();\ncy.get(\"[data-testid='update-comment-textarea']\").type(\"test comment updated\");\ncy.get(\"div.px-4 div.w-full > div:nth-of-type(1) svg\").click({\n    force: true,\n});\ncy.wait(5000);\ncy.get(\"div.w-full > div:nth-of-type(1) [data-testid='update-comment-button']\").click();\ncy.wait(5000);\nreturn;",
              "err": {},
              "uuid": "35166e39-f962-49c6-89d4-0d670007a84a",
              "parentUUID": "59e09012-411c-489d-9a47-99cb50614340",
              "isHook": false,
              "skipped": false
            },
            {
              "title": "tests delete comment",
              "fullTitle": "add comment failed tests delete comment",
              "timedOut": null,
              "duration": 42343,
              "state": "passed",
              "speed": "slow",
              "pass": true,
              "fail": false,
              "pending": false,
              "context": null,
              "code": "cy.visit(\"http://localhost:3000/post-reviews/29\");\ncy.wait(5000);\ncy.get(\"body > div:nth-of-type(1) div.relative > div > div\").click();\ncy.get(\"div.absolute > div > div:nth-of-type(1) > div\").click();\ncy.wait(5000);\ncy.get(\"div.flex-auto > div\").click();\ncy.get(\"#email\").click();\ncy.get(\"#email\").type(\"leminhtuong09122002@gmail.com\");\ncy.get(\"#password\").click();\ncy.get(\"#password\").type(\"Mtl@091202\");\ncy.get(\"div.justify-center div.flex-row > button\").click();\ncy.wait(5000);\ncy.get(\"div.px-4 div.w-full > div:nth-of-type(1) svg\").click({\n    force: true,\n});\ncy.wait(5000);\ncy.get(\"div.w-full > div:nth-of-type(1) [data-testid='remove-comment-button']\").click();\ncy.get(\"button.bg-red-600\").click();\ncy.wait(5000);\nreturn;",
              "err": {},
              "uuid": "61f70169-fa50-4888-93bc-9920d8b50391",
              "parentUUID": "59e09012-411c-489d-9a47-99cb50614340",
              "isHook": false,
              "skipped": false
            }
          ],
          "suites": [],
          "passes": [
            "866f972c-c0b1-4e34-941a-a76849159a8e",
            "0eeaee15-63d8-4d2b-a01d-5dc697b0fdc1",
            "81a02835-a1c1-4f17-b5ac-ebc2e487a487",
            "35166e39-f962-49c6-89d4-0d670007a84a",
            "61f70169-fa50-4888-93bc-9920d8b50391"
          ],
          "failures": [],
          "pending": [],
          "skipped": [],
          "duration": 215573,
          "root": false,
          "rootEmpty": false,
          "_timeout": 2000
        }
      ],
      "passes": [],
      "failures": [],
      "pending": [],
      "skipped": [],
      "duration": 0,
      "root": true,
      "rootEmpty": true,
      "_timeout": 2000
    }
  ],
  "meta": {
    "mocha": {
      "version": "7.0.1"
    },
    "mochawesome": {
      "options": {
        "quiet": false,
        "reportFilename": "mochawesome",
        "saveHtml": false,
        "saveJson": true,
        "consoleReporter": "spec",
        "useInlineDiffs": false,
        "code": true
      },
      "version": "7.1.3"
    },
    "marge": {
      "options": {
        "reportDir": "cypress/results",
        "overwrite": false,
        "html": false,
        "json": true
      },
      "version": "6.2.0"
    }
  }
}