{
  "stats": {
    "suites": 1,
    "tests": 1,
    "passes": 1,
    "pending": 0,
    "failures": 0,
    "start": "2024-07-06T10:58:31.454Z",
    "end": "2024-07-06T10:59:20.090Z",
    "duration": 48636,
    "testsRegistered": 1,
    "passPercent": 100,
    "pendingPercent": 0,
    "other": 0,
    "hasOther": false,
    "skipped": 0,
    "hasSkipped": false
  },
  "results": [
    {
      "uuid": "8abb38d8-8daf-4a8c-95c3-19d23698bcad",
      "title": "",
      "fullFile": "cypress\\e2e\\updatePaymentStatusOfGuiderSpec.cy.ts",
      "file": "cypress\\e2e\\updatePaymentStatusOfGuiderSpec.cy.ts",
      "beforeHooks": [],
      "afterHooks": [],
      "tests": [],
      "suites": [
        {
          "uuid": "671d9e82-6917-4ff3-a1ea-1e83db470e3c",
          "title": "update payment status guider",
          "fullFile": "",
          "file": "",
          "beforeHooks": [],
          "afterHooks": [],
          "tests": [
            {
              "title": "tests update payment status guider",
              "fullTitle": "update payment status guider tests update payment status guider",
              "timedOut": null,
              "duration": 45693,
              "state": "passed",
              "speed": "slow",
              "pass": true,
              "fail": false,
              "pending": false,
              "context": null,
              "code": "cy.visit(\"http://localhost:3000/\");\ncy.wait(5000);\ncy.get(\"div.fixed > div > div > div.flex-row svg\").click({\n    force: true,\n});\ncy.wait(5000);\ncy.get(\"div.flex-row div.absolute > div > div:nth-of-type(1) > div\").click();\ncy.get(\"#email\").click();\ncy.get(\"#email\").type(\"leminhtuong09122002@gmail.com\");\ncy.get(\"#password\").click();\ncy.get(\"#password\").type(\"Mtl@091202\");\ncy.get(\"div.justify-center div.flex-row > button\").click();\ncy.wait(5000);\ncy.visit(\"http://localhost:3000/payments/guider\");\ncy.wait(5000);\ncy.get(\"tr:nth-of-type(1) svg\").click({\n    force: true,\n});\ncy.wait(5000);\nreturn;",
              "err": {},
              "uuid": "35474c40-4238-40c3-be39-07a5df2843f6",
              "parentUUID": "671d9e82-6917-4ff3-a1ea-1e83db470e3c",
              "isHook": false,
              "skipped": false
            }
          ],
          "suites": [],
          "passes": [
            "35474c40-4238-40c3-be39-07a5df2843f6"
          ],
          "failures": [],
          "pending": [],
          "skipped": [],
          "duration": 45693,
          "root": false,
          "rootEmpty": false,
          "_timeout": 2000
        }
      ],
      "passes": [],
      "failures": [],
      "pending": [],
      "skipped": [],
      "duration": 0,
      "root": true,
      "rootEmpty": true,
      "_timeout": 2000
    }
  ],
  "meta": {
    "mocha": {
      "version": "7.0.1"
    },
    "mochawesome": {
      "options": {
        "quiet": false,
        "reportFilename": "mochawesome",
        "saveHtml": false,
        "saveJson": true,
        "consoleReporter": "spec",
        "useInlineDiffs": false,
        "code": true
      },
      "version": "7.1.3"
    },
    "marge": {
      "options": {
        "reportDir": "cypress/results",
        "overwrite": false,
        "html": false,
        "json": true
      },
      "version": "6.2.0"
    }
  }
}