{
  "stats": {
    "suites": 1,
    "tests": 4,
    "passes": 4,
    "pending": 0,
    "failures": 0,
    "start": "2024-07-03T18:10:31.277Z",
    "end": "2024-07-03T18:12:53.270Z",
    "duration": 141993,
    "testsRegistered": 4,
    "passPercent": 100,
    "pendingPercent": 0,
    "other": 0,
    "hasOther": false,
    "skipped": 0,
    "hasSkipped": false
  },
  "results": [
    {
      "uuid": "491752f6-c115-497b-92c0-2af5d177fff1",
      "title": "",
      "fullFile": "cypress\\e2e\\addRoomToWishlistSpec.cy.ts",
      "file": "cypress\\e2e\\addRoomToWishlistSpec.cy.ts",
      "beforeHooks": [],
      "afterHooks": [],
      "tests": [],
      "suites": [
        {
          "uuid": "524fd141-0d7a-4590-b1aa-49e19eed34c9",
          "title": "add place to wishlist",
          "fullFile": "",
          "file": "",
          "beforeHooks": [],
          "afterHooks": [],
          "tests": [
            {
              "title": "tests add place to wishlist failed",
              "fullTitle": "add place to wishlist tests add place to wishlist failed",
              "timedOut": null,
              "duration": 29656,
              "state": "passed",
              "speed": "slow",
              "pass": true,
              "fail": false,
              "pending": false,
              "context": null,
              "code": "cy.visit(\"http://localhost:3000/\");\ncy.wait(5000);\ncy.get(\"body > div:nth-of-type(1) div.relative img\").click();\ncy.wait(5000);\ncy.get(\"div.flex-row div.absolute > div > div:nth-of-type(1) > div\").click();\ncy.get(\"#email\").click();\ncy.get(\"#email\").type(\"leminhtuong09122002@gmail.com\");\ncy.get(\"#password\").click();\ncy.get(\"#password\").type(\"Mtl@091202\");\ncy.get(\"div.justify-center div.flex-row > button\").click();\ncy.wait(5000);\ncy.get(\"div.mt-0 > div:nth-of-type(1) svg.fill-white\").click({\n    force: true,\n});\ncy.wait(5000);\ncy.get(\"svg.bg-\\\\[\\\\#05a569\\\\]\").click({ force: true, multiple: true });\nreturn;",
              "err": {},
              "uuid": "cf3b81be-0575-4e24-9e49-68d971d878b7",
              "parentUUID": "524fd141-0d7a-4590-b1aa-49e19eed34c9",
              "isHook": false,
              "skipped": false
            },
            {
              "title": "tests add place to wishlist successfully",
              "fullTitle": "add place to wishlist tests add place to wishlist successfully",
              "timedOut": null,
              "duration": 30597,
              "state": "passed",
              "speed": "slow",
              "pass": true,
              "fail": false,
              "pending": false,
              "context": null,
              "code": "cy.visit(\"http://localhost:3000/\");\ncy.wait(5000);\ncy.get(\"body > div:nth-of-type(1) div.relative img\").click();\ncy.wait(5000);\ncy.get(\"div.flex-row div.absolute > div > div:nth-of-type(1) > div\").click();\ncy.get(\"#email\").click();\ncy.get(\"#email\").type(\"leminhtuong09122002@gmail.com\");\ncy.get(\"#password\").click();\ncy.get(\"#password\").type(\"Mtl@091202\");\ncy.get(\"div.justify-center div.flex-row > button\").click();\ncy.wait(5000);\ncy.get(\"div:nth-of-type(5) svg.fill-white\").click({ force: true });\ncy.wait(5000);\ncy.get(\"svg.bg-\\\\[\\\\#05a569\\\\] > path\").click({\n    force: true,\n    multiple: true,\n});\nreturn;",
              "err": {},
              "uuid": "a7084509-a978-456d-958d-3929a5b61033",
              "parentUUID": "524fd141-0d7a-4590-b1aa-49e19eed34c9",
              "isHook": false,
              "skipped": false
            },
            {
              "title": "tests add place to wishlist failed",
              "fullTitle": "add place to wishlist tests add place to wishlist failed",
              "timedOut": null,
              "duration": 46382,
              "state": "passed",
              "speed": "slow",
              "pass": true,
              "fail": false,
              "pending": false,
              "context": null,
              "code": "cy.visit(\"http://localhost:3000/listings/114\");\ncy.wait(5000);\ncy.get(\"body > div:nth-of-type(1) div.relative img\").click();\ncy.wait(5000);\ncy.get(\"body > div:nth-of-type(1) svg\").click({ force: true });\ncy.get(\"body > div:nth-of-type(1) svg\").click({ force: true });\ncy.get(\"div.absolute > div > div:nth-of-type(1) > div\").click();\ncy.get(\"#email\").click();\ncy.get(\"#email\").type(\"leminhtuong09122002@gmail.com\");\ncy.get(\"#password\").click();\ncy.get(\"#password\").type(\"Mtl@091202\");\ncy.get(\"div.justify-center div.flex-row > button\").click();\ncy.wait(5000);\ncy.get(\"svg.fill-white > path\").click({ force: true });\ncy.wait(5000);\ncy.get(\"svg.bg-\\\\[\\\\#05a569\\\\]\").click({ force: true, multiple: true });\nreturn;",
              "err": {},
              "uuid": "aa6e7995-7a9b-419f-a9be-170146eb57bf",
              "parentUUID": "524fd141-0d7a-4590-b1aa-49e19eed34c9",
              "isHook": false,
              "skipped": false
            },
            {
              "title": "tests add place to wishlist successfully",
              "fullTitle": "add place to wishlist tests add place to wishlist successfully",
              "timedOut": null,
              "duration": 32280,
              "state": "passed",
              "speed": "slow",
              "pass": true,
              "fail": false,
              "pending": false,
              "context": null,
              "code": "cy.visit(\"http://localhost:3000/listings/118\");\ncy.wait(5000);\ncy.get(\"body > div:nth-of-type(1) div.relative img\").click();\ncy.wait(5000);\ncy.get(\"body > div:nth-of-type(1) svg\").click({ force: true });\ncy.get(\"body > div:nth-of-type(1) svg\").click({ force: true });\ncy.get(\"div.absolute > div > div:nth-of-type(1) > div\").click();\ncy.get(\"#email\").click();\ncy.get(\"#email\").type(\"leminhtuong09122002@gmail.com\");\ncy.get(\"#password\").click();\ncy.get(\"#password\").type(\"Mtl@091202\");\ncy.get(\"div.justify-center div.flex-row > button\").click();\ncy.wait(5000);\ncy.get(\"svg.fill-white\").click({ force: true });\ncy.wait(5000);\ncy.get(\"svg.bg-\\\\[\\\\#05a569\\\\] > path\").click({\n    force: true,\n    multiple: true,\n});\nreturn;",
              "err": {},
              "uuid": "737e5af5-a528-4856-88f9-def1b6caf73f",
              "parentUUID": "524fd141-0d7a-4590-b1aa-49e19eed34c9",
              "isHook": false,
              "skipped": false
            }
          ],
          "suites": [],
          "passes": [
            "cf3b81be-0575-4e24-9e49-68d971d878b7",
            "a7084509-a978-456d-958d-3929a5b61033",
            "aa6e7995-7a9b-419f-a9be-170146eb57bf",
            "737e5af5-a528-4856-88f9-def1b6caf73f"
          ],
          "failures": [],
          "pending": [],
          "skipped": [],
          "duration": 138915,
          "root": false,
          "rootEmpty": false,
          "_timeout": 2000
        }
      ],
      "passes": [],
      "failures": [],
      "pending": [],
      "skipped": [],
      "duration": 0,
      "root": true,
      "rootEmpty": true,
      "_timeout": 2000
    }
  ],
  "meta": {
    "mocha": {
      "version": "7.0.1"
    },
    "mochawesome": {
      "options": {
        "quiet": false,
        "reportFilename": "mochawesome",
        "saveHtml": false,
        "saveJson": true,
        "consoleReporter": "spec",
        "useInlineDiffs": false,
        "code": true
      },
      "version": "7.1.3"
    },
    "marge": {
      "options": {
        "reportDir": "cypress/results",
        "overwrite": false,
        "html": false,
        "json": true
      },
      "version": "6.2.0"
    }
  }
}