{
  "stats": {
    "suites": 1,
    "tests": 1,
    "passes": 1,
    "pending": 0,
    "failures": 0,
    "start": "2024-07-03T18:38:02.881Z",
    "end": "2024-07-03T18:38:52.183Z",
    "duration": 49302,
    "testsRegistered": 1,
    "passPercent": 100,
    "pendingPercent": 0,
    "other": 0,
    "hasOther": false,
    "skipped": 0,
    "hasSkipped": false
  },
  "results": [
    {
      "uuid": "306a5ebe-916f-4371-b5e4-568098b66174",
      "title": "",
      "fullFile": "cypress\\e2e\\updatePaymentStatusOfVendorSpec.cy.ts",
      "file": "cypress\\e2e\\updatePaymentStatusOfVendorSpec.cy.ts",
      "beforeHooks": [],
      "afterHooks": [],
      "tests": [],
      "suites": [
        {
          "uuid": "9a8318af-be7a-4d3f-b622-1526d00d8ae3",
          "title": "update payment status vendor",
          "fullFile": "",
          "file": "",
          "beforeHooks": [],
          "afterHooks": [],
          "tests": [
            {
              "title": "tests update payment status vendor",
              "fullTitle": "update payment status vendor tests update payment status vendor",
              "timedOut": null,
              "duration": 47483,
              "state": "passed",
              "speed": "slow",
              "pass": true,
              "fail": false,
              "pending": false,
              "context": null,
              "code": "cy.visit(\"http://localhost:3000/\");\ncy.wait(5000);\ncy.get(\"body > div:nth-of-type(1) div.relative img\").click();\ncy.wait(5000);\ncy.get(\"div.flex-row div.absolute > div > div:nth-of-type(1) > div\").click();\ncy.get(\"#email\").click();\ncy.get(\"#email\").type(\"mt09122002@gmail.com\");\ncy.get(\"#password\").click();\ncy.get(\"#password\").type(\"Mtl@091202\");\ncy.get(\"div.justify-center div.flex-row > button\").click();\ncy.wait(5000);\ncy.visit(\"http://localhost:3000/payments/vendor\");\ncy.wait(5000);\ncy.get(\"tr:nth-of-type(1) path:nth-of-type(2)\").click({ force: true });\ncy.wait(5000);\nreturn;",
              "err": {},
              "uuid": "863a93bc-ff49-47e3-bc94-aa739ba12d23",
              "parentUUID": "9a8318af-be7a-4d3f-b622-1526d00d8ae3",
              "isHook": false,
              "skipped": false
            }
          ],
          "suites": [],
          "passes": [
            "863a93bc-ff49-47e3-bc94-aa739ba12d23"
          ],
          "failures": [],
          "pending": [],
          "skipped": [],
          "duration": 47483,
          "root": false,
          "rootEmpty": false,
          "_timeout": 2000
        }
      ],
      "passes": [],
      "failures": [],
      "pending": [],
      "skipped": [],
      "duration": 0,
      "root": true,
      "rootEmpty": true,
      "_timeout": 2000
    }
  ],
  "meta": {
    "mocha": {
      "version": "7.0.1"
    },
    "mochawesome": {
      "options": {
        "quiet": false,
        "reportFilename": "mochawesome",
        "saveHtml": false,
        "saveJson": true,
        "consoleReporter": "spec",
        "useInlineDiffs": false,
        "code": true
      },
      "version": "7.1.3"
    },
    "marge": {
      "options": {
        "reportDir": "cypress/results",
        "overwrite": false,
        "html": false,
        "json": true
      },
      "version": "6.2.0"
    }
  }
}