{
  "stats": {
    "suites": 1,
    "tests": 1,
    "passes": 1,
    "pending": 0,
    "failures": 0,
    "start": "2024-07-02T19:40:25.036Z",
    "end": "2024-07-02T19:40:55.421Z",
    "duration": 30385,
    "testsRegistered": 1,
    "passPercent": 100,
    "pendingPercent": 0,
    "other": 0,
    "hasOther": false,
    "skipped": 0,
    "hasSkipped": false
  },
  "results": [
    {
      "uuid": "61274d26-9417-456d-b66c-e41cc69ce903",
      "title": "",
      "fullFile": "cypress\\e2e\\updateAccountStatusSpec.cy.ts",
      "file": "cypress\\e2e\\updateAccountStatusSpec.cy.ts",
      "beforeHooks": [],
      "afterHooks": [],
      "tests": [],
      "suites": [
        {
          "uuid": "7c28b6e8-cc51-44db-8a44-b56f87767cc0",
          "title": "Update account status",
          "fullFile": "",
          "file": "",
          "beforeHooks": [],
          "afterHooks": [],
          "tests": [
            {
              "title": "tests Update account status",
              "fullTitle": "Update account status tests Update account status",
              "timedOut": null,
              "duration": 28672,
              "state": "passed",
              "speed": "slow",
              "pass": true,
              "fail": false,
              "pending": false,
              "context": null,
              "code": "cy.visit(\"http://localhost:3000/\");\ncy.wait(5000);\ncy.get(\"div.flex-row > div.relative > div > div\").click();\ncy.wait(5000);\ncy.get(\"div.flex-row div.absolute > div > div:nth-of-type(1) > div\").click();\ncy.get(\"#email\").click();\ncy.get(\"#email\").type(\"admin@gmail.com\");\ncy.get(\"#password\").click();\ncy.get(\"#password\").type(\"admin@123\");\ncy.get(\"div.justify-center div.flex-row > button\").click();\ncy.wait(5000);\ncy.get(\"div.flex-row > div.w-full > div > div > div:nth-of-type(1) path:nth-of-type(2)\").click({ force: true });\ncy.wait(5000);\ncy.get(\"tr:nth-of-type(1) path\").click();\nreturn;",
              "err": {},
              "uuid": "f556e01b-518b-4aed-9862-3e830f915e42",
              "parentUUID": "7c28b6e8-cc51-44db-8a44-b56f87767cc0",
              "isHook": false,
              "skipped": false
            }
          ],
          "suites": [],
          "passes": [
            "f556e01b-518b-4aed-9862-3e830f915e42"
          ],
          "failures": [],
          "pending": [],
          "skipped": [],
          "duration": 28672,
          "root": false,
          "rootEmpty": false,
          "_timeout": 2000
        }
      ],
      "passes": [],
      "failures": [],
      "pending": [],
      "skipped": [],
      "duration": 0,
      "root": true,
      "rootEmpty": true,
      "_timeout": 2000
    }
  ],
  "meta": {
    "mocha": {
      "version": "7.0.1"
    },
    "mochawesome": {
      "options": {
        "quiet": false,
        "reportFilename": "mochawesome",
        "saveHtml": false,
        "saveJson": true,
        "consoleReporter": "spec",
        "useInlineDiffs": false,
        "code": true
      },
      "version": "7.1.3"
    },
    "marge": {
      "options": {
        "reportDir": "cypress/results",
        "overwrite": false,
        "html": false,
        "json": true
      },
      "version": "6.2.0"
    }
  }
}