{
  "stats": {
    "suites": 1,
    "tests": 2,
    "passes": 2,
    "pending": 0,
    "failures": 0,
    "start": "2024-07-06T10:52:39.995Z",
    "end": "2024-07-06T10:54:33.613Z",
    "duration": 113618,
    "testsRegistered": 2,
    "passPercent": 100,
    "pendingPercent": 0,
    "other": 0,
    "hasOther": false,
    "skipped": 0,
    "hasSkipped": false
  },
  "results": [
    {
      "uuid": "6ecb2f2e-158b-41e3-ad6b-6105e5abc4b3",
      "title": "",
      "fullFile": "cypress\\e2e\\updateBecomeGuiderFormSpec.cy.ts",
      "file": "cypress\\e2e\\updateBecomeGuiderFormSpec.cy.ts",
      "beforeHooks": [],
      "afterHooks": [],
      "tests": [],
      "suites": [
        {
          "uuid": "44bbb41f-500e-4e36-b54b-94d7d7e17439",
          "title": "update become guider form",
          "fullFile": "",
          "file": "",
          "beforeHooks": [],
          "afterHooks": [],
          "tests": [
            {
              "title": "tests update become guider form failed",
              "fullTitle": "update become guider form tests update become guider form failed",
              "timedOut": null,
              "duration": 56141,
              "state": "passed",
              "speed": "slow",
              "pass": true,
              "fail": false,
              "pending": false,
              "context": null,
              "code": "cy.visit(\"http://localhost:3000/\");\ncy.wait(5000);\ncy.get(\"body > div:nth-of-type(1) div.relative img\").click();\ncy.get(\"div.flex-row div.absolute > div > div:nth-of-type(1) > div\").click();\ncy.wait(5000);\ncy.get(\"#email\").click();\ncy.get(\"#email\").type(\"leminhtuong09122002@gmail.com\");\ncy.get(\"#password\").click();\ncy.get(\"#password\").type(\"Mtl@091202\");\ncy.get(\"div.justify-center div.flex-row > button\").click();\ncy.wait(5000);\ncy.visit(\"http://localhost:3000/users/103\");\ncy.wait(5000);\ncy.get(\"li:nth-of-type(2) > div\").click();\ncy.wait(3000);\ncy.get(\"div.lg\\\\:col-span-8 > div\").click();\ncy.get(\"#full_name\").clear();\ncy.get(\"#username\").click();\ncy.get(\"#username\").clear();\ncy.get(\"#dob\").click();\ncy.get(\"#phone\").click();\ncy.get(\"#phone\").clear();\ncy.get(\"#address\").click();\ncy.get(\"#address\").clear();\ncy.get(\"div:nth-of-type(2) > button\").click();\ncy.wait(5000);\nreturn;",
              "err": {},
              "uuid": "cfd60b8f-3a0e-41b1-8b41-827c94005bd3",
              "parentUUID": "44bbb41f-500e-4e36-b54b-94d7d7e17439",
              "isHook": false,
              "skipped": false
            },
            {
              "title": "tests update become guider form",
              "fullTitle": "update become guider form tests update become guider form",
              "timedOut": null,
              "duration": 54821,
              "state": "passed",
              "speed": "slow",
              "pass": true,
              "fail": false,
              "pending": false,
              "context": null,
              "code": "cy.visit(\"http://localhost:3000/\");\ncy.wait(5000);\ncy.get(\"div.flex-row > div.relative > div > div\").click();\ncy.get(\"div.flex-row div.absolute > div > div:nth-of-type(1) > div\").click();\ncy.wait(5000);\ncy.get(\"#email\").click();\ncy.get(\"#email\").type(\"leminhtuong09122002@gmail.com\");\ncy.get(\"#password\").click();\ncy.get(\"#password\").type(\"Mtl@091202\");\ncy.get(\"div.justify-center div.flex-row > button\").click();\ncy.wait(5000);\ncy.visit(\"http://localhost:3000/users/103\");\ncy.wait(5000);\ncy.get(\"li:nth-of-type(2) > div\").click();\ncy.get(\"#full_name\").click();\ncy.get(\"#full_name\").type(\"updated\");\ncy.get(\"#username\").click();\ncy.get(\"#username\").type(\"updated\");\ncy.get(\"#phone\").click();\ncy.get(\"#phone\").clear();\ncy.get(\"#phone\").type(\"0834090902\");\ncy.get(\"#address\").click();\ncy.get(\"#address\").clear();\ncy.get(\"#address\").type(\"Thủ Đức city, Hồ Chí Minh City\");\ncy.get(\"div:nth-of-type(2) > button\").click();\ncy.wait(5000);\nreturn;",
              "err": {},
              "uuid": "7c49e02f-a154-45b9-be54-0a237ae2f7f6",
              "parentUUID": "44bbb41f-500e-4e36-b54b-94d7d7e17439",
              "isHook": false,
              "skipped": false
            }
          ],
          "suites": [],
          "passes": [
            "cfd60b8f-3a0e-41b1-8b41-827c94005bd3",
            "7c49e02f-a154-45b9-be54-0a237ae2f7f6"
          ],
          "failures": [],
          "pending": [],
          "skipped": [],
          "duration": 110962,
          "root": false,
          "rootEmpty": false,
          "_timeout": 2000
        }
      ],
      "passes": [],
      "failures": [],
      "pending": [],
      "skipped": [],
      "duration": 0,
      "root": true,
      "rootEmpty": true,
      "_timeout": 2000
    }
  ],
  "meta": {
    "mocha": {
      "version": "7.0.1"
    },
    "mochawesome": {
      "options": {
        "quiet": false,
        "reportFilename": "mochawesome",
        "saveHtml": false,
        "saveJson": true,
        "consoleReporter": "spec",
        "useInlineDiffs": false,
        "code": true
      },
      "version": "7.1.3"
    },
    "marge": {
      "options": {
        "reportDir": "cypress/results",
        "overwrite": false,
        "html": false,
        "json": true
      },
      "version": "6.2.0"
    }
  }
}