{
  "stats": {
    "suites": 1,
    "tests": 1,
    "passes": 1,
    "pending": 0,
    "failures": 0,
    "start": "2024-07-06T10:46:33.807Z",
    "end": "2024-07-06T10:47:05.790Z",
    "duration": 31983,
    "testsRegistered": 1,
    "passPercent": 100,
    "pendingPercent": 0,
    "other": 0,
    "hasOther": false,
    "skipped": 0,
    "hasSkipped": false
  },
  "results": [
    {
      "uuid": "28a5c78a-8a1d-44e4-8f74-daa13763d846",
      "title": "",
      "fullFile": "cypress\\e2e\\unlikePostReviewSpec.cy.ts",
      "file": "cypress\\e2e\\unlikePostReviewSpec.cy.ts",
      "beforeHooks": [],
      "afterHooks": [],
      "tests": [],
      "suites": [
        {
          "uuid": "9d68581e-f9d1-4a63-9b65-882947949652",
          "title": "unlike post",
          "fullFile": "",
          "file": "",
          "beforeHooks": [],
          "afterHooks": [],
          "tests": [
            {
              "title": "tests unlike post",
              "fullTitle": "unlike post tests unlike post",
              "timedOut": null,
              "duration": 25019,
              "state": "passed",
              "speed": "slow",
              "pass": true,
              "fail": false,
              "pending": false,
              "context": null,
              "code": "cy.viewport(1322, 945);\ncy.visit(\"http://localhost:3000/post-reviews/29\");\ncy.wait(5000);\ncy.get(\"body > div:nth-of-type(1) div.relative img\").click();\ncy.get(\"div.absolute > div > div:nth-of-type(1) > div\").click();\ncy.get(\"#email\").click();\ncy.get(\"#email\").type(\"leminhtuong09122002@gmail.com\");\ncy.get(\"#password\").click();\ncy.get(\"#password\").type(\"Mtl@091202\");\ncy.get(\"div.justify-center div.flex-row > button\").click();\ncy.wait(5000);\ncy.get(\"[data-testid='like-button'] > span\").click();\nreturn;",
              "err": {},
              "uuid": "95c2db54-ba80-4cb6-9754-d55edd58d668",
              "parentUUID": "9d68581e-f9d1-4a63-9b65-882947949652",
              "isHook": false,
              "skipped": false
            }
          ],
          "suites": [],
          "passes": [
            "95c2db54-ba80-4cb6-9754-d55edd58d668"
          ],
          "failures": [],
          "pending": [],
          "skipped": [],
          "duration": 25019,
          "root": false,
          "rootEmpty": false,
          "_timeout": 2000
        }
      ],
      "passes": [],
      "failures": [],
      "pending": [],
      "skipped": [],
      "duration": 0,
      "root": true,
      "rootEmpty": true,
      "_timeout": 2000
    }
  ],
  "meta": {
    "mocha": {
      "version": "7.0.1"
    },
    "mochawesome": {
      "options": {
        "quiet": false,
        "reportFilename": "mochawesome",
        "saveHtml": false,
        "saveJson": true,
        "consoleReporter": "spec",
        "useInlineDiffs": false,
        "code": true
      },
      "version": "7.1.3"
    },
    "marge": {
      "options": {
        "reportDir": "cypress/results",
        "overwrite": false,
        "html": false,
        "json": true
      },
      "version": "6.2.0"
    }
  }
}