{
  "stats": {
    "suites": 1,
    "tests": 1,
    "passes": 1,
    "pending": 0,
    "failures": 0,
    "start": "2024-07-06T10:48:11.732Z",
    "end": "2024-07-06T10:48:45.234Z",
    "duration": 33502,
    "testsRegistered": 1,
    "passPercent": 100,
    "pendingPercent": 0,
    "other": 0,
    "hasOther": false,
    "skipped": 0,
    "hasSkipped": false
  },
  "results": [
    {
      "uuid": "6d22afc0-aa34-49d8-a40c-9122dd3ba291",
      "title": "",
      "fullFile": "cypress\\e2e\\updateAccountStatusSpec.cy.ts",
      "file": "cypress\\e2e\\updateAccountStatusSpec.cy.ts",
      "beforeHooks": [],
      "afterHooks": [],
      "tests": [],
      "suites": [
        {
          "uuid": "0df31488-e143-4c45-93ba-11d23ec73077",
          "title": "Update account status",
          "fullFile": "",
          "file": "",
          "beforeHooks": [],
          "afterHooks": [],
          "tests": [
            {
              "title": "tests Update account status",
              "fullTitle": "Update account status tests Update account status",
              "timedOut": null,
              "duration": 30878,
              "state": "passed",
              "speed": "slow",
              "pass": true,
              "fail": false,
              "pending": false,
              "context": null,
              "code": "cy.visit(\"http://localhost:3000/\");\ncy.wait(5000);\ncy.get(\"div.flex-row > div.relative > div > div\").click();\ncy.wait(5000);\ncy.get(\"div.flex-row div.absolute > div > div:nth-of-type(1) > div\").click();\ncy.get(\"#email\").click();\ncy.get(\"#email\").type(\"admin@gmail.com\");\ncy.get(\"#password\").click();\ncy.get(\"#password\").type(\"admin@123\");\ncy.get(\"div.justify-center div.flex-row > button\").click();\ncy.wait(5000);\ncy.get(\"div.flex-row > div.w-full > div > div > div:nth-of-type(1) path:nth-of-type(2)\").click({ force: true });\ncy.wait(5000);\ncy.get(\"tr:nth-of-type(1) path\").click();\nreturn;",
              "err": {},
              "uuid": "05efb82c-1a18-4cba-8a97-997e03e7f1d7",
              "parentUUID": "0df31488-e143-4c45-93ba-11d23ec73077",
              "isHook": false,
              "skipped": false
            }
          ],
          "suites": [],
          "passes": [
            "05efb82c-1a18-4cba-8a97-997e03e7f1d7"
          ],
          "failures": [],
          "pending": [],
          "skipped": [],
          "duration": 30878,
          "root": false,
          "rootEmpty": false,
          "_timeout": 2000
        }
      ],
      "passes": [],
      "failures": [],
      "pending": [],
      "skipped": [],
      "duration": 0,
      "root": true,
      "rootEmpty": true,
      "_timeout": 2000
    }
  ],
  "meta": {
    "mocha": {
      "version": "7.0.1"
    },
    "mochawesome": {
      "options": {
        "quiet": false,
        "reportFilename": "mochawesome",
        "saveHtml": false,
        "saveJson": true,
        "consoleReporter": "spec",
        "useInlineDiffs": false,
        "code": true
      },
      "version": "7.1.3"
    },
    "marge": {
      "options": {
        "reportDir": "cypress/results",
        "overwrite": false,
        "html": false,
        "json": true
      },
      "version": "6.2.0"
    }
  }
}