{
  "stats": {
    "suites": 1,
    "tests": 2,
    "passes": 2,
    "pending": 0,
    "failures": 0,
    "start": "2024-07-03T18:40:46.330Z",
    "end": "2024-07-03T18:42:08.407Z",
    "duration": 82077,
    "testsRegistered": 2,
    "passPercent": 100,
    "pendingPercent": 0,
    "other": 0,
    "hasOther": false,
    "skipped": 0,
    "hasSkipped": false
  },
  "results": [
    {
      "uuid": "517c7923-5acd-4e8b-bd2a-9196462456fb",
      "title": "",
      "fullFile": "cypress\\e2e\\updateWishlistSpec.cy.ts",
      "file": "cypress\\e2e\\updateWishlistSpec.cy.ts",
      "beforeHooks": [],
      "afterHooks": [],
      "tests": [],
      "suites": [
        {
          "uuid": "f363eb3e-8b29-4535-81ff-649c640fd666",
          "title": "edit wishlist at home",
          "fullFile": "",
          "file": "",
          "beforeHooks": [],
          "afterHooks": [],
          "tests": [
            {
              "title": "tests edit wishlist at home",
              "fullTitle": "edit wishlist at home tests edit wishlist at home",
              "timedOut": null,
              "duration": 31629,
              "state": "passed",
              "speed": "slow",
              "pass": true,
              "fail": false,
              "pending": false,
              "context": null,
              "code": "cy.visit(\"http://localhost:3000/\");\ncy.wait(5000);\ncy.get(\"div.fixed > div > div > div.flex-row svg\").click();\ncy.get(\"div.flex-row div.absolute > div > div:nth-of-type(1) > div\").click();\ncy.get(\"#email\").click();\ncy.get(\"#email\").type(\"leminhtuong09122002@gmail.com\");\ncy.get(\"#password\").click();\ncy.get(\"#password\").type(\"Mtl@091202\");\ncy.get(\"div.justify-center div.flex-row > button\").click();\ncy.wait(5000);\ncy.get(\"div.mt-0 > div:nth-of-type(2) svg.fill-white\").click({\n    force: true,\n});\ncy.wait(5000);\ncy.get(\"div.flex-auto > div > div:nth-of-type(1) div.gap-4 svg\").click({\n    force: true,\n});\ncy.get(\"input\").click();\ncy.get(\"input\").type(\"(2)\");\ncy.wait(1000);\ncy.get(\"div.flex-auto > div > div:nth-of-type(1) svg\").click({\n    force: true,\n});\ncy.wait(5000);\nreturn;",
              "err": {},
              "uuid": "d771c607-f66e-4bd9-80a9-5f270bc7d6fa",
              "parentUUID": "f363eb3e-8b29-4535-81ff-649c640fd666",
              "isHook": false,
              "skipped": false
            },
            {
              "title": "tests edit wishlist at page",
              "fullTitle": "edit wishlist at home tests edit wishlist at page",
              "timedOut": null,
              "duration": 47818,
              "state": "passed",
              "speed": "slow",
              "pass": true,
              "fail": false,
              "pending": false,
              "context": null,
              "code": "cy.visit(\"http://localhost:3000/\");\ncy.wait(5000);\ncy.get(\"div.fixed > div > div > div.flex-row svg\").click();\ncy.get(\"div.flex-row div.absolute > div > div:nth-of-type(1) > div\").click();\ncy.get(\"#email\").click();\ncy.get(\"#email\").type(\"leminhtuong09122002@gmail.com\");\ncy.get(\"#password\").click();\ncy.get(\"#password\").type(\"Mtl@091202\");\ncy.get(\"div.justify-center div.flex-row > button\").click();\ncy.wait(5000);\ncy.visit(\"http://localhost:3000/favorites\");\ncy.wait(5000);\ncy.get(\"div.grid > div:nth-of-type(1) div.font-semibold svg\").click({\n    force: true,\n});\ncy.get(\"input\").click();\ncy.get(\"input\").type(\"(2)\");\ncy.wait(1000);\ncy.get(\"div.grid > div:nth-of-type(1) div.font-semibold svg\").click({\n    force: true,\n});\ncy.wait(5000);\nreturn;",
              "err": {},
              "uuid": "691697f6-2805-4e7a-8284-cda316e4dce4",
              "parentUUID": "f363eb3e-8b29-4535-81ff-649c640fd666",
              "isHook": false,
              "skipped": false
            }
          ],
          "suites": [],
          "passes": [
            "d771c607-f66e-4bd9-80a9-5f270bc7d6fa",
            "691697f6-2805-4e7a-8284-cda316e4dce4"
          ],
          "failures": [],
          "pending": [],
          "skipped": [],
          "duration": 79447,
          "root": false,
          "rootEmpty": false,
          "_timeout": 2000
        }
      ],
      "passes": [],
      "failures": [],
      "pending": [],
      "skipped": [],
      "duration": 0,
      "root": true,
      "rootEmpty": true,
      "_timeout": 2000
    }
  ],
  "meta": {
    "mocha": {
      "version": "7.0.1"
    },
    "mochawesome": {
      "options": {
        "quiet": false,
        "reportFilename": "mochawesome",
        "saveHtml": false,
        "saveJson": true,
        "consoleReporter": "spec",
        "useInlineDiffs": false,
        "code": true
      },
      "version": "7.1.3"
    },
    "marge": {
      "options": {
        "reportDir": "cypress/results",
        "overwrite": false,
        "html": false,
        "json": true
      },
      "version": "6.2.0"
    }
  }
}