{
  "stats": {
    "suites": 1,
    "tests": 1,
    "passes": 1,
    "pending": 0,
    "failures": 0,
    "start": "2024-07-02T19:38:39.450Z",
    "end": "2024-07-02T19:39:07.530Z",
    "duration": 28080,
    "testsRegistered": 1,
    "passPercent": 100,
    "pendingPercent": 0,
    "other": 0,
    "hasOther": false,
    "skipped": 0,
    "hasSkipped": false
  },
  "results": [
    {
      "uuid": "ec2ecb11-7c9f-4acb-b1c6-42aa2d6b17d1",
      "title": "",
      "fullFile": "cypress\\e2e\\likePostReviewSpec.cy.ts",
      "file": "cypress\\e2e\\likePostReviewSpec.cy.ts",
      "beforeHooks": [],
      "afterHooks": [],
      "tests": [],
      "suites": [
        {
          "uuid": "16aecf8e-1c47-4a1d-a44a-f691fd44f292",
          "title": "like post",
          "fullFile": "",
          "file": "",
          "beforeHooks": [],
          "afterHooks": [],
          "tests": [
            {
              "title": "tests like post",
              "fullTitle": "like post tests like post",
              "timedOut": null,
              "duration": 26188,
              "state": "passed",
              "speed": "slow",
              "pass": true,
              "fail": false,
              "pending": false,
              "context": null,
              "code": "cy.visit(\"http://localhost:3000/post-reviews/29\");\ncy.wait(5000);\ncy.get(\"body > div:nth-of-type(1) div.relative img\").click();\ncy.get(\"div.absolute > div > div:nth-of-type(1) > div\").click();\ncy.get(\"#email\").click();\ncy.get(\"#email\").type(\"leminhtuong09122002@gmail.com\");\ncy.get(\"#password\").click();\ncy.get(\"#password\").type(\"Mtl@091202\");\ncy.get(\"div.justify-center div.flex-row > button\").click();\ncy.wait(5000);\ncy.get(\"[data-testid='like-button'] > span\").click();\nreturn;",
              "err": {},
              "uuid": "74a41805-3d8a-49bc-9509-6a089114da9e",
              "parentUUID": "16aecf8e-1c47-4a1d-a44a-f691fd44f292",
              "isHook": false,
              "skipped": false
            }
          ],
          "suites": [],
          "passes": [
            "74a41805-3d8a-49bc-9509-6a089114da9e"
          ],
          "failures": [],
          "pending": [],
          "skipped": [],
          "duration": 26188,
          "root": false,
          "rootEmpty": false,
          "_timeout": 2000
        }
      ],
      "passes": [],
      "failures": [],
      "pending": [],
      "skipped": [],
      "duration": 0,
      "root": true,
      "rootEmpty": true,
      "_timeout": 2000
    }
  ],
  "meta": {
    "mocha": {
      "version": "7.0.1"
    },
    "mochawesome": {
      "options": {
        "quiet": false,
        "reportFilename": "mochawesome",
        "saveHtml": false,
        "saveJson": true,
        "consoleReporter": "spec",
        "useInlineDiffs": false,
        "code": true
      },
      "version": "7.1.3"
    },
    "marge": {
      "options": {
        "reportDir": "cypress/results",
        "overwrite": false,
        "html": false,
        "json": true
      },
      "version": "6.2.0"
    }
  }
}