{
  "stats": {
    "suites": 1,
    "tests": 1,
    "passes": 1,
    "pending": 0,
    "failures": 0,
    "start": "2024-07-06T11:23:53.386Z",
    "end": "2024-07-06T11:24:42.355Z",
    "duration": 48969,
    "testsRegistered": 1,
    "passPercent": 100,
    "pendingPercent": 0,
    "other": 0,
    "hasOther": false,
    "skipped": 0,
    "hasSkipped": false
  },
  "results": [
    {
      "uuid": "902e98a0-6c95-49d8-aff1-e272538ef7c4",
      "title": "",
      "fullFile": "cypress\\e2e\\statisticsGuiderSpec.cy.ts",
      "file": "cypress\\e2e\\statisticsGuiderSpec.cy.ts",
      "beforeHooks": [],
      "afterHooks": [],
      "tests": [],
      "suites": [
        {
          "uuid": "7f2e4ac8-6397-488f-bb84-dd30510a2474",
          "title": "statistics guider",
          "fullFile": "",
          "file": "",
          "beforeHooks": [],
          "afterHooks": [],
          "tests": [
            {
              "title": "tests statistics guider",
              "fullTitle": "statistics guider tests statistics guider",
              "timedOut": null,
              "duration": 43820,
              "state": "passed",
              "speed": "slow",
              "pass": true,
              "fail": false,
              "pending": false,
              "context": null,
              "code": "cy.visit(\"http://localhost:3000/\");\ncy.wait(5000);\ncy.get(\"div.flex-row > div.relative > div > div\").click();\ncy.get(\"div.flex-row div.absolute > div > div:nth-of-type(1) > div\").click();\ncy.get(\"#email\").click();\ncy.get(\"#email\").type(\"leminhtuong09122002@gmail.com\");\ncy.get(\"#password\").click();\ncy.get(\"#password\").type(\"Mtl@091202\");\ncy.get(\"div.justify-center div.flex-row > button\").click();\ncy.wait(5000);\ncy.visit(\"http://localhost:3000/statistics/guider\");\ncy.get(\"div.flex > input\").click();\ncy.get(\"div.flex > input\").type(\"2024-01-01\");\ncy.get(\"div:nth-of-type(2) > button\").click();\ncy.wait(5000);\nreturn;",
              "err": {},
              "uuid": "80378a92-8d30-40b3-887d-13eda10ba234",
              "parentUUID": "7f2e4ac8-6397-488f-bb84-dd30510a2474",
              "isHook": false,
              "skipped": false
            }
          ],
          "suites": [],
          "passes": [
            "80378a92-8d30-40b3-887d-13eda10ba234"
          ],
          "failures": [],
          "pending": [],
          "skipped": [],
          "duration": 43820,
          "root": false,
          "rootEmpty": false,
          "_timeout": 2000
        }
      ],
      "passes": [],
      "failures": [],
      "pending": [],
      "skipped": [],
      "duration": 0,
      "root": true,
      "rootEmpty": true,
      "_timeout": 2000
    }
  ],
  "meta": {
    "mocha": {
      "version": "7.0.1"
    },
    "mochawesome": {
      "options": {
        "quiet": false,
        "reportFilename": "mochawesome",
        "saveHtml": false,
        "saveJson": true,
        "consoleReporter": "spec",
        "useInlineDiffs": false,
        "code": true
      },
      "version": "7.1.3"
    },
    "marge": {
      "options": {
        "reportDir": "cypress/results",
        "overwrite": false,
        "html": false,
        "json": true
      },
      "version": "6.2.0"
    }
  }
}