{
  "stats": {
    "suites": 1,
    "tests": 1,
    "passes": 1,
    "pending": 0,
    "failures": 0,
    "start": "2024-07-03T18:36:04.697Z",
    "end": "2024-07-03T18:36:36.087Z",
    "duration": 31390,
    "testsRegistered": 1,
    "passPercent": 100,
    "pendingPercent": 0,
    "other": 0,
    "hasOther": false,
    "skipped": 0,
    "hasSkipped": false
  },
  "results": [
    {
      "uuid": "1f8bb7bc-17e4-4c20-90e3-b695f86b68fa",
      "title": "",
      "fullFile": "cypress\\e2e\\updateAccountRoleSpec.cy.ts",
      "file": "cypress\\e2e\\updateAccountRoleSpec.cy.ts",
      "beforeHooks": [],
      "afterHooks": [],
      "tests": [],
      "suites": [
        {
          "uuid": "f34e645e-b60d-4950-8003-509c394d301e",
          "title": "Update account role",
          "fullFile": "",
          "file": "",
          "beforeHooks": [],
          "afterHooks": [],
          "tests": [
            {
              "title": "tests Update account role",
              "fullTitle": "Update account role tests Update account role",
              "timedOut": null,
              "duration": 29609,
              "state": "passed",
              "speed": "slow",
              "pass": true,
              "fail": false,
              "pending": false,
              "context": null,
              "code": "cy.visit(\"http://localhost:3000/\");\ncy.wait(5000);\ncy.get(\"body > div:nth-of-type(1) div.relative img\").click();\ncy.get(\"div.fixed > div > div > div.flex-row path\").click();\ncy.get(\"div.fixed > div > div > div.flex-row path\").click();\ncy.get(\"div.flex-row div.absolute > div > div:nth-of-type(1) > div\").click();\ncy.get(\"#email\").click();\ncy.get(\"#email\").type(\"admin@gmail.com\");\ncy.get(\"#password\").click();\ncy.get(\"#password\").type(\"admin@123\");\ncy.get(\"div.justify-center div.flex-row > button\").click();\ncy.wait(5000);\ncy.get(\"div.flex-row > div.w-full div:nth-of-type(1) > svg\").click({\n    force: true,\n});\ncy.wait(5000);\ncy.get(\"tr:nth-of-type(1) select\").select;\ncy.get(\"tr:nth-of-type(1) select\").select;\ncy.get(\"tr:nth-of-type(1) select\").select;\ncy.get(\"tr:nth-of-type(1) select\").type(\"4\");\nreturn;",
              "err": {},
              "uuid": "dab39edf-9f9d-44b3-a02f-4e33caf5c7ee",
              "parentUUID": "f34e645e-b60d-4950-8003-509c394d301e",
              "isHook": false,
              "skipped": false
            }
          ],
          "suites": [],
          "passes": [
            "dab39edf-9f9d-44b3-a02f-4e33caf5c7ee"
          ],
          "failures": [],
          "pending": [],
          "skipped": [],
          "duration": 29609,
          "root": false,
          "rootEmpty": false,
          "_timeout": 2000
        }
      ],
      "passes": [],
      "failures": [],
      "pending": [],
      "skipped": [],
      "duration": 0,
      "root": true,
      "rootEmpty": true,
      "_timeout": 2000
    }
  ],
  "meta": {
    "mocha": {
      "version": "7.0.1"
    },
    "mochawesome": {
      "options": {
        "quiet": false,
        "reportFilename": "mochawesome",
        "saveHtml": false,
        "saveJson": true,
        "consoleReporter": "spec",
        "useInlineDiffs": false,
        "code": true
      },
      "version": "7.1.3"
    },
    "marge": {
      "options": {
        "reportDir": "cypress/results",
        "overwrite": false,
        "html": false,
        "json": true
      },
      "version": "6.2.0"
    }
  }
}