{
  "stats": {
    "suites": 1,
    "tests": 6,
    "passes": 6,
    "pending": 0,
    "failures": 0,
    "start": "2024-07-06T10:30:23.737Z",
    "end": "2024-07-06T10:33:20.868Z",
    "duration": 177131,
    "testsRegistered": 6,
    "passPercent": 100,
    "pendingPercent": 0,
    "other": 0,
    "hasOther": false,
    "skipped": 0,
    "hasSkipped": false
  },
  "results": [
    {
      "uuid": "f461f0e5-4f99-4b61-8c5b-28a2b0c5cdc9",
      "title": "",
      "fullFile": "cypress\\e2e\\sharePostGuiderSpec.cy.ts",
      "file": "cypress\\e2e\\sharePostGuiderSpec.cy.ts",
      "beforeHooks": [],
      "afterHooks": [],
      "tests": [],
      "suites": [
        {
          "uuid": "6c508fa0-89a6-4d71-83ff-b051dcbe487b",
          "title": "Share Post Guider Test",
          "fullFile": "",
          "file": "",
          "beforeHooks": [],
          "afterHooks": [],
          "tests": [
            {
              "title": "Copy Link successfully",
              "fullTitle": "Share Post Guider Test Copy Link successfully",
              "timedOut": null,
              "duration": 38259,
              "state": "passed",
              "speed": "slow",
              "pass": true,
              "fail": false,
              "pending": false,
              "context": null,
              "code": "cy.visit(\"http://localhost:3000/post-guiders/16\");\ncy.wait(5000);\ncy.get(\".flex.items-center.justify-between.cursor-pointer.relative\")\n    .first()\n    .click();\ncy.get(\".absolute.grid.grid-cols-2.space-x-4.px-6.py-5\").should(\"be.visible\");\ncy.contains(/sao chép liên kết/i).should(\"be.visible\");",
              "err": {},
              "uuid": "94509404-8394-449c-85b1-6206bb6c8719",
              "parentUUID": "6c508fa0-89a6-4d71-83ff-b051dcbe487b",
              "isHook": false,
              "skipped": false
            },
            {
              "title": "Share on Facebook successfully",
              "fullTitle": "Share Post Guider Test Share on Facebook successfully",
              "timedOut": null,
              "duration": 26846,
              "state": "passed",
              "speed": "slow",
              "pass": true,
              "fail": false,
              "pending": false,
              "context": null,
              "code": "cy.visit(\"http://localhost:3000/post-guiders/16\");\ncy.wait(5000);\ncy.get(\".flex.items-center.justify-between.cursor-pointer.relative\")\n    .first()\n    .click();\ncy.get(\".absolute.grid.grid-cols-2.space-x-4.px-6.py-5\").should(\"be.visible\");\ncy.contains(\"Facebook\").should(\"be.visible\");",
              "err": {},
              "uuid": "1bc26a9f-1d64-4c5a-9dd1-44cd2d4dc40c",
              "parentUUID": "6c508fa0-89a6-4d71-83ff-b051dcbe487b",
              "isHook": false,
              "skipped": false
            },
            {
              "title": "Share on Whatsapp successfully",
              "fullTitle": "Share Post Guider Test Share on Whatsapp successfully",
              "timedOut": null,
              "duration": 27476,
              "state": "passed",
              "speed": "slow",
              "pass": true,
              "fail": false,
              "pending": false,
              "context": null,
              "code": "cy.visit(\"http://localhost:3000/post-guiders/16\");\ncy.wait(5000);\ncy.get(\".flex.items-center.justify-between.cursor-pointer.relative\")\n    .first()\n    .click();\ncy.get(\".absolute.grid.grid-cols-2.space-x-4.px-6.py-5\").should(\"be.visible\");\ncy.contains(\"Whatsapp\").should(\"be.visible\");",
              "err": {},
              "uuid": "c4dff97e-39a2-4fb5-9c27-cb73b2a42230",
              "parentUUID": "6c508fa0-89a6-4d71-83ff-b051dcbe487b",
              "isHook": false,
              "skipped": false
            },
            {
              "title": "Share on Twitter successfully",
              "fullTitle": "Share Post Guider Test Share on Twitter successfully",
              "timedOut": null,
              "duration": 27586,
              "state": "passed",
              "speed": "slow",
              "pass": true,
              "fail": false,
              "pending": false,
              "context": null,
              "code": "cy.visit(\"http://localhost:3000/post-guiders/16\");\ncy.wait(5000);\ncy.get(\".flex.items-center.justify-between.cursor-pointer.relative\")\n    .first()\n    .click();\ncy.get(\".absolute.grid.grid-cols-2.space-x-4.px-6.py-5\").should(\"be.visible\");\ncy.contains(\"Twitter\").should(\"be.visible\");",
              "err": {},
              "uuid": "32980c16-aa65-485e-954a-306c37ecaec7",
              "parentUUID": "6c508fa0-89a6-4d71-83ff-b051dcbe487b",
              "isHook": false,
              "skipped": false
            },
            {
              "title": "Share on Telegram successfully",
              "fullTitle": "Share Post Guider Test Share on Telegram successfully",
              "timedOut": null,
              "duration": 26931,
              "state": "passed",
              "speed": "slow",
              "pass": true,
              "fail": false,
              "pending": false,
              "context": null,
              "code": "cy.visit(\"http://localhost:3000/post-guiders/16\");\ncy.wait(5000);\ncy.get(\".flex.items-center.justify-between.cursor-pointer.relative\")\n    .first()\n    .click();\ncy.get(\".absolute.grid.grid-cols-2.space-x-4.px-6.py-5\").should(\"be.visible\");\ncy.contains(\"Telegram\").should(\"be.visible\");",
              "err": {},
              "uuid": "576d1986-4d7c-492d-94b5-09baabb2246f",
              "parentUUID": "6c508fa0-89a6-4d71-83ff-b051dcbe487b",
              "isHook": false,
              "skipped": false
            },
            {
              "title": "Share on Email successfully",
              "fullTitle": "Share Post Guider Test Share on Email successfully",
              "timedOut": null,
              "duration": 27231,
              "state": "passed",
              "speed": "slow",
              "pass": true,
              "fail": false,
              "pending": false,
              "context": null,
              "code": "cy.visit(\"http://localhost:3000/post-guiders/16\");\ncy.wait(5000);\ncy.get(\".flex.items-center.justify-between.cursor-pointer.relative\")\n    .first()\n    .click();\ncy.get(\".absolute.grid.grid-cols-2.space-x-4.px-6.py-5\").should(\"be.visible\");\ncy.contains(\"Email\").should(\"be.visible\");",
              "err": {},
              "uuid": "dcb0d057-c901-41b2-8a63-83f24cbb556a",
              "parentUUID": "6c508fa0-89a6-4d71-83ff-b051dcbe487b",
              "isHook": false,
              "skipped": false
            }
          ],
          "suites": [],
          "passes": [
            "94509404-8394-449c-85b1-6206bb6c8719",
            "1bc26a9f-1d64-4c5a-9dd1-44cd2d4dc40c",
            "c4dff97e-39a2-4fb5-9c27-cb73b2a42230",
            "32980c16-aa65-485e-954a-306c37ecaec7",
            "576d1986-4d7c-492d-94b5-09baabb2246f",
            "dcb0d057-c901-41b2-8a63-83f24cbb556a"
          ],
          "failures": [],
          "pending": [],
          "skipped": [],
          "duration": 174329,
          "root": false,
          "rootEmpty": false,
          "_timeout": 2000
        }
      ],
      "passes": [],
      "failures": [],
      "pending": [],
      "skipped": [],
      "duration": 0,
      "root": true,
      "rootEmpty": true,
      "_timeout": 2000
    }
  ],
  "meta": {
    "mocha": {
      "version": "7.0.1"
    },
    "mochawesome": {
      "options": {
        "quiet": false,
        "reportFilename": "mochawesome",
        "saveHtml": false,
        "saveJson": true,
        "consoleReporter": "spec",
        "useInlineDiffs": false,
        "code": true
      },
      "version": "7.1.3"
    },
    "marge": {
      "options": {
        "reportDir": "cypress/results",
        "overwrite": false,
        "html": false,
        "json": true
      },
      "version": "6.2.0"
    }
  }
}