{
  "stats": {
    "suites": 1,
    "tests": 6,
    "passes": 6,
    "pending": 0,
    "failures": 0,
    "start": "2024-07-03T18:25:12.245Z",
    "end": "2024-07-03T18:28:13.468Z",
    "duration": 181223,
    "testsRegistered": 6,
    "passPercent": 100,
    "pendingPercent": 0,
    "other": 0,
    "hasOther": false,
    "skipped": 0,
    "hasSkipped": false
  },
  "results": [
    {
      "uuid": "d4bd01ce-cee6-40fa-b916-675d8491aa66",
      "title": "",
      "fullFile": "cypress\\e2e\\sharePostGuiderSpec.cy.ts",
      "file": "cypress\\e2e\\sharePostGuiderSpec.cy.ts",
      "beforeHooks": [],
      "afterHooks": [],
      "tests": [],
      "suites": [
        {
          "uuid": "0233cacc-9a07-4b6f-8ca8-66bb4aecff2b",
          "title": "Share Post Guider Test",
          "fullFile": "",
          "file": "",
          "beforeHooks": [],
          "afterHooks": [],
          "tests": [
            {
              "title": "Copy Link successfully",
              "fullTitle": "Share Post Guider Test Copy Link successfully",
              "timedOut": null,
              "duration": 38145,
              "state": "passed",
              "speed": "slow",
              "pass": true,
              "fail": false,
              "pending": false,
              "context": null,
              "code": "cy.visit(\"http://localhost:3000/post-guiders/16\");\ncy.wait(5000);\ncy.get(\".flex.items-center.justify-between.cursor-pointer.relative\")\n    .first()\n    .click();\ncy.get(\".absolute.grid.grid-cols-2.space-x-4.px-6.py-5\").should(\"be.visible\");\ncy.contains(/sao chép liên kết/i).should(\"be.visible\");",
              "err": {},
              "uuid": "1bbfe2a9-f3cc-47c5-b977-43e0291bd578",
              "parentUUID": "0233cacc-9a07-4b6f-8ca8-66bb4aecff2b",
              "isHook": false,
              "skipped": false
            },
            {
              "title": "Share on Facebook successfully",
              "fullTitle": "Share Post Guider Test Share on Facebook successfully",
              "timedOut": null,
              "duration": 26953,
              "state": "passed",
              "speed": "slow",
              "pass": true,
              "fail": false,
              "pending": false,
              "context": null,
              "code": "cy.visit(\"http://localhost:3000/post-guiders/16\");\ncy.wait(5000);\ncy.get(\".flex.items-center.justify-between.cursor-pointer.relative\")\n    .first()\n    .click();\ncy.get(\".absolute.grid.grid-cols-2.space-x-4.px-6.py-5\").should(\"be.visible\");\ncy.contains(\"Facebook\").should(\"be.visible\");",
              "err": {},
              "uuid": "ad810d19-710f-44db-b5b8-46963da69e8d",
              "parentUUID": "0233cacc-9a07-4b6f-8ca8-66bb4aecff2b",
              "isHook": false,
              "skipped": false
            },
            {
              "title": "Share on Whatsapp successfully",
              "fullTitle": "Share Post Guider Test Share on Whatsapp successfully",
              "timedOut": null,
              "duration": 28773,
              "state": "passed",
              "speed": "slow",
              "pass": true,
              "fail": false,
              "pending": false,
              "context": null,
              "code": "cy.visit(\"http://localhost:3000/post-guiders/16\");\ncy.wait(5000);\ncy.get(\".flex.items-center.justify-between.cursor-pointer.relative\")\n    .first()\n    .click();\ncy.get(\".absolute.grid.grid-cols-2.space-x-4.px-6.py-5\").should(\"be.visible\");\ncy.contains(\"Whatsapp\").should(\"be.visible\");",
              "err": {},
              "uuid": "130a55d5-b989-436c-9c47-5f3df579cb4e",
              "parentUUID": "0233cacc-9a07-4b6f-8ca8-66bb4aecff2b",
              "isHook": false,
              "skipped": false
            },
            {
              "title": "Share on Twitter successfully",
              "fullTitle": "Share Post Guider Test Share on Twitter successfully",
              "timedOut": null,
              "duration": 28256,
              "state": "passed",
              "speed": "slow",
              "pass": true,
              "fail": false,
              "pending": false,
              "context": null,
              "code": "cy.visit(\"http://localhost:3000/post-guiders/16\");\ncy.wait(5000);\ncy.get(\".flex.items-center.justify-between.cursor-pointer.relative\")\n    .first()\n    .click();\ncy.get(\".absolute.grid.grid-cols-2.space-x-4.px-6.py-5\").should(\"be.visible\");\ncy.contains(\"Twitter\").should(\"be.visible\");",
              "err": {},
              "uuid": "e04cddb6-f764-4adf-a605-8f691496206c",
              "parentUUID": "0233cacc-9a07-4b6f-8ca8-66bb4aecff2b",
              "isHook": false,
              "skipped": false
            },
            {
              "title": "Share on Telegram successfully",
              "fullTitle": "Share Post Guider Test Share on Telegram successfully",
              "timedOut": null,
              "duration": 30024,
              "state": "passed",
              "speed": "slow",
              "pass": true,
              "fail": false,
              "pending": false,
              "context": null,
              "code": "cy.visit(\"http://localhost:3000/post-guiders/16\");\ncy.wait(5000);\ncy.get(\".flex.items-center.justify-between.cursor-pointer.relative\")\n    .first()\n    .click();\ncy.get(\".absolute.grid.grid-cols-2.space-x-4.px-6.py-5\").should(\"be.visible\");\ncy.contains(\"Telegram\").should(\"be.visible\");",
              "err": {},
              "uuid": "a83526e1-66be-4a37-b800-8ccc7bc44d27",
              "parentUUID": "0233cacc-9a07-4b6f-8ca8-66bb4aecff2b",
              "isHook": false,
              "skipped": false
            },
            {
              "title": "Share on Email successfully",
              "fullTitle": "Share Post Guider Test Share on Email successfully",
              "timedOut": null,
              "duration": 27111,
              "state": "passed",
              "speed": "slow",
              "pass": true,
              "fail": false,
              "pending": false,
              "context": null,
              "code": "cy.visit(\"http://localhost:3000/post-guiders/16\");\ncy.wait(5000);\ncy.get(\".flex.items-center.justify-between.cursor-pointer.relative\")\n    .first()\n    .click();\ncy.get(\".absolute.grid.grid-cols-2.space-x-4.px-6.py-5\").should(\"be.visible\");\ncy.contains(\"Email\").should(\"be.visible\");",
              "err": {},
              "uuid": "88360454-b3db-479e-a119-5b85c0f74e30",
              "parentUUID": "0233cacc-9a07-4b6f-8ca8-66bb4aecff2b",
              "isHook": false,
              "skipped": false
            }
          ],
          "suites": [],
          "passes": [
            "1bbfe2a9-f3cc-47c5-b977-43e0291bd578",
            "ad810d19-710f-44db-b5b8-46963da69e8d",
            "130a55d5-b989-436c-9c47-5f3df579cb4e",
            "e04cddb6-f764-4adf-a605-8f691496206c",
            "a83526e1-66be-4a37-b800-8ccc7bc44d27",
            "88360454-b3db-479e-a119-5b85c0f74e30"
          ],
          "failures": [],
          "pending": [],
          "skipped": [],
          "duration": 179262,
          "root": false,
          "rootEmpty": false,
          "_timeout": 2000
        }
      ],
      "passes": [],
      "failures": [],
      "pending": [],
      "skipped": [],
      "duration": 0,
      "root": true,
      "rootEmpty": true,
      "_timeout": 2000
    }
  ],
  "meta": {
    "mocha": {
      "version": "7.0.1"
    },
    "mochawesome": {
      "options": {
        "quiet": false,
        "reportFilename": "mochawesome",
        "saveHtml": false,
        "saveJson": true,
        "consoleReporter": "spec",
        "useInlineDiffs": false,
        "code": true
      },
      "version": "7.1.3"
    },
    "marge": {
      "options": {
        "reportDir": "cypress/results",
        "overwrite": false,
        "html": false,
        "json": true
      },
      "version": "6.2.0"
    }
  }
}