{
  "stats": {
    "suites": 1,
    "tests": 1,
    "passes": 0,
    "pending": 0,
    "failures": 1,
    "start": "2024-07-02T19:31:02.391Z",
    "end": "2024-07-02T19:31:32.602Z",
    "duration": 30211,
    "testsRegistered": 1,
    "passPercent": 0,
    "pendingPercent": 0,
    "other": 0,
    "hasOther": false,
    "skipped": 0,
    "hasSkipped": false
  },
  "results": [
    {
      "uuid": "9601545b-f399-42ce-a325-2b58be4a6f69",
      "title": "",
      "fullFile": "cypress\\e2e\\updateAccountRoleSpec.cy.ts",
      "file": "cypress\\e2e\\updateAccountRoleSpec.cy.ts",
      "beforeHooks": [],
      "afterHooks": [],
      "tests": [],
      "suites": [
        {
          "uuid": "bcd07287-5251-4c23-a5ed-49cfe66029c9",
          "title": "Update account role",
          "fullFile": "",
          "file": "",
          "beforeHooks": [],
          "afterHooks": [],
          "tests": [
            {
              "title": "tests Update account role",
              "fullTitle": "Update account role tests Update account role",
              "timedOut": null,
              "duration": 28394,
              "state": "failed",
              "speed": null,
              "pass": false,
              "fail": true,
              "pending": false,
              "context": null,
              "code": "cy.visit(\"http://localhost:3000/\");\ncy.wait(5000);\ncy.get(\"body > div:nth-of-type(1) div.relative img\").click();\ncy.get(\"div.fixed > div > div > div.flex-row path\").click();\ncy.get(\"div.fixed > div > div > div.flex-row path\").click();\ncy.get(\"div.flex-row div.absolute > div > div:nth-of-type(1) > div\").click();\ncy.get(\"#email\").click();\ncy.get(\"#email\").type(\"admin@gmail.com\");\ncy.get(\"#password\").click();\ncy.get(\"#password\").type(\"admin@123\");\ncy.get(\"div.justify-center div.flex-row > button\").click();\ncy.wait(5000);\ncy.get(\"div.flex-row > div.w-full div:nth-of-type(1) > svg\").click({\n    force: true,\n});\ncy.wait(5000);\ncy.get(\"tr:nth-of-type(1) select\").select;\ncy.get(\"tr:nth-of-type(1) select\").select;\ncy.get(\"tr:nth-of-type(1) select\").select;\ncy.get(\"tr:nth-of-type(1) select\").type(\"4\");\nreturn;",
              "err": {
                "message": "AssertionError: Timed out retrying after 4000ms: Expected to find element: `tr:nth-of-type(1) select`, but never found it.",
                "estack": "AssertionError: Timed out retrying after 4000ms: Expected to find element: `tr:nth-of-type(1) select`, but never found it.\n    at Context.eval (webpack://paradise-booking-app/./cypress/e2e/updateAccountRoleSpec.cy.ts:20:0)",
                "diff": null
              },
              "uuid": "b026e503-4f43-4ef1-a9c4-aae26daeb2b5",
              "parentUUID": "bcd07287-5251-4c23-a5ed-49cfe66029c9",
              "isHook": false,
              "skipped": false
            }
          ],
          "suites": [],
          "passes": [],
          "failures": [
            "b026e503-4f43-4ef1-a9c4-aae26daeb2b5"
          ],
          "pending": [],
          "skipped": [],
          "duration": 28394,
          "root": false,
          "rootEmpty": false,
          "_timeout": 2000
        }
      ],
      "passes": [],
      "failures": [],
      "pending": [],
      "skipped": [],
      "duration": 0,
      "root": true,
      "rootEmpty": true,
      "_timeout": 2000
    }
  ],
  "meta": {
    "mocha": {
      "version": "7.0.1"
    },
    "mochawesome": {
      "options": {
        "quiet": false,
        "reportFilename": "mochawesome",
        "saveHtml": false,
        "saveJson": true,
        "consoleReporter": "spec",
        "useInlineDiffs": false,
        "code": true
      },
      "version": "7.1.3"
    },
    "marge": {
      "options": {
        "reportDir": "cypress/results",
        "overwrite": false,
        "html": false,
        "json": true
      },
      "version": "6.2.0"
    }
  }
}