{
  "stats": {
    "suites": 1,
    "tests": 2,
    "passes": 2,
    "pending": 0,
    "failures": 0,
    "start": "2024-07-03T18:23:43.970Z",
    "end": "2024-07-03T18:25:10.732Z",
    "duration": 86762,
    "testsRegistered": 2,
    "passPercent": 100,
    "pendingPercent": 0,
    "other": 0,
    "hasOther": false,
    "skipped": 0,
    "hasSkipped": false
  },
  "results": [
    {
      "uuid": "7863de50-9f87-4b5e-9715-cd71d281b241",
      "title": "",
      "fullFile": "cypress\\e2e\\removeWishlistSpec.cy.ts",
      "file": "cypress\\e2e\\removeWishlistSpec.cy.ts",
      "beforeHooks": [],
      "afterHooks": [],
      "tests": [],
      "suites": [
        {
          "uuid": "7b0b509b-b57b-4cf3-a60d-a69df52aced4",
          "title": "remove wishlist at home",
          "fullFile": "",
          "file": "",
          "beforeHooks": [],
          "afterHooks": [],
          "tests": [
            {
              "title": "tests remove wishlist at home",
              "fullTitle": "remove wishlist at home tests remove wishlist at home",
              "timedOut": null,
              "duration": 38212,
              "state": "passed",
              "speed": "slow",
              "pass": true,
              "fail": false,
              "pending": false,
              "context": null,
              "code": "cy.visit(\"http://localhost:3000/\");\ncy.wait(5000);\ncy.get(\"div.fixed > div > div > div.flex-row path\").click();\ncy.wait(5000);\ncy.get(\"div.flex-row div.absolute > div > div:nth-of-type(1) > div\").click();\ncy.wait(5000);\ncy.get(\"#email\").click();\ncy.get(\"#email\").type(\"leminhtuong09122002@gmail.com\");\ncy.get(\"#password\").click();\ncy.get(\"#password\").type(\"Mtl@091202\");\ncy.get(\"div.justify-center div.flex-row > button\").click();\ncy.wait(5000);\ncy.get(\"div.mt-0 > div:nth-of-type(1) svg.fill-white\").click({\n    force: true,\n});\ncy.get(\"div.flex-auto > div > div:nth-of-type(1) svg.bg-rose-500 > path\").click({ force: true });\ncy.get(\"button.bg-red-600\").click();\ncy.wait(5000);\nreturn;",
              "err": {},
              "uuid": "6620125e-0365-4485-acdd-9b8af773cdca",
              "parentUUID": "7b0b509b-b57b-4cf3-a60d-a69df52aced4",
              "isHook": false,
              "skipped": false
            },
            {
              "title": "tests remove wishlist at page",
              "fullTitle": "remove wishlist at home tests remove wishlist at page",
              "timedOut": null,
              "duration": 44425,
              "state": "passed",
              "speed": "slow",
              "pass": true,
              "fail": false,
              "pending": false,
              "context": null,
              "code": "cy.visit(\"http://localhost:3000/\");\ncy.wait(5000);\ncy.get(\"div.fixed > div > div > div.flex-row path\").click();\ncy.get(\"div.flex-row div.absolute > div > div:nth-of-type(1) > div\").click();\ncy.wait(5000);\ncy.get(\"#email\").click();\ncy.get(\"#email\").type(\"leminhtuong09122002@gmail.com\");\ncy.get(\"#password\").click();\ncy.get(\"#password\").type(\"Mtl@091202\");\ncy.get(\"div.justify-center div.flex-row > button\").click();\ncy.wait(5000);\ncy.visit(\"http://localhost:3000/favorites\");\ncy.get(\"div.grid > div:nth-of-type(1) div.absolute > svg\").click();\ncy.wait(2000);\ncy.get(\"button.bg-red-600\").click();\ncy.wait(5000);\nreturn;",
              "err": {},
              "uuid": "e56515db-ebd5-403e-83a0-4ca93e8c9de7",
              "parentUUID": "7b0b509b-b57b-4cf3-a60d-a69df52aced4",
              "isHook": false,
              "skipped": false
            }
          ],
          "suites": [],
          "passes": [
            "6620125e-0365-4485-acdd-9b8af773cdca",
            "e56515db-ebd5-403e-83a0-4ca93e8c9de7"
          ],
          "failures": [],
          "pending": [],
          "skipped": [],
          "duration": 82637,
          "root": false,
          "rootEmpty": false,
          "_timeout": 2000
        }
      ],
      "passes": [],
      "failures": [],
      "pending": [],
      "skipped": [],
      "duration": 0,
      "root": true,
      "rootEmpty": true,
      "_timeout": 2000
    }
  ],
  "meta": {
    "mocha": {
      "version": "7.0.1"
    },
    "mochawesome": {
      "options": {
        "quiet": false,
        "reportFilename": "mochawesome",
        "saveHtml": false,
        "saveJson": true,
        "consoleReporter": "spec",
        "useInlineDiffs": false,
        "code": true
      },
      "version": "7.1.3"
    },
    "marge": {
      "options": {
        "reportDir": "cypress/results",
        "overwrite": false,
        "html": false,
        "json": true
      },
      "version": "6.2.0"
    }
  }
}