{
  "stats": {
    "suites": 1,
    "tests": 6,
    "passes": 6,
    "pending": 0,
    "failures": 0,
    "start": "2024-07-03T18:19:01.484Z",
    "end": "2024-07-03T18:20:20.553Z",
    "duration": 79069,
    "testsRegistered": 6,
    "passPercent": 100,
    "pendingPercent": 0,
    "other": 0,
    "hasOther": false,
    "skipped": 0,
    "hasSkipped": false
  },
  "results": [
    {
      "uuid": "eae38cef-1909-486d-ac0f-7a7372edae1c",
      "title": "",
      "fullFile": "cypress\\e2e\\loginSpec.cy.ts",
      "file": "cypress\\e2e\\loginSpec.cy.ts",
      "beforeHooks": [],
      "afterHooks": [],
      "tests": [],
      "suites": [
        {
          "uuid": "f3f6f886-3160-4ad7-8f95-6cd94303d43f",
          "title": "Login Modal Test",
          "fullFile": "",
          "file": "",
          "beforeHooks": [],
          "afterHooks": [],
          "tests": [
            {
              "title": "Fills inputs, and submits",
              "fullTitle": "Login Modal Test Fills inputs, and submits",
              "timedOut": null,
              "duration": 14558,
              "state": "passed",
              "speed": "slow",
              "pass": true,
              "fail": false,
              "pending": false,
              "context": null,
              "code": "cy.get(\"input#email\").type(\"admin@gmail.com\");\ncy.get(\"input#password\").type(\"admin@123\");\ncy.contains(/tiếp tục|continue/i).click();\ncy.wait(3000);\ncy.get(\"body\").then(function ($body) {\n    if ($body.find(\".fixed.inset-0.z-40\").length > 0 ||\n        $body.find(\".Toastify\").length > 0) {\n        cy.log(\"Login failed: Modal still visible after 3 seconds\");\n    }\n});",
              "err": {},
              "uuid": "9eb0084e-a328-4899-bd75-0b70726e9577",
              "parentUUID": "f3f6f886-3160-4ad7-8f95-6cd94303d43f",
              "isHook": false,
              "skipped": false
            },
            {
              "title": "Shows error for empty email and password",
              "fullTitle": "Login Modal Test Shows error for empty email and password",
              "timedOut": null,
              "duration": 9452,
              "state": "passed",
              "speed": "medium",
              "pass": true,
              "fail": false,
              "pending": false,
              "context": null,
              "code": "cy.contains(/tiếp tục|continue/i).click();\ncy.contains(/e-mail là bắt buộc|e-mail is required/i).should(\"be.visible\");\ncy.contains(/mật khẩu là bắt buộc|password is required/i).should(\"be.visible\");",
              "err": {},
              "uuid": "5746f35a-b7f7-43c8-8f9e-742338539a7f",
              "parentUUID": "f3f6f886-3160-4ad7-8f95-6cd94303d43f",
              "isHook": false,
              "skipped": false
            },
            {
              "title": "Shows error for invalid email format",
              "fullTitle": "Login Modal Test Shows error for invalid email format",
              "timedOut": null,
              "duration": 9566,
              "state": "passed",
              "speed": "medium",
              "pass": true,
              "fail": false,
              "pending": false,
              "context": null,
              "code": "cy.get(\"input#email\").type(\"invalid-email\");\ncy.get(\"input#password\").type(\"validpassword\");\ncy.contains(/tiếp tục|continue/i).click();\ncy.contains(/e-mail không hợp lệ|e-mail is invalid/i).should(\"be.visible\");",
              "err": {},
              "uuid": "78960765-3caa-45ba-a0ef-48248bd01962",
              "parentUUID": "f3f6f886-3160-4ad7-8f95-6cd94303d43f",
              "isHook": false,
              "skipped": false
            },
            {
              "title": "Shows error for short password",
              "fullTitle": "Login Modal Test Shows error for short password",
              "timedOut": null,
              "duration": 9940,
              "state": "passed",
              "speed": "medium",
              "pass": true,
              "fail": false,
              "pending": false,
              "context": null,
              "code": "cy.get(\"input#email\").type(\"validemail@gmail.com\");\ncy.get(\"input#password\").type(\"123\");\ncy.contains(/tiếp tục|continue/i).click();\ncy.contains(/mật khẩu phải có tối thiểu 6 ký tự/i).should(\"be.visible\");",
              "err": {},
              "uuid": "577bd94d-f813-4d16-9364-2f4abbc910bc",
              "parentUUID": "f3f6f886-3160-4ad7-8f95-6cd94303d43f",
              "isHook": false,
              "skipped": false
            },
            {
              "title": "Shows error for long password",
              "fullTitle": "Login Modal Test Shows error for long password",
              "timedOut": null,
              "duration": 19770,
              "state": "passed",
              "speed": "slow",
              "pass": true,
              "fail": false,
              "pending": false,
              "context": null,
              "code": "cy.get(\"input#email\").type(\"validemail@gmail.com\");\ncy.get(\"input#password\").type(\"123Mật khẩu phải có tối thiểu 6 ký tựMật khẩu phải có tối thiểu 6 ký tựMật khẩu phải có tối thiểu 6 ký tựMật khẩu phải có tối thiểu 6 ký tựMật khẩu phải có tối thiểu 6 ký tựMật khẩu phải có tối thiểu 6 ký tựMật khẩu phải có tối thiểu 6 ký tựMật khẩu phải có tối thiểu 6 ký tựMật khẩu phải có tối thiểu 6 ký tựMật khẩu phải có tối thiểu 6 ký tựMật khẩu phải có tối thiểu 6 ký tựMật khẩu phải có tối thiểu 6 ký tựMật khẩu phải có tối thiểu 6 ký tựMật khẩu phải có tối thiểu 6 ký tựMật khẩu phải có tối thiểu 6 ký tựMật khẩu phải có tối thiểu 6 ký tựMật khẩu phải có tối thiểu 6 ký tựMật khẩu phải có tối thiểu 6 ký tựMật khẩu phải có tối thiểu 6 ký tựMật khẩu phải có tối thiểu 6 ký tựMật khẩu phải có tối thiểu 6 ký tựMật khẩu phải có tối thiểu 6 ký tựMật khẩu phải có tối thiểu 6 ký tựMật khẩu phải có tối thiểu 6 ký tựMật khẩu phải có tối thiểu 6 ký tự\");\ncy.contains(/tiếp tục|continue/i).click();\ncy.contains(/mật khẩu chỉ có tối đa 256 ký tự|password with a maximum of 256 characters/i).should(\"be.visible\");",
              "err": {},
              "uuid": "be10b90f-e82c-46ff-b406-1a21abb8200d",
              "parentUUID": "f3f6f886-3160-4ad7-8f95-6cd94303d43f",
              "isHook": false,
              "skipped": false
            },
            {
              "title": "Shows error for incorrect email or password",
              "fullTitle": "Login Modal Test Shows error for incorrect email or password",
              "timedOut": null,
              "duration": 13829,
              "state": "passed",
              "speed": "slow",
              "pass": true,
              "fail": false,
              "pending": false,
              "context": null,
              "code": "cy.get(\"input#email\").type(\"validemail@gmail.com\");\ncy.get(\"input#password\").type(\"wrongpassword\");\ncy.contains(/tiếp tục|continue/i).click();\ncy.wait(3000);\ncy.get(\"body\").then(function ($body) {\n    if ($body.find(\".fixed.inset-0.z-40\").length > 0 ||\n        $body.find(\".Toastify\").length > 0) {\n        cy.log(\"Login failed: Modal still visible after 3 seconds\");\n    }\n});",
              "err": {},
              "uuid": "c04b4fc0-5455-4023-999f-c2dfa5871af8",
              "parentUUID": "f3f6f886-3160-4ad7-8f95-6cd94303d43f",
              "isHook": false,
              "skipped": false
            }
          ],
          "suites": [],
          "passes": [
            "9eb0084e-a328-4899-bd75-0b70726e9577",
            "5746f35a-b7f7-43c8-8f9e-742338539a7f",
            "78960765-3caa-45ba-a0ef-48248bd01962",
            "577bd94d-f813-4d16-9364-2f4abbc910bc",
            "be10b90f-e82c-46ff-b406-1a21abb8200d",
            "c04b4fc0-5455-4023-999f-c2dfa5871af8"
          ],
          "failures": [],
          "pending": [],
          "skipped": [],
          "duration": 77115,
          "root": false,
          "rootEmpty": false,
          "_timeout": 2000
        }
      ],
      "passes": [],
      "failures": [],
      "pending": [],
      "skipped": [],
      "duration": 0,
      "root": true,
      "rootEmpty": true,
      "_timeout": 2000
    }
  ],
  "meta": {
    "mocha": {
      "version": "7.0.1"
    },
    "mochawesome": {
      "options": {
        "quiet": false,
        "reportFilename": "mochawesome",
        "saveHtml": false,
        "saveJson": true,
        "consoleReporter": "spec",
        "useInlineDiffs": false,
        "code": true
      },
      "version": "7.1.3"
    },
    "marge": {
      "options": {
        "reportDir": "cypress/results",
        "overwrite": false,
        "html": false,
        "json": true
      },
      "version": "6.2.0"
    }
  }
}