{
  "stats": {
    "suites": 1,
    "tests": 1,
    "passes": 0,
    "pending": 0,
    "failures": 1,
    "start": "2024-07-03T18:22:48.530Z",
    "end": "2024-07-03T18:23:42.305Z",
    "duration": 53775,
    "testsRegistered": 1,
    "passPercent": 0,
    "pendingPercent": 0,
    "other": 0,
    "hasOther": false,
    "skipped": 0,
    "hasSkipped": false
  },
  "results": [
    {
      "uuid": "84427e17-eacc-4078-990b-14ad0c8df9a6",
      "title": "",
      "fullFile": "cypress\\e2e\\removeRoomFromWishlist.cy.ts",
      "file": "cypress\\e2e\\removeRoomFromWishlist.cy.ts",
      "beforeHooks": [],
      "afterHooks": [],
      "tests": [],
      "suites": [
        {
          "uuid": "a8b25fa4-077b-4bc6-98d2-8f14aded36ff",
          "title": "remove room in wishlist",
          "fullFile": "",
          "file": "",
          "beforeHooks": [],
          "afterHooks": [],
          "tests": [
            {
              "title": "tests remove room in wishlist",
              "fullTitle": "remove room in wishlist tests remove room in wishlist",
              "timedOut": null,
              "duration": 51869,
              "state": "failed",
              "speed": null,
              "pass": false,
              "fail": true,
              "pending": false,
              "context": null,
              "code": "cy.visit(\"http://localhost:3000/\");\ncy.wait(5000);\ncy.get(\"div.fixed > div > div > div.flex-row svg\").click({\n    multiple: true,\n});\ncy.get(\"div.flex-row div.absolute > div > div:nth-of-type(1) > div\").click();\ncy.wait(5000);\ncy.get(\"#email\").click();\ncy.get(\"#email\").type(\"leminhtuong09122002@gmail.com\");\ncy.get(\"#password\").click();\ncy.get(\"#password\").type(\"Mtl@091202\");\ncy.get(\"div.justify-center div.flex-row > button\").click();\ncy.wait(5000);\ncy.visit(\"http://localhost:3000/favorites\");\ncy.wait(5000);\ncy.get(\"div.grid > div:nth-of-type(1) img\").click();\ncy.wait(5000);\ncy.get(\"div.grid > div:nth-of-type(1) button\").click();\ncy.wait(5000);\ncy.get(\"button.bg-red-600\").click();\ncy.wait(5000);\nreturn;",
              "err": {
                "message": "AssertionError: Timed out retrying after 4000ms: Expected to find element: `div.grid > div:nth-of-type(1) button`, but never found it.",
                "estack": "AssertionError: Timed out retrying after 4000ms: Expected to find element: `div.grid > div:nth-of-type(1) button`, but never found it.\n    at Context.eval (webpack://paradise-booking-app/./cypress/e2e/removeRoomFromWishlist.cy.ts:21:0)",
                "diff": null
              },
              "uuid": "ebf9a13c-2884-44cc-bfee-0f4a1fd36696",
              "parentUUID": "a8b25fa4-077b-4bc6-98d2-8f14aded36ff",
              "isHook": false,
              "skipped": false
            }
          ],
          "suites": [],
          "passes": [],
          "failures": [
            "ebf9a13c-2884-44cc-bfee-0f4a1fd36696"
          ],
          "pending": [],
          "skipped": [],
          "duration": 51869,
          "root": false,
          "rootEmpty": false,
          "_timeout": 2000
        }
      ],
      "passes": [],
      "failures": [],
      "pending": [],
      "skipped": [],
      "duration": 0,
      "root": true,
      "rootEmpty": true,
      "_timeout": 2000
    }
  ],
  "meta": {
    "mocha": {
      "version": "7.0.1"
    },
    "mochawesome": {
      "options": {
        "quiet": false,
        "reportFilename": "mochawesome",
        "saveHtml": false,
        "saveJson": true,
        "consoleReporter": "spec",
        "useInlineDiffs": false,
        "code": true
      },
      "version": "7.1.3"
    },
    "marge": {
      "options": {
        "reportDir": "cypress/results",
        "overwrite": false,
        "html": false,
        "json": true
      },
      "version": "6.2.0"
    }
  }
}